2022-06-06 16:16:55: server error Error: 测试出错
    at /Users/cengchao/Study/node-koa2-blog/routes/blog.js:15:9
    at dispatch (/Users/cengchao/Study/node-koa2-blog/node_modules/koa-compose/index.js:44:32)
    at next (/Users/cengchao/Study/node-koa2-blog/node_modules/koa-compose/index.js:45:18)
    at /Users/cengchao/Study/node-koa2-blog/node_modules/koa-router/lib/router.js:346:16
    at dispatch (/Users/cengchao/Study/node-koa2-blog/node_modules/koa-compose/index.js:44:32)
    at /Users/cengchao/Study/node-koa2-blog/node_modules/koa-compose/index.js:36:12
    at dispatch (/Users/cengchao/Study/node-koa2-blog/node_modules/koa-router/lib/router.js:351:31)
    at dispatch (/Users/cengchao/Study/node-koa2-blog/node_modules/koa/node_modules/koa-compose/index.js:42:32)
    at dispatch (/Users/cengchao/Study/node-koa2-blog/node_modules/koa-router/lib/router.js:332:32)
    at dispatch (/Users/cengchao/Study/node-koa2-blog/node_modules/koa/node_modules/koa-compose/index.js:42:32)
    at dispatch (/Users/cengchao/Study/node-koa2-blog/node_modules/koa-router/lib/router.js:332:32)
    at dispatch (/Users/cengchao/Study/node-koa2-blog/node_modules/koa/node_modules/koa-compose/index.js:42:32)
    at /Users/cengchao/Study/node-koa2-blog/node_modules/koa-generic-session/lib/session.js:280:15
    at Generator.next (<anonymous>)
    at step (/Users/cengchao/Study/node-koa2-blog/node_modules/koa-generic-session/lib/session.js:3:191)
    at /Users/cengchao/Study/node-koa2-blog/node_modules/koa-generic-session/lib/session.js:3:361 {
  request: {
    method: 'GET',
    url: '/api/blog/list',
    header: {
      host: 'localhost:9999',
      connection: 'keep-alive',
      'sec-ch-ua': '" Not A;Brand";v="99", "Chromium";v="102", "Google Chrome";v="102"',
      'sec-ch-ua-mobile': '?0',
      'sec-ch-ua-platform': '"macOS"',
      'upgrade-insecure-requests': '1',
      'user-agent': 'Mozilla/5.0 (Macintosh; Intel Mac OS X 10_15_7) AppleWebKit/537.36 (KHTML, like Gecko) Chrome/102.0.0.0 Safari/537.36',
      accept: 'text/html,application/xhtml+xml,application/xml;q=0.9,image/avif,image/webp,image/apng,*/*;q=0.8,application/signed-exchange;v=b3;q=0.9',
      'sec-fetch-site': 'none',
      'sec-fetch-mode': 'navigate',
      'sec-fetch-user': '?1',
      'sec-fetch-dest': 'document',
      'accept-encoding': 'gzip, deflate, br',
      'accept-language': 'zh-CN,zh;q=0.9,en;q=0.8'
    }
  },
  response: {
    status: 404,
    message: 'Not Found',
    header: [Object: null prototype] {}
  },
  app: { subdomainOffset: 2, proxy: false, env: 'production' },
  originalUrl: '/api/blog/list',
  req: '<original node req>',
  res: '<original node res>',
  socket: '<original node socket>'
}
Error: Packets out of order. Got: 0 Expected: 3
    at Parser._tryReadPacketHeader (/Users/cengchao/Study/node-koa2-blog/node_modules/mysql/lib/protocol/Parser.js:470:15)
    at Parser.write (/Users/cengchao/Study/node-koa2-blog/node_modules/mysql/lib/protocol/Parser.js:33:29)
    at Protocol.write (/Users/cengchao/Study/node-koa2-blog/node_modules/mysql/lib/protocol/Protocol.js:38:16)
    at Socket.<anonymous> (/Users/cengchao/Study/node-koa2-blog/node_modules/mysql/lib/Connection.js:88:28)
    at Socket.<anonymous> (/Users/cengchao/Study/node-koa2-blog/node_modules/mysql/lib/Connection.js:526:10)
    at Socket.emit (node:events:520:28)
    at addChunk (node:internal/streams/readable:315:12)
    at readableAddChunk (node:internal/streams/readable:289:9)
    at Socket.Readable.push (node:internal/streams/readable:228:10)
    at TCP.onStreamRead (node:internal/stream_base_commons:190:23)
Error: Packets out of order. Got: 0 Expected: 3
    at Parser._tryReadPacketHeader (/Users/cengchao/Study/node-koa2-blog/node_modules/mysql/lib/protocol/Parser.js:470:15)
    at Parser.write (/Users/cengchao/Study/node-koa2-blog/node_modules/mysql/lib/protocol/Parser.js:33:29)
    at Protocol.write (/Users/cengchao/Study/node-koa2-blog/node_modules/mysql/lib/protocol/Protocol.js:38:16)
    at Socket.<anonymous> (/Users/cengchao/Study/node-koa2-blog/node_modules/mysql/lib/Connection.js:88:28)
    at Socket.<anonymous> (/Users/cengchao/Study/node-koa2-blog/node_modules/mysql/lib/Connection.js:526:10)
    at Socket.emit (node:events:520:28)
    at addChunk (node:internal/streams/readable:315:12)
    at readableAddChunk (node:internal/streams/readable:289:9)
    at Socket.Readable.push (node:internal/streams/readable:228:10)
    at TCP.onStreamRead (node:internal/stream_base_commons:190:23)
2022-06-09 01:38:45: server error ClientError [ForbiddenError]: Forbidden
    at resolvePath (/Users/cengchao/Study/node-koa2-blog/node_modules/resolve-path/index.js:83:11)
    at send (/Users/cengchao/Study/node-koa2-blog/node_modules/koa-send/index.js:81:10)
    at serve (/Users/cengchao/Study/node-koa2-blog/node_modules/koa-static/index.js:44:24)
    at dispatch (/Users/cengchao/Study/node-koa2-blog/node_modules/koa/node_modules/koa-compose/index.js:42:32)
    at logger (/Users/cengchao/Study/node-koa2-blog/node_modules/koa-logger/index.js:67:13)
    at dispatch (/Users/cengchao/Study/node-koa2-blog/node_modules/koa/node_modules/koa-compose/index.js:42:32)
    at filter (/Users/cengchao/Study/node-koa2-blog/node_modules/koa-json/index.js:25:12)
    at dispatch (/Users/cengchao/Study/node-koa2-blog/node_modules/koa/node_modules/koa-compose/index.js:42:32)
    at bodyParser (/Users/cengchao/Study/node-koa2-blog/node_modules/koa-bodyparser/index.js:95:11)
    at processTicksAndRejections (node:internal/process/task_queues:96:5) {
  request: {
    method: 'GET',
    url: '/././././././../../../../../windows/win.ini',
    header: {
      host: '10.180.48.117:9999',
      'accept-charset': 'iso-8859-1,utf-8;q=0.9,*;q=0.1',
      'accept-language': 'en',
      connection: 'Keep-Alive',
      'user-agent': 'Mozilla/4.0 (compatible; MSIE 8.0; Windows NT 5.1; Trident/4.0)',
      pragma: 'no-cache',
      accept: 'image/gif, image/x-xbitmap, image/jpeg, image/pjpeg, image/png, */*'
    }
  },
  response: {
    status: 404,
    message: 'Not Found',
    header: [Object: null prototype] {}
  },
  app: { subdomainOffset: 2, proxy: false, env: 'production' },
  originalUrl: '/././././././../../../../../windows/win.ini',
  req: '<original node req>',
  res: '<original node res>',
  socket: '<original node socket>'
}
2022-06-09 01:38:45: server error ClientError [ForbiddenError]: Forbidden
    at resolvePath (/Users/cengchao/Study/node-koa2-blog/node_modules/resolve-path/index.js:83:11)
    at send (/Users/cengchao/Study/node-koa2-blog/node_modules/koa-send/index.js:81:10)
    at serve (/Users/cengchao/Study/node-koa2-blog/node_modules/koa-static/index.js:44:24)
    at dispatch (/Users/cengchao/Study/node-koa2-blog/node_modules/koa/node_modules/koa-compose/index.js:42:32)
    at logger (/Users/cengchao/Study/node-koa2-blog/node_modules/koa-logger/index.js:67:13)
    at dispatch (/Users/cengchao/Study/node-koa2-blog/node_modules/koa/node_modules/koa-compose/index.js:42:32)
    at filter (/Users/cengchao/Study/node-koa2-blog/node_modules/koa-json/index.js:25:12)
    at dispatch (/Users/cengchao/Study/node-koa2-blog/node_modules/koa/node_modules/koa-compose/index.js:42:32)
    at bodyParser (/Users/cengchao/Study/node-koa2-blog/node_modules/koa-bodyparser/index.js:95:11)
    at processTicksAndRejections (node:internal/process/task_queues:96:5) {
  request: {
    method: 'GET',
    url: '/././././././../../../../../winnt/win.ini',
    header: {
      host: '10.180.48.117:9999',
      'accept-charset': 'iso-8859-1,utf-8;q=0.9,*;q=0.1',
      'accept-language': 'en',
      connection: 'Keep-Alive',
      'user-agent': 'Mozilla/4.0 (compatible; MSIE 8.0; Windows NT 5.1; Trident/4.0)',
      pragma: 'no-cache',
      accept: 'image/gif, image/x-xbitmap, image/jpeg, image/pjpeg, image/png, */*'
    }
  },
  response: {
    status: 404,
    message: 'Not Found',
    header: [Object: null prototype] {}
  },
  app: { subdomainOffset: 2, proxy: false, env: 'production' },
  originalUrl: '/././././././../../../../../winnt/win.ini',
  req: '<original node req>',
  res: '<original node res>',
  socket: '<original node socket>'
}
2022-06-09 01:41:06: server error BadRequestError: failed to decode
    at Object.throw (/Users/cengchao/Study/node-koa2-blog/node_modules/koa/lib/context.js:97:11)
    at send (/Users/cengchao/Study/node-koa2-blog/node_modules/koa-send/index.js:76:36)
    at serve (/Users/cengchao/Study/node-koa2-blog/node_modules/koa-static/index.js:44:24)
    at dispatch (/Users/cengchao/Study/node-koa2-blog/node_modules/koa/node_modules/koa-compose/index.js:42:32)
    at logger (/Users/cengchao/Study/node-koa2-blog/node_modules/koa-logger/index.js:67:13)
    at dispatch (/Users/cengchao/Study/node-koa2-blog/node_modules/koa/node_modules/koa-compose/index.js:42:32)
    at filter (/Users/cengchao/Study/node-koa2-blog/node_modules/koa-json/index.js:25:12)
    at dispatch (/Users/cengchao/Study/node-koa2-blog/node_modules/koa/node_modules/koa-compose/index.js:42:32)
    at bodyParser (/Users/cengchao/Study/node-koa2-blog/node_modules/koa-bodyparser/index.js:95:11)
    at processTicksAndRejections (node:internal/process/task_queues:96:5) {
  request: {
    method: 'GET',
    url: '/%NETHOOD%/',
    header: {
      connection: 'Keep-Alive',
      host: '10.180.48.117',
      pragma: 'no-cache',
      'user-agent': 'Mozilla/4.0 (compatible; MSIE 8.0; Windows NT 5.1; Trident/4.0)',
      accept: 'image/gif, image/x-xbitmap, image/jpeg, image/pjpeg, image/png, */*',
      'accept-language': 'en',
      'accept-charset': 'iso-8859-1,*,utf-8'
    }
  },
  response: {
    status: 404,
    message: 'Not Found',
    header: [Object: null prototype] {}
  },
  app: { subdomainOffset: 2, proxy: false, env: 'production' },
  originalUrl: '/%NETHOOD%/',
  req: '<original node req>',
  res: '<original node res>',
  socket: '<original node socket>'
}
Error: Packets out of order. Got: 0 Expected: 3
    at Parser._tryReadPacketHeader (/Users/cengchao/Study/node-koa2-blog/node_modules/mysql/lib/protocol/Parser.js:470:15)
    at Parser.write (/Users/cengchao/Study/node-koa2-blog/node_modules/mysql/lib/protocol/Parser.js:33:29)
    at Protocol.write (/Users/cengchao/Study/node-koa2-blog/node_modules/mysql/lib/protocol/Protocol.js:38:16)
    at Socket.<anonymous> (/Users/cengchao/Study/node-koa2-blog/node_modules/mysql/lib/Connection.js:88:28)
    at Socket.<anonymous> (/Users/cengchao/Study/node-koa2-blog/node_modules/mysql/lib/Connection.js:526:10)
    at Socket.emit (node:events:520:28)
    at addChunk (node:internal/streams/readable:315:12)
    at readableAddChunk (node:internal/streams/readable:289:9)
    at Socket.Readable.push (node:internal/streams/readable:228:10)
    at TCP.onStreamRead (node:internal/stream_base_commons:190:23)
2022-06-09 01:47:30: server error ClientError [BadRequestError]: Malicious Path
    at resolvePath (/Users/cengchao/Study/node-koa2-blog/node_modules/resolve-path/index.js:78:11)
    at send (/Users/cengchao/Study/node-koa2-blog/node_modules/koa-send/index.js:81:10)
    at serve (/Users/cengchao/Study/node-koa2-blog/node_modules/koa-static/index.js:44:24)
    at dispatch (/Users/cengchao/Study/node-koa2-blog/node_modules/koa/node_modules/koa-compose/index.js:42:32)
    at logger (/Users/cengchao/Study/node-koa2-blog/node_modules/koa-logger/index.js:67:13)
    at dispatch (/Users/cengchao/Study/node-koa2-blog/node_modules/koa/node_modules/koa-compose/index.js:42:32)
    at filter (/Users/cengchao/Study/node-koa2-blog/node_modules/koa-json/index.js:25:12)
    at dispatch (/Users/cengchao/Study/node-koa2-blog/node_modules/koa/node_modules/koa-compose/index.js:42:32)
    at bodyParser (/Users/cengchao/Study/node-koa2-blog/node_modules/koa-bodyparser/index.js:95:11)
    at processTicksAndRejections (node:internal/process/task_queues:96:5) {
  request: {
    method: 'GET',
    url: '//struts/webconsole.html',
    header: {
      host: '10.180.48.117:9999',
      'accept-charset': 'iso-8859-1,utf-8;q=0.9,*;q=0.1',
      'accept-language': 'en',
      connection: 'Keep-Alive',
      'user-agent': 'Mozilla/4.0 (compatible; MSIE 8.0; Windows NT 5.1; Trident/4.0)',
      pragma: 'no-cache',
      accept: 'image/gif, image/x-xbitmap, image/jpeg, image/pjpeg, image/png, */*'
    }
  },
  response: {
    status: 404,
    message: 'Not Found',
    header: [Object: null prototype] {}
  },
  app: { subdomainOffset: 2, proxy: false, env: 'production' },
  originalUrl: '//struts/webconsole.html',
  req: '<original node req>',
  res: '<original node res>',
  socket: '<original node socket>'
}
Error: Packets out of order. Got: 0 Expected: 3
    at Parser._tryReadPacketHeader (/Users/cengchao/Study/node-koa2-blog/node_modules/mysql/lib/protocol/Parser.js:470:15)
    at Parser.write (/Users/cengchao/Study/node-koa2-blog/node_modules/mysql/lib/protocol/Parser.js:33:29)
    at Protocol.write (/Users/cengchao/Study/node-koa2-blog/node_modules/mysql/lib/protocol/Protocol.js:38:16)
    at Socket.<anonymous> (/Users/cengchao/Study/node-koa2-blog/node_modules/mysql/lib/Connection.js:88:28)
    at Socket.<anonymous> (/Users/cengchao/Study/node-koa2-blog/node_modules/mysql/lib/Connection.js:526:10)
    at Socket.emit (node:events:520:28)
    at addChunk (node:internal/streams/readable:315:12)
    at readableAddChunk (node:internal/streams/readable:289:9)
    at Socket.Readable.push (node:internal/streams/readable:228:10)
    at TCP.onStreamRead (node:internal/stream_base_commons:190:23)
Error: Packets out of order. Got: 0 Expected: 3
    at Parser._tryReadPacketHeader (/Users/cengchao/Study/node-koa2-blog/node_modules/mysql/lib/protocol/Parser.js:470:15)
    at Parser.write (/Users/cengchao/Study/node-koa2-blog/node_modules/mysql/lib/protocol/Parser.js:33:29)
    at Protocol.write (/Users/cengchao/Study/node-koa2-blog/node_modules/mysql/lib/protocol/Protocol.js:38:16)
    at Socket.<anonymous> (/Users/cengchao/Study/node-koa2-blog/node_modules/mysql/lib/Connection.js:88:28)
    at Socket.<anonymous> (/Users/cengchao/Study/node-koa2-blog/node_modules/mysql/lib/Connection.js:526:10)
    at Socket.emit (node:events:520:28)
    at addChunk (node:internal/streams/readable:315:12)
    at readableAddChunk (node:internal/streams/readable:289:9)
    at Socket.Readable.push (node:internal/streams/readable:228:10)
    at TCP.onStreamRead (node:internal/stream_base_commons:190:23)
Error: Packets out of order. Got: 0 Expected: 3
    at Parser._tryReadPacketHeader (/Users/cengchao/Study/node-koa2-blog/node_modules/mysql/lib/protocol/Parser.js:470:15)
    at Parser.write (/Users/cengchao/Study/node-koa2-blog/node_modules/mysql/lib/protocol/Parser.js:33:29)
    at Protocol.write (/Users/cengchao/Study/node-koa2-blog/node_modules/mysql/lib/protocol/Protocol.js:38:16)
    at Socket.<anonymous> (/Users/cengchao/Study/node-koa2-blog/node_modules/mysql/lib/Connection.js:88:28)
    at Socket.<anonymous> (/Users/cengchao/Study/node-koa2-blog/node_modules/mysql/lib/Connection.js:526:10)
    at Socket.emit (node:events:520:28)
    at addChunk (node:internal/streams/readable:315:12)
    at readableAddChunk (node:internal/streams/readable:289:9)
    at Socket.Readable.push (node:internal/streams/readable:228:10)
    at TCP.onStreamRead (node:internal/stream_base_commons:190:23)
Error: Packets out of order. Got: 0 Expected: 3
    at Parser._tryReadPacketHeader (/Users/cengchao/Study/node-koa2-blog/node_modules/mysql/lib/protocol/Parser.js:470:15)
    at Parser.write (/Users/cengchao/Study/node-koa2-blog/node_modules/mysql/lib/protocol/Parser.js:33:29)
    at Protocol.write (/Users/cengchao/Study/node-koa2-blog/node_modules/mysql/lib/protocol/Protocol.js:38:16)
    at Socket.<anonymous> (/Users/cengchao/Study/node-koa2-blog/node_modules/mysql/lib/Connection.js:88:28)
    at Socket.<anonymous> (/Users/cengchao/Study/node-koa2-blog/node_modules/mysql/lib/Connection.js:526:10)
    at Socket.emit (node:events:520:28)
    at addChunk (node:internal/streams/readable:315:12)
    at readableAddChunk (node:internal/streams/readable:289:9)
    at Socket.Readable.push (node:internal/streams/readable:228:10)
    at TCP.onStreamRead (node:internal/stream_base_commons:190:23)
Error: Packets out of order. Got: 0 Expected: 3
    at Parser._tryReadPacketHeader (/Users/cengchao/Study/node-koa2-blog/node_modules/mysql/lib/protocol/Parser.js:470:15)
    at Parser.write (/Users/cengchao/Study/node-koa2-blog/node_modules/mysql/lib/protocol/Parser.js:33:29)
    at Protocol.write (/Users/cengchao/Study/node-koa2-blog/node_modules/mysql/lib/protocol/Protocol.js:38:16)
    at Socket.<anonymous> (/Users/cengchao/Study/node-koa2-blog/node_modules/mysql/lib/Connection.js:88:28)
    at Socket.<anonymous> (/Users/cengchao/Study/node-koa2-blog/node_modules/mysql/lib/Connection.js:526:10)
    at Socket.emit (node:events:520:28)
    at addChunk (node:internal/streams/readable:315:12)
    at readableAddChunk (node:internal/streams/readable:289:9)
    at Socket.Readable.push (node:internal/streams/readable:228:10)
    at TCP.onStreamRead (node:internal/stream_base_commons:190:23)
