Error: Packets out of order. Got: 0 Expected: 3
    at Parser._tryReadPacketHeader (/Users/cengchao/Study/node-koa2-blog/node_modules/mysql/lib/protocol/Parser.js:470:15)
    at Parser.write (/Users/cengchao/Study/node-koa2-blog/node_modules/mysql/lib/protocol/Parser.js:33:29)
    at Protocol.write (/Users/cengchao/Study/node-koa2-blog/node_modules/mysql/lib/protocol/Protocol.js:38:16)
    at Socket.<anonymous> (/Users/cengchao/Study/node-koa2-blog/node_modules/mysql/lib/Connection.js:88:28)
    at Socket.<anonymous> (/Users/cengchao/Study/node-koa2-blog/node_modules/mysql/lib/Connection.js:526:10)
    at Socket.emit (node:events:520:28)
    at addChunk (node:internal/streams/readable:315:12)
    at readableAddChunk (node:internal/streams/readable:289:9)
    at Socket.Readable.push (node:internal/streams/readable:228:10)
    at TCP.onStreamRead (node:internal/stream_base_commons:190:23)
Error: Packets out of order. Got: 0 Expected: 3
    at Parser._tryReadPacketHeader (/Users/cengchao/Study/node-koa2-blog/node_modules/mysql/lib/protocol/Parser.js:470:15)
    at Parser.write (/Users/cengchao/Study/node-koa2-blog/node_modules/mysql/lib/protocol/Parser.js:33:29)
    at Protocol.write (/Users/cengchao/Study/node-koa2-blog/node_modules/mysql/lib/protocol/Protocol.js:38:16)
    at Socket.<anonymous> (/Users/cengchao/Study/node-koa2-blog/node_modules/mysql/lib/Connection.js:88:28)
    at Socket.<anonymous> (/Users/cengchao/Study/node-koa2-blog/node_modules/mysql/lib/Connection.js:526:10)
    at Socket.emit (node:events:520:28)
    at addChunk (node:internal/streams/readable:315:12)
    at readableAddChunk (node:internal/streams/readable:289:9)
    at Socket.Readable.push (node:internal/streams/readable:228:10)
    at TCP.onStreamRead (node:internal/stream_base_commons:190:23)
2022-06-09 01:37:54: server error ClientError [BadRequestError]: Malicious Path
    at resolvePath (/Users/cengchao/Study/node-koa2-blog/node_modules/resolve-path/index.js:78:11)
    at send (/Users/cengchao/Study/node-koa2-blog/node_modules/koa-send/index.js:81:10)
    at serve (/Users/cengchao/Study/node-koa2-blog/node_modules/koa-static/index.js:44:24)
    at dispatch (/Users/cengchao/Study/node-koa2-blog/node_modules/koa/node_modules/koa-compose/index.js:42:32)
    at logger (/Users/cengchao/Study/node-koa2-blog/node_modules/koa-logger/index.js:67:13)
    at dispatch (/Users/cengchao/Study/node-koa2-blog/node_modules/koa/node_modules/koa-compose/index.js:42:32)
    at filter (/Users/cengchao/Study/node-koa2-blog/node_modules/koa-json/index.js:25:12)
    at dispatch (/Users/cengchao/Study/node-koa2-blog/node_modules/koa/node_modules/koa-compose/index.js:42:32)
    at bodyParser (/Users/cengchao/Study/node-koa2-blog/node_modules/koa-bodyparser/index.js:95:11)
    at processTicksAndRejections (node:internal/process/task_queues:96:5) {
  request: {
    method: 'GET',
    url: '//',
    header: {
      host: '10.180.48.117:9999',
      'accept-charset': 'iso-8859-1,utf-8;q=0.9,*;q=0.1',
      'accept-language': 'en',
      connection: 'Keep-Alive',
      'user-agent': 'Mozilla/4.0 (compatible; MSIE 8.0; Windows NT 5.1; Trident/4.0)',
      pragma: 'no-cache',
      accept: 'image/gif, image/x-xbitmap, image/jpeg, image/pjpeg, image/png, */*'
    }
  },
  response: {
    status: 404,
    message: 'Not Found',
    header: [Object: null prototype] {}
  },
  app: { subdomainOffset: 2, proxy: false, env: 'production' },
  originalUrl: '//',
  req: '<original node req>',
  res: '<original node res>',
  socket: '<original node socket>'
}
2022-06-09 01:38:07: server error ClientError [BadRequestError]: Malicious Path
    at resolvePath (/Users/cengchao/Study/node-koa2-blog/node_modules/resolve-path/index.js:78:11)
    at send (/Users/cengchao/Study/node-koa2-blog/node_modules/koa-send/index.js:81:10)
    at serve (/Users/cengchao/Study/node-koa2-blog/node_modules/koa-static/index.js:44:24)
    at dispatch (/Users/cengchao/Study/node-koa2-blog/node_modules/koa/node_modules/koa-compose/index.js:42:32)
    at logger (/Users/cengchao/Study/node-koa2-blog/node_modules/koa-logger/index.js:67:13)
    at dispatch (/Users/cengchao/Study/node-koa2-blog/node_modules/koa/node_modules/koa-compose/index.js:42:32)
    at filter (/Users/cengchao/Study/node-koa2-blog/node_modules/koa-json/index.js:25:12)
    at dispatch (/Users/cengchao/Study/node-koa2-blog/node_modules/koa/node_modules/koa-compose/index.js:42:32)
    at bodyParser (/Users/cengchao/Study/node-koa2-blog/node_modules/koa-bodyparser/index.js:95:11)
    at processTicksAndRejections (node:internal/process/task_queues:96:5) {
  request: {
    method: 'GET',
    url: '//',
    header: {
      host: '10.180.48.117:9999',
      'accept-charset': 'iso-8859-1,utf-8;q=0.9,*;q=0.1',
      'accept-language': 'en',
      connection: 'Keep-Alive',
      'user-agent': 'Mozilla/4.0 (compatible; MSIE 8.0; Windows NT 5.1; Trident/4.0)',
      pragma: 'no-cache',
      accept: 'image/gif, image/x-xbitmap, image/jpeg, image/pjpeg, image/png, */*'
    }
  },
  response: {
    status: 404,
    message: 'Not Found',
    header: [Object: null prototype] {}
  },
  app: { subdomainOffset: 2, proxy: false, env: 'production' },
  originalUrl: '//',
  req: '<original node req>',
  res: '<original node res>',
  socket: '<original node socket>'
}
2022-06-09 01:38:12: server error ClientError [ForbiddenError]: Forbidden
    at resolvePath (/Users/cengchao/Study/node-koa2-blog/node_modules/resolve-path/index.js:83:11)
    at send (/Users/cengchao/Study/node-koa2-blog/node_modules/koa-send/index.js:81:10)
    at serve (/Users/cengchao/Study/node-koa2-blog/node_modules/koa-static/index.js:44:24)
    at dispatch (/Users/cengchao/Study/node-koa2-blog/node_modules/koa/node_modules/koa-compose/index.js:42:32)
    at logger (/Users/cengchao/Study/node-koa2-blog/node_modules/koa-logger/index.js:67:13)
    at dispatch (/Users/cengchao/Study/node-koa2-blog/node_modules/koa/node_modules/koa-compose/index.js:42:32)
    at filter (/Users/cengchao/Study/node-koa2-blog/node_modules/koa-json/index.js:25:12)
    at dispatch (/Users/cengchao/Study/node-koa2-blog/node_modules/koa/node_modules/koa-compose/index.js:42:32)
    at bodyParser (/Users/cengchao/Study/node-koa2-blog/node_modules/koa-bodyparser/index.js:95:11)
    at processTicksAndRejections (node:internal/process/task_queues:96:5) {
  request: {
    method: 'GET',
    url: '/servlet/com.newatlanta.servletexec.JSP10Servlet/..%5c..%5cglobal.asa',
    header: {
      connection: 'Keep-Alive',
      host: '10.180.48.117',
      pragma: 'no-cache',
      'user-agent': 'Mozilla/4.0 (compatible; MSIE 8.0; Windows NT 5.1; Trident/4.0)',
      accept: 'image/gif, image/x-xbitmap, image/jpeg, image/pjpeg, image/png, */*',
      'accept-language': 'en',
      'accept-charset': 'iso-8859-1,*,utf-8'
    }
  },
  response: {
    status: 404,
    message: 'Not Found',
    header: [Object: null prototype] {}
  },
  app: { subdomainOffset: 2, proxy: false, env: 'production' },
  originalUrl: '/servlet/com.newatlanta.servletexec.JSP10Servlet/..%5c..%5cglobal.asa',
  req: '<original node req>',
  res: '<original node res>',
  socket: '<original node socket>'
}
2022-06-09 01:38:45: server error ClientError [ForbiddenError]: Forbidden
    at resolvePath (/Users/cengchao/Study/node-koa2-blog/node_modules/resolve-path/index.js:83:11)
    at send (/Users/cengchao/Study/node-koa2-blog/node_modules/koa-send/index.js:81:10)
    at serve (/Users/cengchao/Study/node-koa2-blog/node_modules/koa-static/index.js:44:24)
    at dispatch (/Users/cengchao/Study/node-koa2-blog/node_modules/koa/node_modules/koa-compose/index.js:42:32)
    at logger (/Users/cengchao/Study/node-koa2-blog/node_modules/koa-logger/index.js:67:13)
    at dispatch (/Users/cengchao/Study/node-koa2-blog/node_modules/koa/node_modules/koa-compose/index.js:42:32)
    at filter (/Users/cengchao/Study/node-koa2-blog/node_modules/koa-json/index.js:25:12)
    at dispatch (/Users/cengchao/Study/node-koa2-blog/node_modules/koa/node_modules/koa-compose/index.js:42:32)
    at bodyParser (/Users/cengchao/Study/node-koa2-blog/node_modules/koa-bodyparser/index.js:95:11)
    at processTicksAndRejections (node:internal/process/task_queues:96:5) {
  request: {
    method: 'GET',
    url: '/..\\..\\..\\..\\..\\..\\..\\..\\..\\..\\windows\\win.ini',
    header: {
      host: '10.180.48.117:9999',
      'accept-charset': 'iso-8859-1,utf-8;q=0.9,*;q=0.1',
      'accept-language': 'en',
      connection: 'Keep-Alive',
      'user-agent': 'Mozilla/4.0 (compatible; MSIE 8.0; Windows NT 5.1; Trident/4.0)',
      pragma: 'no-cache',
      accept: 'image/gif, image/x-xbitmap, image/jpeg, image/pjpeg, image/png, */*'
    }
  },
  response: {
    status: 404,
    message: 'Not Found',
    header: [Object: null prototype] {}
  },
  app: { subdomainOffset: 2, proxy: false, env: 'production' },
  originalUrl: '/..\\..\\..\\..\\..\\..\\..\\..\\..\\..\\windows\\win.ini',
  req: '<original node req>',
  res: '<original node res>',
  socket: '<original node socket>'
}
2022-06-09 01:38:45: server error ClientError [ForbiddenError]: Forbidden
    at resolvePath (/Users/cengchao/Study/node-koa2-blog/node_modules/resolve-path/index.js:83:11)
    at send (/Users/cengchao/Study/node-koa2-blog/node_modules/koa-send/index.js:81:10)
    at serve (/Users/cengchao/Study/node-koa2-blog/node_modules/koa-static/index.js:44:24)
    at dispatch (/Users/cengchao/Study/node-koa2-blog/node_modules/koa/node_modules/koa-compose/index.js:42:32)
    at logger (/Users/cengchao/Study/node-koa2-blog/node_modules/koa-logger/index.js:67:13)
    at dispatch (/Users/cengchao/Study/node-koa2-blog/node_modules/koa/node_modules/koa-compose/index.js:42:32)
    at filter (/Users/cengchao/Study/node-koa2-blog/node_modules/koa-json/index.js:25:12)
    at dispatch (/Users/cengchao/Study/node-koa2-blog/node_modules/koa/node_modules/koa-compose/index.js:42:32)
    at bodyParser (/Users/cengchao/Study/node-koa2-blog/node_modules/koa-bodyparser/index.js:95:11)
    at processTicksAndRejections (node:internal/process/task_queues:96:5) {
  request: {
    method: 'GET',
    url: '/..\\..\\..\\..\\..\\..\\..\\..\\..\\..\\winnt\\win.ini',
    header: {
      host: '10.180.48.117:9999',
      'accept-charset': 'iso-8859-1,utf-8;q=0.9,*;q=0.1',
      'accept-language': 'en',
      connection: 'Keep-Alive',
      'user-agent': 'Mozilla/4.0 (compatible; MSIE 8.0; Windows NT 5.1; Trident/4.0)',
      pragma: 'no-cache',
      accept: 'image/gif, image/x-xbitmap, image/jpeg, image/pjpeg, image/png, */*'
    }
  },
  response: {
    status: 404,
    message: 'Not Found',
    header: [Object: null prototype] {}
  },
  app: { subdomainOffset: 2, proxy: false, env: 'production' },
  originalUrl: '/..\\..\\..\\..\\..\\..\\..\\..\\..\\..\\winnt\\win.ini',
  req: '<original node req>',
  res: '<original node res>',
  socket: '<original node socket>'
}
2022-06-09 01:38:45: server error ClientError [BadRequestError]: Malicious Path
    at resolvePath (/Users/cengchao/Study/node-koa2-blog/node_modules/resolve-path/index.js:78:11)
    at send (/Users/cengchao/Study/node-koa2-blog/node_modules/koa-send/index.js:81:10)
    at serve (/Users/cengchao/Study/node-koa2-blog/node_modules/koa-static/index.js:44:24)
    at dispatch (/Users/cengchao/Study/node-koa2-blog/node_modules/koa/node_modules/koa-compose/index.js:42:32)
    at logger (/Users/cengchao/Study/node-koa2-blog/node_modules/koa-logger/index.js:67:13)
    at dispatch (/Users/cengchao/Study/node-koa2-blog/node_modules/koa/node_modules/koa-compose/index.js:42:32)
    at filter (/Users/cengchao/Study/node-koa2-blog/node_modules/koa-json/index.js:25:12)
    at dispatch (/Users/cengchao/Study/node-koa2-blog/node_modules/koa/node_modules/koa-compose/index.js:42:32)
    at bodyParser (/Users/cengchao/Study/node-koa2-blog/node_modules/koa-bodyparser/index.js:95:11)
    at processTicksAndRejections (node:internal/process/task_queues:96:5) {
  request: {
    method: 'GET',
    url: '/%5c..%5c..%5c..%5c..%5c..%5c..%5c..%5c..%5c..%5cwindows%5cwin.ini',
    header: {
      host: '10.180.48.117:9999',
      'accept-charset': 'iso-8859-1,utf-8;q=0.9,*;q=0.1',
      'accept-language': 'en',
      connection: 'Keep-Alive',
      'user-agent': 'Mozilla/4.0 (compatible; MSIE 8.0; Windows NT 5.1; Trident/4.0)',
      pragma: 'no-cache',
      accept: 'image/gif, image/x-xbitmap, image/jpeg, image/pjpeg, image/png, */*'
    }
  },
  response: {
    status: 404,
    message: 'Not Found',
    header: [Object: null prototype] {}
  },
  app: { subdomainOffset: 2, proxy: false, env: 'production' },
  originalUrl: '/%5c..%5c..%5c..%5c..%5c..%5c..%5c..%5c..%5c..%5cwindows%5cwin.ini',
  req: '<original node req>',
  res: '<original node res>',
  socket: '<original node socket>'
}
2022-06-09 01:38:45: server error ClientError [BadRequestError]: Malicious Path
    at resolvePath (/Users/cengchao/Study/node-koa2-blog/node_modules/resolve-path/index.js:78:11)
    at send (/Users/cengchao/Study/node-koa2-blog/node_modules/koa-send/index.js:81:10)
    at serve (/Users/cengchao/Study/node-koa2-blog/node_modules/koa-static/index.js:44:24)
    at dispatch (/Users/cengchao/Study/node-koa2-blog/node_modules/koa/node_modules/koa-compose/index.js:42:32)
    at logger (/Users/cengchao/Study/node-koa2-blog/node_modules/koa-logger/index.js:67:13)
    at dispatch (/Users/cengchao/Study/node-koa2-blog/node_modules/koa/node_modules/koa-compose/index.js:42:32)
    at filter (/Users/cengchao/Study/node-koa2-blog/node_modules/koa-json/index.js:25:12)
    at dispatch (/Users/cengchao/Study/node-koa2-blog/node_modules/koa/node_modules/koa-compose/index.js:42:32)
    at bodyParser (/Users/cengchao/Study/node-koa2-blog/node_modules/koa-bodyparser/index.js:95:11)
    at processTicksAndRejections (node:internal/process/task_queues:96:5) {
  request: {
    method: 'GET',
    url: '/%5c..%5c..%5c..%5c..%5c..%5c..%5c..%5c..%5c..%5cwinnt%5cwin.ini',
    header: {
      host: '10.180.48.117:9999',
      'accept-charset': 'iso-8859-1,utf-8;q=0.9,*;q=0.1',
      'accept-language': 'en',
      connection: 'Keep-Alive',
      'user-agent': 'Mozilla/4.0 (compatible; MSIE 8.0; Windows NT 5.1; Trident/4.0)',
      pragma: 'no-cache',
      accept: 'image/gif, image/x-xbitmap, image/jpeg, image/pjpeg, image/png, */*'
    }
  },
  response: {
    status: 404,
    message: 'Not Found',
    header: [Object: null prototype] {}
  },
  app: { subdomainOffset: 2, proxy: false, env: 'production' },
  originalUrl: '/%5c..%5c..%5c..%5c..%5c..%5c..%5c..%5c..%5c..%5cwinnt%5cwin.ini',
  req: '<original node req>',
  res: '<original node res>',
  socket: '<original node socket>'
}
2022-06-09 01:38:45: server error ClientError [BadRequestError]: Malicious Path
    at resolvePath (/Users/cengchao/Study/node-koa2-blog/node_modules/resolve-path/index.js:78:11)
    at send (/Users/cengchao/Study/node-koa2-blog/node_modules/koa-send/index.js:81:10)
    at serve (/Users/cengchao/Study/node-koa2-blog/node_modules/koa-static/index.js:44:24)
    at dispatch (/Users/cengchao/Study/node-koa2-blog/node_modules/koa/node_modules/koa-compose/index.js:42:32)
    at logger (/Users/cengchao/Study/node-koa2-blog/node_modules/koa-logger/index.js:67:13)
    at dispatch (/Users/cengchao/Study/node-koa2-blog/node_modules/koa/node_modules/koa-compose/index.js:42:32)
    at filter (/Users/cengchao/Study/node-koa2-blog/node_modules/koa-json/index.js:25:12)
    at dispatch (/Users/cengchao/Study/node-koa2-blog/node_modules/koa/node_modules/koa-compose/index.js:42:32)
    at bodyParser (/Users/cengchao/Study/node-koa2-blog/node_modules/koa-bodyparser/index.js:95:11)
    at processTicksAndRejections (node:internal/process/task_queues:96:5) {
  request: {
    method: 'GET',
    url: '/%5c..%5c..%5c..%5c..%5c..%5c..%5c..%5c..%5c..%5cwindows%5cwin%2eini',
    header: {
      host: '10.180.48.117:9999',
      'accept-charset': 'iso-8859-1,utf-8;q=0.9,*;q=0.1',
      'accept-language': 'en',
      connection: 'Keep-Alive',
      'user-agent': 'Mozilla/4.0 (compatible; MSIE 8.0; Windows NT 5.1; Trident/4.0)',
      pragma: 'no-cache',
      accept: 'image/gif, image/x-xbitmap, image/jpeg, image/pjpeg, image/png, */*'
    }
  },
  response: {
    status: 404,
    message: 'Not Found',
    header: [Object: null prototype] {}
  },
  app: { subdomainOffset: 2, proxy: false, env: 'production' },
  originalUrl: '/%5c..%5c..%5c..%5c..%5c..%5c..%5c..%5c..%5c..%5cwindows%5cwin%2eini',
  req: '<original node req>',
  res: '<original node res>',
  socket: '<original node socket>'
}
2022-06-09 01:38:45: server error ClientError [BadRequestError]: Malicious Path
    at resolvePath (/Users/cengchao/Study/node-koa2-blog/node_modules/resolve-path/index.js:78:11)
    at send (/Users/cengchao/Study/node-koa2-blog/node_modules/koa-send/index.js:81:10)
    at serve (/Users/cengchao/Study/node-koa2-blog/node_modules/koa-static/index.js:44:24)
    at dispatch (/Users/cengchao/Study/node-koa2-blog/node_modules/koa/node_modules/koa-compose/index.js:42:32)
    at logger (/Users/cengchao/Study/node-koa2-blog/node_modules/koa-logger/index.js:67:13)
    at dispatch (/Users/cengchao/Study/node-koa2-blog/node_modules/koa/node_modules/koa-compose/index.js:42:32)
    at filter (/Users/cengchao/Study/node-koa2-blog/node_modules/koa-json/index.js:25:12)
    at dispatch (/Users/cengchao/Study/node-koa2-blog/node_modules/koa/node_modules/koa-compose/index.js:42:32)
    at bodyParser (/Users/cengchao/Study/node-koa2-blog/node_modules/koa-bodyparser/index.js:95:11)
    at processTicksAndRejections (node:internal/process/task_queues:96:5) {
  request: {
    method: 'GET',
    url: '/%5c..%5c..%5c..%5c..%5c..%5c..%5c..%5c..%5c..%5cwinnt%5cwin%2eini',
    header: {
      host: '10.180.48.117:9999',
      'accept-charset': 'iso-8859-1,utf-8;q=0.9,*;q=0.1',
      'accept-language': 'en',
      connection: 'Keep-Alive',
      'user-agent': 'Mozilla/4.0 (compatible; MSIE 8.0; Windows NT 5.1; Trident/4.0)',
      pragma: 'no-cache',
      accept: 'image/gif, image/x-xbitmap, image/jpeg, image/pjpeg, image/png, */*'
    }
  },
  response: {
    status: 404,
    message: 'Not Found',
    header: [Object: null prototype] {}
  },
  app: { subdomainOffset: 2, proxy: false, env: 'production' },
  originalUrl: '/%5c..%5c..%5c..%5c..%5c..%5c..%5c..%5c..%5c..%5cwinnt%5cwin%2eini',
  req: '<original node req>',
  res: '<original node res>',
  socket: '<original node socket>'
}
2022-06-09 01:38:45: server error ClientError [BadRequestError]: Malicious Path
    at resolvePath (/Users/cengchao/Study/node-koa2-blog/node_modules/resolve-path/index.js:78:11)
    at send (/Users/cengchao/Study/node-koa2-blog/node_modules/koa-send/index.js:81:10)
    at serve (/Users/cengchao/Study/node-koa2-blog/node_modules/koa-static/index.js:44:24)
    at dispatch (/Users/cengchao/Study/node-koa2-blog/node_modules/koa/node_modules/koa-compose/index.js:42:32)
    at logger (/Users/cengchao/Study/node-koa2-blog/node_modules/koa-logger/index.js:67:13)
    at dispatch (/Users/cengchao/Study/node-koa2-blog/node_modules/koa/node_modules/koa-compose/index.js:42:32)
    at filter (/Users/cengchao/Study/node-koa2-blog/node_modules/koa-json/index.js:25:12)
    at dispatch (/Users/cengchao/Study/node-koa2-blog/node_modules/koa/node_modules/koa-compose/index.js:42:32)
    at bodyParser (/Users/cengchao/Study/node-koa2-blog/node_modules/koa-bodyparser/index.js:95:11)
    at processTicksAndRejections (node:internal/process/task_queues:96:5) {
  request: {
    method: 'GET',
    url: '/%2f..%2f..%2f..%2f..%2f..%2f..%2f..%2f..%2f..%2fwindows%2fwin.ini',
    header: {
      host: '10.180.48.117:9999',
      'accept-charset': 'iso-8859-1,utf-8;q=0.9,*;q=0.1',
      'accept-language': 'en',
      connection: 'Keep-Alive',
      'user-agent': 'Mozilla/4.0 (compatible; MSIE 8.0; Windows NT 5.1; Trident/4.0)',
      pragma: 'no-cache',
      accept: 'image/gif, image/x-xbitmap, image/jpeg, image/pjpeg, image/png, */*'
    }
  },
  response: {
    status: 404,
    message: 'Not Found',
    header: [Object: null prototype] {}
  },
  app: { subdomainOffset: 2, proxy: false, env: 'production' },
  originalUrl: '/%2f..%2f..%2f..%2f..%2f..%2f..%2f..%2f..%2f..%2fwindows%2fwin.ini',
  req: '<original node req>',
  res: '<original node res>',
  socket: '<original node socket>'
}
2022-06-09 01:38:45: server error ClientError [BadRequestError]: Malicious Path
    at resolvePath (/Users/cengchao/Study/node-koa2-blog/node_modules/resolve-path/index.js:78:11)
    at send (/Users/cengchao/Study/node-koa2-blog/node_modules/koa-send/index.js:81:10)
    at serve (/Users/cengchao/Study/node-koa2-blog/node_modules/koa-static/index.js:44:24)
    at dispatch (/Users/cengchao/Study/node-koa2-blog/node_modules/koa/node_modules/koa-compose/index.js:42:32)
    at logger (/Users/cengchao/Study/node-koa2-blog/node_modules/koa-logger/index.js:67:13)
    at dispatch (/Users/cengchao/Study/node-koa2-blog/node_modules/koa/node_modules/koa-compose/index.js:42:32)
    at filter (/Users/cengchao/Study/node-koa2-blog/node_modules/koa-json/index.js:25:12)
    at dispatch (/Users/cengchao/Study/node-koa2-blog/node_modules/koa/node_modules/koa-compose/index.js:42:32)
    at bodyParser (/Users/cengchao/Study/node-koa2-blog/node_modules/koa-bodyparser/index.js:95:11)
    at processTicksAndRejections (node:internal/process/task_queues:96:5) {
  request: {
    method: 'GET',
    url: '/%2f..%2f..%2f..%2f..%2f..%2f..%2f..%2f..%2f..%2fwinnt%2fwin.ini',
    header: {
      host: '10.180.48.117:9999',
      'accept-charset': 'iso-8859-1,utf-8;q=0.9,*;q=0.1',
      'accept-language': 'en',
      connection: 'Keep-Alive',
      'user-agent': 'Mozilla/4.0 (compatible; MSIE 8.0; Windows NT 5.1; Trident/4.0)',
      pragma: 'no-cache',
      accept: 'image/gif, image/x-xbitmap, image/jpeg, image/pjpeg, image/png, */*'
    }
  },
  response: {
    status: 404,
    message: 'Not Found',
    header: [Object: null prototype] {}
  },
  app: { subdomainOffset: 2, proxy: false, env: 'production' },
  originalUrl: '/%2f..%2f..%2f..%2f..%2f..%2f..%2f..%2f..%2f..%2fwinnt%2fwin.ini',
  req: '<original node req>',
  res: '<original node res>',
  socket: '<original node socket>'
}
Error: Packets out of order. Got: 0 Expected: 3
    at Parser._tryReadPacketHeader (/Users/cengchao/Study/node-koa2-blog/node_modules/mysql/lib/protocol/Parser.js:470:15)
    at Parser.write (/Users/cengchao/Study/node-koa2-blog/node_modules/mysql/lib/protocol/Parser.js:33:29)
    at Protocol.write (/Users/cengchao/Study/node-koa2-blog/node_modules/mysql/lib/protocol/Protocol.js:38:16)
    at Socket.<anonymous> (/Users/cengchao/Study/node-koa2-blog/node_modules/mysql/lib/Connection.js:88:28)
    at Socket.<anonymous> (/Users/cengchao/Study/node-koa2-blog/node_modules/mysql/lib/Connection.js:526:10)
    at Socket.emit (node:events:520:28)
    at addChunk (node:internal/streams/readable:315:12)
    at readableAddChunk (node:internal/streams/readable:289:9)
    at Socket.Readable.push (node:internal/streams/readable:228:10)
    at TCP.onStreamRead (node:internal/stream_base_commons:190:23)
Error: Packets out of order. Got: 0 Expected: 3
    at Parser._tryReadPacketHeader (/Users/cengchao/Study/node-koa2-blog/node_modules/mysql/lib/protocol/Parser.js:470:15)
    at Parser.write (/Users/cengchao/Study/node-koa2-blog/node_modules/mysql/lib/protocol/Parser.js:33:29)
    at Protocol.write (/Users/cengchao/Study/node-koa2-blog/node_modules/mysql/lib/protocol/Protocol.js:38:16)
    at Socket.<anonymous> (/Users/cengchao/Study/node-koa2-blog/node_modules/mysql/lib/Connection.js:88:28)
    at Socket.<anonymous> (/Users/cengchao/Study/node-koa2-blog/node_modules/mysql/lib/Connection.js:526:10)
    at Socket.emit (node:events:520:28)
    at addChunk (node:internal/streams/readable:315:12)
    at readableAddChunk (node:internal/streams/readable:289:9)
    at Socket.Readable.push (node:internal/streams/readable:228:10)
    at TCP.onStreamRead (node:internal/stream_base_commons:190:23)
Error: Packets out of order. Got: 0 Expected: 3
    at Parser._tryReadPacketHeader (/Users/cengchao/Study/node-koa2-blog/node_modules/mysql/lib/protocol/Parser.js:470:15)
    at Parser.write (/Users/cengchao/Study/node-koa2-blog/node_modules/mysql/lib/protocol/Parser.js:33:29)
    at Protocol.write (/Users/cengchao/Study/node-koa2-blog/node_modules/mysql/lib/protocol/Protocol.js:38:16)
    at Socket.<anonymous> (/Users/cengchao/Study/node-koa2-blog/node_modules/mysql/lib/Connection.js:88:28)
    at Socket.<anonymous> (/Users/cengchao/Study/node-koa2-blog/node_modules/mysql/lib/Connection.js:526:10)
    at Socket.emit (node:events:520:28)
    at addChunk (node:internal/streams/readable:315:12)
    at readableAddChunk (node:internal/streams/readable:289:9)
    at Socket.Readable.push (node:internal/streams/readable:228:10)
    at TCP.onStreamRead (node:internal/stream_base_commons:190:23)
Error: Packets out of order. Got: 0 Expected: 3
    at Parser._tryReadPacketHeader (/Users/cengchao/Study/node-koa2-blog/node_modules/mysql/lib/protocol/Parser.js:470:15)
    at Parser.write (/Users/cengchao/Study/node-koa2-blog/node_modules/mysql/lib/protocol/Parser.js:33:29)
    at Protocol.write (/Users/cengchao/Study/node-koa2-blog/node_modules/mysql/lib/protocol/Protocol.js:38:16)
    at Socket.<anonymous> (/Users/cengchao/Study/node-koa2-blog/node_modules/mysql/lib/Connection.js:88:28)
    at Socket.<anonymous> (/Users/cengchao/Study/node-koa2-blog/node_modules/mysql/lib/Connection.js:526:10)
    at Socket.emit (node:events:520:28)
    at addChunk (node:internal/streams/readable:315:12)
    at readableAddChunk (node:internal/streams/readable:289:9)
    at Socket.Readable.push (node:internal/streams/readable:228:10)
    at TCP.onStreamRead (node:internal/stream_base_commons:190:23)
Error: Packets out of order. Got: 0 Expected: 3
    at Parser._tryReadPacketHeader (/Users/cengchao/Study/node-koa2-blog/node_modules/mysql/lib/protocol/Parser.js:470:15)
    at Parser.write (/Users/cengchao/Study/node-koa2-blog/node_modules/mysql/lib/protocol/Parser.js:33:29)
    at Protocol.write (/Users/cengchao/Study/node-koa2-blog/node_modules/mysql/lib/protocol/Protocol.js:38:16)
    at Socket.<anonymous> (/Users/cengchao/Study/node-koa2-blog/node_modules/mysql/lib/Connection.js:88:28)
    at Socket.<anonymous> (/Users/cengchao/Study/node-koa2-blog/node_modules/mysql/lib/Connection.js:526:10)
    at Socket.emit (node:events:520:28)
    at addChunk (node:internal/streams/readable:315:12)
    at readableAddChunk (node:internal/streams/readable:289:9)
    at Socket.Readable.push (node:internal/streams/readable:228:10)
    at TCP.onStreamRead (node:internal/stream_base_commons:190:23)
Error: Packets out of order. Got: 0 Expected: 3
    at Parser._tryReadPacketHeader (/Users/cengchao/Study/node-koa2-blog/node_modules/mysql/lib/protocol/Parser.js:470:15)
    at Parser.write (/Users/cengchao/Study/node-koa2-blog/node_modules/mysql/lib/protocol/Parser.js:33:29)
    at Protocol.write (/Users/cengchao/Study/node-koa2-blog/node_modules/mysql/lib/protocol/Protocol.js:38:16)
    at Socket.<anonymous> (/Users/cengchao/Study/node-koa2-blog/node_modules/mysql/lib/Connection.js:88:28)
    at Socket.<anonymous> (/Users/cengchao/Study/node-koa2-blog/node_modules/mysql/lib/Connection.js:526:10)
    at Socket.emit (node:events:520:28)
    at addChunk (node:internal/streams/readable:315:12)
    at readableAddChunk (node:internal/streams/readable:289:9)
    at Socket.Readable.push (node:internal/streams/readable:228:10)
    at TCP.onStreamRead (node:internal/stream_base_commons:190:23)
