2022-06-06 16:14:17: chrome 占比 0%
2022-06-06 16:14:24: chrome 占比 0%
2022-06-06 16:14:26: chrome 占比 0%
2022-06-06 16:14:57: chrome 占比 0%
2022-06-06 16:15:04: chrome 占比 0%
2022-06-06 18:18:21: chrome 占比 0%
2022-06-06 18:18:31: chrome 占比 0%
2022-06-06 18:18:42: chrome 占比 0%
2022-06-06 18:18:45: chrome 占比 0%
2022-06-06 18:19:41: chrome 占比 0%
2022-06-06 18:20:05: chrome 占比 0%
2022-06-06 18:21:00: chrome 占比 0%
2022-06-06 18:21:05: chrome 占比 0%
2022-06-07 16:07:16: chrome 占比 0%
2022-06-08 14:07:48: chrome 占比 0%
2022-06-08 17:46:02: chrome 占比 0%
2022-06-09 01:37:49:   <-- GET /properties/configuration.php?tab=Status
2022-06-09 01:37:49: GET /properties/configuration.php?tab=Status - 8ms
2022-06-09 01:37:49:   --> GET /properties/configuration.php?tab=Status 404 28ms -
2022-06-09 01:37:51:   <-- GET /
2022-06-09 01:37:52: GET / - 488ms
2022-06-09 01:37:52:   --> GET / 200 491ms 185b
2022-06-09 01:37:52:   <-- GET /scgi-bin/platform.cgi
2022-06-09 01:37:52: GET /scgi-bin/platform.cgi - 1ms
2022-06-09 01:37:52:   --> GET /scgi-bin/platform.cgi 404 2ms -
2022-06-09 01:37:52:   <-- GET /sws/data/sws_data.js
2022-06-09 01:37:52: GET /sws/data/sws_data.js - 0ms
2022-06-09 01:37:52:   --> GET /sws/data/sws_data.js 404 2ms -
2022-06-09 01:37:53:   <-- GET /Home.do
2022-06-09 01:37:53: GET /Home.do - 0ms
2022-06-09 01:37:53:   --> GET /Home.do 404 1ms -
2022-06-09 01:37:54:   <-- GET //
2022-06-09 01:37:54:   xxx GET // 400 1ms -
2022-06-09 01:37:55:   <-- GET /
2022-06-09 01:37:55: GET / - 14ms
2022-06-09 01:37:55:   --> GET / 200 15ms 185b
2022-06-09 01:37:56:   <-- GET /sitemap.xml
2022-06-09 01:37:56: GET /sitemap.xml - 0ms
2022-06-09 01:37:56:   --> GET /sitemap.xml 404 2ms -
2022-06-09 01:37:57:   <-- OPTIONS /
2022-06-09 01:37:57: OPTIONS / - 1ms
2022-06-09 01:37:57:   --> OPTIONS / 404 2ms -
2022-06-09 01:38:01:   <-- GET /
2022-06-09 01:38:01: GET / - 8ms
2022-06-09 01:38:01:   --> GET / 200 10ms 185b
2022-06-09 01:38:02:   <-- GET /
2022-06-09 01:38:02: GET / - 15ms
2022-06-09 01:38:02:   --> GET / 200 17ms 185b
2022-06-09 01:38:03:   <-- GET /
2022-06-09 01:38:03: GET / - 7ms
2022-06-09 01:38:03:   --> GET / 200 9ms 185b
2022-06-09 01:38:03:   <-- GET /snoopservlet/
2022-06-09 01:38:03: GET /snoopservlet/ - 1ms
2022-06-09 01:38:03:   --> GET /snoopservlet/ 404 1ms -
2022-06-09 01:38:03:   <-- GET /active.log
2022-06-09 01:38:03: GET /active.log - 1ms
2022-06-09 01:38:03:   --> GET /active.log 404 1ms -
2022-06-09 01:38:04:   <-- GET /
2022-06-09 01:38:04: GET / - 16ms
2022-06-09 01:38:04:   --> GET / 200 18ms 185b
2022-06-09 01:38:05:   <-- GET /qip
2022-06-09 01:38:05: GET /qip - 0ms
2022-06-09 01:38:05:   --> GET /qip 404 2ms -
2022-06-09 01:38:05:   <-- GET /
2022-06-09 01:38:05: GET / - 7ms
2022-06-09 01:38:05:   --> GET / 200 7ms 185b
2022-06-09 01:38:06:   <-- GET /
2022-06-09 01:38:06: GET / - 7ms
2022-06-09 01:38:06:   --> GET / 200 8ms 185b
2022-06-09 01:38:06:   <-- POST /
2022-06-09 01:38:06: POST / - 0ms
2022-06-09 01:38:06:   --> POST / 404 1ms -
2022-06-09 01:38:07:   <-- GET //
2022-06-09 01:38:07:   xxx GET // 400 0ms -
2022-06-09 01:38:07:   <-- GET /
2022-06-09 01:38:07: GET / - 7ms
2022-06-09 01:38:07:   --> GET / 200 9ms 185b
2022-06-09 01:38:07:   <-- GET /
2022-06-09 01:38:07: GET / - 8ms
2022-06-09 01:38:07:   --> GET / 200 8ms 185b
2022-06-09 01:38:08:   <-- GET /
2022-06-09 01:38:08: GET / - 7ms
2022-06-09 01:38:08:   --> GET / 200 8ms 185b
2022-06-09 01:38:09:   <-- GET /idm/login.jsp?lang=en&cntry=
2022-06-09 01:38:09: GET /idm/login.jsp?lang=en&cntry= - 0ms
2022-06-09 01:38:09:   --> GET /idm/login.jsp?lang=en&cntry= 404 1ms -
2022-06-09 01:38:09:   <-- GET /
2022-06-09 01:38:09: GET / - 7ms
2022-06-09 01:38:09:   --> GET / 200 8ms 185b
2022-06-09 01:38:10:   <-- GET /api/sonicos/is-sslvpn-enabled
2022-06-09 01:38:10: GET /api/sonicos/is-sslvpn-enabled - 1ms
2022-06-09 01:38:10:   --> GET /api/sonicos/is-sslvpn-enabled 404 2ms -
2022-06-09 01:38:10:   <-- GET /
2022-06-09 01:38:10: GET / - 5ms
2022-06-09 01:38:10:   --> GET / 200 6ms 185b
2022-06-09 01:38:11:   <-- GET /Orion/Login.asp
2022-06-09 01:38:11: GET /Orion/Login.asp - 0ms
2022-06-09 01:38:11:   --> GET /Orion/Login.asp 404 1ms -
2022-06-09 01:38:12:   <-- GET /SilverStream/Meta/Tables/?access-mode=text
2022-06-09 01:38:12: GET /SilverStream/Meta/Tables/?access-mode=text - 0ms
2022-06-09 01:38:12:   --> GET /SilverStream/Meta/Tables/?access-mode=text 404 1ms -
2022-06-09 01:38:12:   <-- GET /servlet/com.newatlanta.servletexec.JSP10Servlet/..%5c..%5cglobal.asa
2022-06-09 01:38:12:   xxx GET /servlet/com.newatlanta.servletexec.JSP10Servlet/..%5c..%5cglobal.asa 403 1ms -
2022-06-09 01:38:13:   <-- GET /home.htm
2022-06-09 01:38:13: GET /home.htm - 0ms
2022-06-09 01:38:13:   --> GET /home.htm 404 2ms -
2022-06-09 01:38:15:   <-- GET /
2022-06-09 01:38:15: GET / - 6ms
2022-06-09 01:38:15:   --> GET / 200 7ms 185b
2022-06-09 01:38:16:   <-- GET /main/web/status/
2022-06-09 01:38:16: GET /main/web/status/ - 1ms
2022-06-09 01:38:16:   --> GET /main/web/status/ 404 3ms -
2022-06-09 01:38:18:   <-- POST /sawmill6cl.exe
2022-06-09 01:38:18: POST /sawmill6cl.exe - 2ms
2022-06-09 01:38:18:   --> POST /sawmill6cl.exe 404 3ms -
2022-06-09 01:38:19:   <-- GET /sapmc/sapmc.html
2022-06-09 01:38:19: GET /sapmc/sapmc.html - 0ms
2022-06-09 01:38:19:   --> GET /sapmc/sapmc.html 404 2ms -
2022-06-09 01:38:20:   <-- GET /
2022-06-09 01:38:20: GET / - 5ms
2022-06-09 01:38:20:   --> GET / 200 7ms 185b
2022-06-09 01:38:21:   <-- GET /cgi-bin/authLogin.cgi
2022-06-09 01:38:21: GET /cgi-bin/authLogin.cgi - 1ms
2022-06-09 01:38:21:   --> GET /cgi-bin/authLogin.cgi 404 3ms -
2022-06-09 01:38:24:   <-- GET /
2022-06-09 01:38:24: GET / - 5ms
2022-06-09 01:38:24:   --> GET / 200 5ms 185b
2022-06-09 01:38:25:   <-- GET /
2022-06-09 01:38:25: GET / - 7ms
2022-06-09 01:38:25:   --> GET / 200 9ms 185b
2022-06-09 01:38:27:   <-- GET /
2022-06-09 01:38:27: GET / - 5ms
2022-06-09 01:38:27:   --> GET / 200 7ms 185b
2022-06-09 01:38:28:   <-- GET /av/api/1.0/system/local/tasks
2022-06-09 01:38:28: GET /av/api/1.0/system/local/tasks - 0ms
2022-06-09 01:38:28:   --> GET /av/api/1.0/system/local/tasks 404 3ms -
2022-06-09 01:38:29:   <-- GET /idc/idcplg?IdcService=GET_ENVIRONMENT&IsJson=1
2022-06-09 01:38:29: GET /idc/idcplg?IdcService=GET_ENVIRONMENT&IsJson=1 - 0ms
2022-06-09 01:38:29:   --> GET /idc/idcplg?IdcService=GET_ENVIRONMENT&IsJson=1 404 2ms -
2022-06-09 01:38:31:   <-- GET /
2022-06-09 01:38:31: GET / - 5ms
2022-06-09 01:38:31:   --> GET / 200 6ms 185b
2022-06-09 01:38:34:   <-- GET /portal/pls/portal/DEV1_PORTAL_DEMO.ORG_CHART.SHOW
2022-06-09 01:38:34: GET /portal/pls/portal/DEV1_PORTAL_DEMO.ORG_CHART.SHOW - 1ms
2022-06-09 01:38:34:   --> GET /portal/pls/portal/DEV1_PORTAL_DEMO.ORG_CHART.SHOW 404 2ms -
2022-06-09 01:38:35:   <-- GET /portal/pls/portal/DEV9_PORTAL_DEMO.ORG_CHART.SHOW
2022-06-09 01:38:35: GET /portal/pls/portal/DEV9_PORTAL_DEMO.ORG_CHART.SHOW - 1ms
2022-06-09 01:38:35:   --> GET /portal/pls/portal/DEV9_PORTAL_DEMO.ORG_CHART.SHOW 404 1ms -
2022-06-09 01:38:35:   <-- GET /pls/portal/DEV6_PORTAL_DEMO.ORG_CHART.SHOW
2022-06-09 01:38:35: GET /pls/portal/DEV6_PORTAL_DEMO.ORG_CHART.SHOW - 0ms
2022-06-09 01:38:35:   --> GET /pls/portal/DEV6_PORTAL_DEMO.ORG_CHART.SHOW 404 2ms -
2022-06-09 01:38:36:   <-- GET /
2022-06-09 01:38:36: GET / - 5ms
2022-06-09 01:38:36:   --> GET / 200 8ms 185b
2022-06-09 01:38:38:   <-- GET /apex/listenerConfigure
2022-06-09 01:38:38: GET /apex/listenerConfigure - 1ms
2022-06-09 01:38:38:   --> GET /apex/listenerConfigure 404 1ms -
2022-06-09 01:38:39:   <-- GET /
2022-06-09 01:38:39: GET / - 5ms
2022-06-09 01:38:39:   --> GET / 200 6ms 185b
2022-06-09 01:38:43:   <-- GET /
2022-06-09 01:38:43: GET / - 6ms
2022-06-09 01:38:43:   --> GET / 200 7ms 185b
2022-06-09 01:38:45:   <-- GET /..\..\..\..\..\..\..\..\..\..\windows\win.ini
2022-06-09 01:38:45:   xxx GET /..\..\..\..\..\..\..\..\..\..\windows\win.ini 403 0ms -
2022-06-09 01:38:45:   <-- GET /..\..\..\..\..\..\..\..\..\..\winnt\win.ini
2022-06-09 01:38:45:   xxx GET /..\..\..\..\..\..\..\..\..\..\winnt\win.ini 403 0ms -
2022-06-09 01:38:45:   <-- GET /%5c..%5c..%5c..%5c..%5c..%5c..%5c..%5c..%5c..%5cwindows%5cwin.ini
2022-06-09 01:38:45:   xxx GET /%5c..%5c..%5c..%5c..%5c..%5c..%5c..%5c..%5c..%5cwindows%5cwin.ini 400 1ms -
2022-06-09 01:38:45:   <-- GET /%5c..%5c..%5c..%5c..%5c..%5c..%5c..%5c..%5c..%5cwinnt%5cwin.ini
2022-06-09 01:38:45:   xxx GET /%5c..%5c..%5c..%5c..%5c..%5c..%5c..%5c..%5c..%5cwinnt%5cwin.ini 400 1ms -
2022-06-09 01:38:45:   <-- GET /%5c..%5c..%5c..%5c..%5c..%5c..%5c..%5c..%5c..%5cwindows%5cwin%2eini
2022-06-09 01:38:45:   xxx GET /%5c..%5c..%5c..%5c..%5c..%5c..%5c..%5c..%5c..%5cwindows%5cwin%2eini 400 0ms -
2022-06-09 01:38:45:   <-- GET /%5c..%5c..%5c..%5c..%5c..%5c..%5c..%5c..%5c..%5cwinnt%5cwin%2eini
2022-06-09 01:38:45:   xxx GET /%5c..%5c..%5c..%5c..%5c..%5c..%5c..%5c..%5c..%5cwinnt%5cwin%2eini 400 0ms -
2022-06-09 01:38:45:   <-- GET /%2f..%2f..%2f..%2f..%2f..%2f..%2f..%2f..%2f..%2fwindows%2fwin.ini
2022-06-09 01:38:45:   xxx GET /%2f..%2f..%2f..%2f..%2f..%2f..%2f..%2f..%2f..%2fwindows%2fwin.ini 400 1ms -
2022-06-09 01:38:45:   <-- GET /%2f..%2f..%2f..%2f..%2f..%2f..%2f..%2f..%2f..%2fwinnt%2fwin.ini
2022-06-09 01:38:45:   xxx GET /%2f..%2f..%2f..%2f..%2f..%2f..%2f..%2f..%2f..%2fwinnt%2fwin.ini 400 1ms -
2022-06-09 01:38:45:   <-- GET /.|./.|./.|./.|./.|./.|./.|./.|./.|./.|./.|./windows/win.ini
2022-06-09 01:38:45: GET /.|./.|./.|./.|./.|./.|./.|./.|./.|./.|./.|./windows/win.ini - 0ms
2022-06-09 01:38:45:   --> GET /.|./.|./.|./.|./.|./.|./.|./.|./.|./.|./.|./windows/win.ini 404 1ms -
2022-06-09 01:38:45:   <-- GET /..../..../..../..../..../..../..../..../..../windows/win.ini
2022-06-09 01:38:45: GET /..../..../..../..../..../..../..../..../..../windows/win.ini - 0ms
2022-06-09 01:38:45:   --> GET /..../..../..../..../..../..../..../..../..../windows/win.ini 404 1ms -
2022-06-09 01:38:46:   <-- GET /scripts/fake.cgi?arg=/dir/../../../../../../../../../../../winnt/win.ini
2022-06-09 01:38:46: GET /scripts/fake.cgi?arg=/dir/../../../../../../../../../../../winnt/win.ini - 1ms
2022-06-09 01:38:46:   --> GET /scripts/fake.cgi?arg=/dir/../../../../../../../../../../../winnt/win.ini 404 1ms -
2022-06-09 01:38:49:   <-- GET /
2022-06-09 01:38:49: GET / - 6ms
2022-06-09 01:38:49:   --> GET / 200 7ms 185b
2022-06-09 01:38:50:   <-- GET /help/contents.htm
2022-06-09 01:38:50: GET /help/contents.htm - 0ms
2022-06-09 01:38:50:   --> GET /help/contents.htm 404 1ms -
2022-06-09 01:38:50:   <-- GET /manual/ag/contents.htm
2022-06-09 01:38:50: GET /manual/ag/contents.htm - 0ms
2022-06-09 01:38:50:   --> GET /manual/ag/contents.htm 404 1ms -
2022-06-09 01:38:51:   <-- GET /
2022-06-09 01:38:51: GET / - 6ms
2022-06-09 01:38:51:   --> GET / 200 6ms 185b
2022-06-09 01:38:53:   <-- GET /
2022-06-09 01:38:53: GET / - 9ms
2022-06-09 01:38:53:   --> GET / 200 10ms 185b
2022-06-09 01:38:55:   <-- GET /
2022-06-09 01:38:55: GET / - 8ms
2022-06-09 01:38:55:   --> GET / 200 9ms 185b
2022-06-09 01:38:56:   <-- GET /admin/
2022-06-09 01:38:56: GET /admin/ - 1ms
2022-06-09 01:38:56:   --> GET /admin/ 404 1ms -
2022-06-09 01:38:56:   <-- GET /core/orionSplashScreen.do
2022-06-09 01:38:56: GET /core/orionSplashScreen.do - 1ms
2022-06-09 01:38:56:   --> GET /core/orionSplashScreen.do 404 1ms -
2022-06-09 01:38:57:   <-- GET /login.html
2022-06-09 01:38:57: GET /login.html - 0ms
2022-06-09 01:38:57:   --> GET /login.html 404 2ms -
2022-06-09 01:38:59:   <-- GET /LoginPage.do
2022-06-09 01:38:59: GET /LoginPage.do - 0ms
2022-06-09 01:38:59:   --> GET /LoginPage.do 404 1ms -
2022-06-09 01:38:59:   <-- POST /servlet/GetProductVersion
2022-06-09 01:38:59: POST /servlet/GetProductVersion - 2ms
2022-06-09 01:38:59:   --> POST /servlet/GetProductVersion 404 2ms -
2022-06-09 01:39:00:   <-- GET /
2022-06-09 01:39:00: GET / - 6ms
2022-06-09 01:39:00:   --> GET / 200 6ms 185b
2022-06-09 01:39:00:   <-- GET /
2022-06-09 01:39:00: GET / - 8ms
2022-06-09 01:39:00:   --> GET / 200 9ms 185b
2022-06-09 01:39:01:   <-- GET /HNAP1/
2022-06-09 01:39:01: GET /HNAP1/ - 0ms
2022-06-09 01:39:01:   --> GET /HNAP1/ 404 1ms -
2022-06-09 01:39:02:   <-- GET /api/v1.0/environment
2022-06-09 01:39:02: GET /api/v1.0/environment - 1ms
2022-06-09 01:39:02:   --> GET /api/v1.0/environment 404 2ms -
2022-06-09 01:39:03:   <-- GET /./WEB-INF/
2022-06-09 01:39:03: GET /./WEB-INF/ - 0ms
2022-06-09 01:39:03:   --> GET /./WEB-INF/ 404 2ms -
2022-06-09 01:39:05:   <-- GET /
2022-06-09 01:39:05: GET / - 5ms
2022-06-09 01:39:05:   --> GET / 200 6ms 185b
2022-06-09 01:39:06:   <-- GET /
2022-06-09 01:39:06: GET / - 6ms
2022-06-09 01:39:06:   --> GET / 200 8ms 185b
2022-06-09 01:39:07:   <-- GET /iissamples/exair/search/search.idq
2022-06-09 01:39:07: GET /iissamples/exair/search/search.idq - 0ms
2022-06-09 01:39:07:   --> GET /iissamples/exair/search/search.idq 404 3ms -
2022-06-09 01:39:08:   <-- GET /scripts/samples/search/queryhit.idq
2022-06-09 01:39:08: GET /scripts/samples/search/queryhit.idq - 0ms
2022-06-09 01:39:08:   --> GET /scripts/samples/search/queryhit.idq 404 1ms -
2022-06-09 01:39:09:   <-- GET /iisadmpwd/aexp2b.htr
2022-06-09 01:39:09: GET /iisadmpwd/aexp2b.htr - 0ms
2022-06-09 01:39:09:   --> GET /iisadmpwd/aexp2b.htr 404 2ms -
2022-06-09 01:39:10:   <-- GET /
2022-06-09 01:39:10: GET / - 4ms
2022-06-09 01:39:10:   --> GET / 200 5ms 185b
2022-06-09 01:39:11:   <-- GET /login
2022-06-09 01:39:11: GET /login - 1ms
2022-06-09 01:39:11:   --> GET /login 404 1ms -
2022-06-09 01:39:12:   <-- GET /ssp//
2022-06-09 01:39:12: GET /ssp// - 0ms
2022-06-09 01:39:12:   --> GET /ssp// 404 2ms -
2022-06-09 01:39:13:   <-- GET /
2022-06-09 01:39:13: GET / - 5ms
2022-06-09 01:39:13:   --> GET / 200 8ms 185b
2022-06-09 01:39:14:   <-- GET /shared/userlogin.php
2022-06-09 01:39:14: GET /shared/userlogin.php - 1ms
2022-06-09 01:39:14:   --> GET /shared/userlogin.php 404 3ms -
2022-06-09 01:39:49:   <-- GET /
2022-06-09 01:39:49: GET / - 5ms
2022-06-09 01:39:49:   --> GET / 200 6ms 185b
2022-06-09 01:39:50:   <-- GET /js/hpsum/hpsum-version.js
2022-06-09 01:39:50: GET /js/hpsum/hpsum-version.js - 0ms
2022-06-09 01:39:50:   --> GET /js/hpsum/hpsum-version.js 404 1ms -
2022-06-09 01:39:52:   <-- GET /
2022-06-09 01:39:52: GET / - 3ms
2022-06-09 01:39:52:   --> GET / 200 4ms 185b
2022-06-09 01:39:53:   <-- GET /
2022-06-09 01:39:53: GET / - 4ms
2022-06-09 01:39:53:   --> GET / 200 4ms 185b
2022-06-09 01:39:54:   <-- GET /
2022-06-09 01:39:54: GET / - 3ms
2022-06-09 01:39:54:   --> GET / 200 4ms 185b
2022-06-09 01:39:55:   <-- GET /
2022-06-09 01:39:55: GET / - 3ms
2022-06-09 01:39:55:   --> GET / 200 3ms 185b
2022-06-09 01:39:57:   <-- GET /_vti_bin/shtml.dll/_vti_rpc
2022-06-09 01:39:57: GET /_vti_bin/shtml.dll/_vti_rpc - 0ms
2022-06-09 01:39:57:   --> GET /_vti_bin/shtml.dll/_vti_rpc 404 0ms -
2022-06-09 01:39:58:   <-- GET /
2022-06-09 01:39:58: GET / - 5ms
2022-06-09 01:39:58:   --> GET / 200 6ms 185b
2022-06-09 01:39:59:   <-- GET /default.php
2022-06-09 01:39:59: GET /default.php - 0ms
2022-06-09 01:39:59:   --> GET /default.php 404 1ms -
2022-06-09 01:40:01:   <-- GET /
2022-06-09 01:40:01: GET / - 4ms
2022-06-09 01:40:01:   --> GET / 200 5ms 185b
2022-06-09 01:40:02:   <-- GET /
2022-06-09 01:40:02: GET / - 5ms
2022-06-09 01:40:02:   --> GET / 200 5ms 185b
2022-06-09 01:40:02:   <-- GET /SE/EMC_SE.swf
2022-06-09 01:40:02: GET /SE/EMC_SE.swf - 0ms
2022-06-09 01:40:02:   --> GET /SE/EMC_SE.swf 404 1ms -
2022-06-09 01:40:03:   <-- GET /
2022-06-09 01:40:03: GET / - 4ms
2022-06-09 01:40:03:   --> GET / 200 4ms 185b
2022-06-09 01:40:03:   <-- GET /bMxU22Wd.ashx
2022-06-09 01:40:03: GET /bMxU22Wd.ashx - 1ms
2022-06-09 01:40:03:   --> GET /bMxU22Wd.ashx 404 1ms -
2022-06-09 01:40:04:   <-- GET /
2022-06-09 01:40:04: GET / - 4ms
2022-06-09 01:40:04:   --> GET / 200 5ms 185b
2022-06-09 01:40:04:   <-- GET /
2022-06-09 01:40:04: GET / - 4ms
2022-06-09 01:40:04:   --> GET / 200 5ms 185b
2022-06-09 01:40:04:   <-- GET /
2022-06-09 01:40:04: GET / - 9ms
2022-06-09 01:40:04:   --> GET / 200 11ms 185b
2022-06-09 01:40:05:   <-- GET /
2022-06-09 01:40:05: GET / - 3ms
2022-06-09 01:40:05:   --> GET / 200 4ms 185b
2022-06-09 01:40:07:   <-- GET /DesktopDirector
2022-06-09 01:40:07: GET /DesktopDirector - 1ms
2022-06-09 01:40:07:   --> GET /DesktopDirector 404 1ms -
2022-06-09 01:40:09:   <-- GET /
2022-06-09 01:40:09: GET / - 3ms
2022-06-09 01:40:09:   --> GET / 200 4ms 185b
2022-06-09 01:40:11:   <-- GET /
2022-06-09 01:40:11: GET / - 4ms
2022-06-09 01:40:11:   --> GET / 200 4ms 185b
2022-06-09 01:40:12:   <-- GET /getxml
2022-06-09 01:40:12: GET /getxml - 0ms
2022-06-09 01:40:12:   --> GET /getxml 404 1ms -
2022-06-09 01:40:13:   <-- GET /login?redirects=10
2022-06-09 01:40:13: GET /login?redirects=10 - 1ms
2022-06-09 01:40:13:   --> GET /login?redirects=10 404 1ms -
2022-06-09 01:40:14:   <-- GET /
2022-06-09 01:40:14: GET / - 4ms
2022-06-09 01:40:14:   --> GET / 200 5ms 185b
2022-06-09 01:40:15:   <-- GET /emsam/index.html
2022-06-09 01:40:15: GET /emsam/index.html - 0ms
2022-06-09 01:40:15:   --> GET /emsam/index.html 404 1ms -
2022-06-09 01:40:16:   <-- GET /login?redirects=10
2022-06-09 01:40:16: GET /login?redirects=10 - 0ms
2022-06-09 01:40:16:   --> GET /login?redirects=10 404 1ms -
2022-06-09 01:40:17:   <-- GET /admin/public/index.html
2022-06-09 01:40:17: GET /admin/public/index.html - 0ms
2022-06-09 01:40:17:   --> GET /admin/public/index.html 404 2ms -
2022-06-09 01:40:19:   <-- GET /securecgi-bin/CSUserCGI.exe?Init+0
2022-06-09 01:40:19: GET /securecgi-bin/CSUserCGI.exe?Init+0 - 0ms
2022-06-09 01:40:19:   --> GET /securecgi-bin/CSUserCGI.exe?Init+0 404 3ms -
2022-06-09 01:41:06:   <-- GET /
2022-06-09 01:41:06: GET / - 4ms
2022-06-09 01:41:06:   --> GET / 200 5ms 185b
2022-06-09 01:41:06:   <-- GET /
2022-06-09 01:41:06: GET / - 3ms
2022-06-09 01:41:06:   --> GET / 200 4ms 185b
2022-06-09 01:41:07:   <-- GET /webct/about.jsp
2022-06-09 01:41:07: GET /webct/about.jsp - 0ms
2022-06-09 01:41:07:   --> GET /webct/about.jsp 404 1ms -
2022-06-09 01:41:08:   <-- GET /login
2022-06-09 01:41:08: GET /login - 1ms
2022-06-09 01:41:08:   --> GET /login 404 4ms -
2022-06-09 01:41:08:   <-- GET /snmx-cgi/fxm.exe
2022-06-09 01:41:08: GET /snmx-cgi/fxm.exe - 0ms
2022-06-09 01:41:08:   --> GET /snmx-cgi/fxm.exe 404 1ms -
2022-06-09 01:41:08:   <-- GET /
2022-06-09 01:41:08: GET / - 5ms
2022-06-09 01:41:08:   --> GET / 200 6ms 185b
2022-06-09 01:41:09:   <-- GET /
2022-06-09 01:41:09: GET / - 4ms
2022-06-09 01:41:09:   --> GET / 200 5ms 185b
2022-06-09 01:41:10:   <-- GET /nifi/
2022-06-09 01:41:10: GET /nifi/ - 0ms
2022-06-09 01:41:10:   --> GET /nifi/ 404 1ms -
2022-06-09 01:43:22:   <-- GET /
2022-06-09 01:43:22: GET / - 5ms
2022-06-09 01:43:22:   --> GET / 200 7ms 185b
2022-06-09 01:43:55:   <-- GET /
2022-06-09 01:43:55: GET / - 5ms
2022-06-09 01:43:55:   --> GET / 200 5ms 185b
2022-06-09 01:44:03:   <-- GET /admin/airflow/login
2022-06-09 01:44:03: GET /admin/airflow/login - 0ms
2022-06-09 01:44:03:   --> GET /admin/airflow/login 404 2ms -
2022-06-09 01:44:04:   <-- GET /
2022-06-09 01:44:04: GET / - 5ms
2022-06-09 01:44:04:   --> GET / 200 6ms 185b
2022-06-09 01:44:05:   <-- GET /
2022-06-09 01:44:05: GET / - 6ms
2022-06-09 01:44:05:   --> GET / 200 7ms 185b
2022-06-09 01:45:00:   <-- GET /webhost
2022-06-09 01:45:00: GET /webhost - 0ms
2022-06-09 01:45:00:   --> GET /webhost 404 2ms -
2022-06-09 01:45:43:   <-- GET /index.aspx
2022-06-09 01:45:43: GET /index.aspx - 1ms
2022-06-09 01:45:43:   --> GET /index.aspx 404 1ms -
2022-06-09 01:45:43:   <-- GET /
2022-06-09 01:45:43: GET / - 5ms
2022-06-09 01:45:43:   --> GET / 200 5ms 185b
2022-06-09 01:45:54:   <-- GET /index.php/123
2022-06-09 01:45:54: GET /index.php/123 - 1ms
2022-06-09 01:45:54:   --> GET /index.php/123 404 1ms -
2022-06-09 01:45:56:   <-- GET /cgi-bin/filescan
2022-06-09 01:45:56: GET /cgi-bin/filescan - 0ms
2022-06-09 01:45:56:   --> GET /cgi-bin/filescan 404 2ms -
2022-06-09 01:46:04: chrome 占比 0%
2022-06-09 01:47:12:   <-- GET /
2022-06-09 01:47:12: GET / - 223ms
2022-06-09 01:47:12:   --> GET / 200 229ms 185b
2022-06-09 01:47:34:   <-- GET /sc3/console.php?psid=101
2022-06-09 01:47:34: GET /sc3/console.php?psid=101 - 1ms
2022-06-09 01:47:34:   --> GET /sc3/console.php?psid=101 404 2ms -
2022-06-09 01:47:35:   <-- GET /
2022-06-09 01:47:35: GET / - 10ms
2022-06-09 01:47:35:   --> GET / 200 12ms 185b
2022-06-09 01:48:12:   <-- GET /
2022-06-09 01:48:12: GET / - 8ms
2022-06-09 01:48:12:   --> GET / 200 10ms 185b
2022-06-09 01:48:43:   <-- GET /
2022-06-09 01:48:43: GET / - 9ms
2022-06-09 01:48:43:   --> GET / 200 12ms 185b
2022-06-09 01:49:17:   <-- GET /
2022-06-09 01:49:17: GET / - 9ms
2022-06-09 01:49:17:   --> GET / 200 11ms 185b
2022-06-09 01:50:32:   <-- GET /cwhp/XmpFileDownloadServlet?parameterName=downloadDoc&downloadDirectory=..\..\..\Windows\System32\drivers\etc\&readmeText=1
2022-06-09 01:50:32: GET /cwhp/XmpFileDownloadServlet?parameterName=downloadDoc&downloadDirectory=..\..\..\Windows\System32\drivers\etc\&readmeText=1 - 2ms
2022-06-09 01:50:32:   --> GET /cwhp/XmpFileDownloadServlet?parameterName=downloadDoc&downloadDirectory=..\..\..\Windows\System32\drivers\etc\&readmeText=1 404 4ms -
2022-06-09 01:50:54:   <-- GET /
2022-06-09 01:50:54: GET / - 14ms
2022-06-09 01:50:54:   --> GET / 200 16ms 185b
2022-06-09 01:51:30:   <-- GET /
2022-06-09 01:51:30: GET / - 7ms
2022-06-09 01:51:30:   --> GET / 200 9ms 185b
2022-06-09 01:51:31:   <-- GET /
2022-06-09 01:51:31: GET / - 8ms
2022-06-09 01:51:31:   --> GET / 200 10ms 185b
2022-06-09 01:51:32:   <-- GET /
2022-06-09 01:51:32: GET / - 7ms
2022-06-09 01:51:32:   --> GET / 200 9ms 185b
2022-06-09 09:46:07: chrome 占比 0%
2022-06-09 17:46:08: chrome 占比 0%
2022-06-10 01:46:10: chrome 占比 0%
2022-06-10 09:46:12: chrome 占比 0%
2022-06-10 17:47:17: chrome 占比 0%
