2022-06-06 16:13:12: chrome 占比 0%
2022-06-06 16:13:36: chrome 占比 0%
2022-06-06 16:13:44: chrome 占比 0%
2022-06-06 16:14:17: chrome 占比 0%
2022-06-06 16:14:23: chrome 占比 0%
2022-06-06 16:14:26: chrome 占比 0%
2022-06-06 16:14:57: chrome 占比 0%
2022-06-06 16:15:04: chrome 占比 0%
2022-06-06 16:16:55:   <-- GET /api/blog/list
2022-06-06 16:16:55:   xxx GET /api/blog/list 500 6ms -
2022-06-06 18:18:21: chrome 占比 0%
2022-06-06 18:18:31: chrome 占比 0%
2022-06-06 18:18:42: chrome 占比 0%
2022-06-06 18:18:44: chrome 占比 0%
2022-06-06 18:19:40: chrome 占比 0%
2022-06-06 18:20:05: chrome 占比 0%
2022-06-06 18:21:00: chrome 占比 0%
2022-06-06 18:21:05: chrome 占比 0%
2022-06-07 16:07:16: chrome 占比 0%
2022-06-08 14:07:48: chrome 占比 0%
2022-06-08 17:46:02: chrome 占比 0%
2022-06-09 01:37:15:   <-- GET /
2022-06-09 01:37:15: GET / - 314ms
2022-06-09 01:37:15:   --> GET / 200 327ms 185b
2022-06-09 01:37:48:   <-- GET /
2022-06-09 01:37:48: GET / - 16ms
2022-06-09 01:37:48:   --> GET / 200 19ms 185b
2022-06-09 01:37:50:   <-- GET /
2022-06-09 01:37:50: GET / - 8ms
2022-06-09 01:37:50:   --> GET / 200 10ms 185b
2022-06-09 01:37:52:   <-- GET /tmui/
2022-06-09 01:37:52: GET /tmui/ - 1ms
2022-06-09 01:37:52:   --> GET /tmui/ 404 2ms -
2022-06-09 01:37:52:   <-- GET /login
2022-06-09 01:37:52: GET /login - 0ms
2022-06-09 01:37:52:   --> GET /login 404 2ms -
2022-06-09 01:37:52:   <-- GET /admin/login.jsp
2022-06-09 01:37:52: GET /admin/login.jsp - 1ms
2022-06-09 01:37:52:   --> GET /admin/login.jsp 404 2ms -
2022-06-09 01:37:54:   <-- GET /admin_ui/mas/ent/login.html
2022-06-09 01:37:54: GET /admin_ui/mas/ent/login.html - 0ms
2022-06-09 01:37:54:   --> GET /admin_ui/mas/ent/login.html 404 2ms -
2022-06-09 01:37:54:   <-- GET /MSWSMTP/Common/Authentication/Logon.aspx
2022-06-09 01:37:54: GET /MSWSMTP/Common/Authentication/Logon.aspx - 0ms
2022-06-09 01:37:54:   --> GET /MSWSMTP/Common/Authentication/Logon.aspx 404 2ms -
2022-06-09 01:37:55:   <-- HEAD /
2022-06-09 01:37:55: HEAD / - 10ms
2022-06-09 01:37:55:   --> HEAD / 200 11ms 185b
2022-06-09 01:37:56:   <-- GET /
2022-06-09 01:37:56: GET / - 8ms
2022-06-09 01:37:56:   --> GET / 200 10ms 185b
2022-06-09 01:37:56:   <-- GET /
2022-06-09 01:37:56: GET / - 16ms
2022-06-09 01:37:56:   --> GET / 200 19ms 185b
2022-06-09 01:38:01:   <-- GET /
2022-06-09 01:38:01: GET / - 7ms
2022-06-09 01:38:01:   --> GET / 200 8ms 185b
2022-06-09 01:38:02:   <-- GET /
2022-06-09 01:38:02: GET / - 8ms
2022-06-09 01:38:02:   --> GET / 200 9ms 185b
2022-06-09 01:38:03:   <-- GET /
2022-06-09 01:38:03: GET / - 9ms
2022-06-09 01:38:03:   --> GET / 200 12ms 185b
2022-06-09 01:38:03:   <-- GET /servlet/snoopservlet/
2022-06-09 01:38:03: GET /servlet/snoopservlet/ - 1ms
2022-06-09 01:38:03:   --> GET /servlet/snoopservlet/ 404 1ms -
2022-06-09 01:38:04:   <-- GET /main_internet.php
2022-06-09 01:38:04: GET /main_internet.php - 0ms
2022-06-09 01:38:04:   --> GET /main_internet.php 404 1ms -
2022-06-09 01:38:04:   <-- GET /
2022-06-09 01:38:04: GET / - 7ms
2022-06-09 01:38:04:   --> GET / 200 8ms 185b
2022-06-09 01:38:05:   <-- GET /
2022-06-09 01:38:05: GET / - 7ms
2022-06-09 01:38:05:   --> GET / 200 7ms 185b
2022-06-09 01:38:05:   <-- GET /
2022-06-09 01:38:05: GET / - 6ms
2022-06-09 01:38:05:   --> GET / 200 7ms 185b
2022-06-09 01:38:06:   <-- GET /
2022-06-09 01:38:06: GET / - 5ms
2022-06-09 01:38:06:   --> GET / 200 7ms 185b
2022-06-09 01:38:06:   <-- GET /pages/login.php
2022-06-09 01:38:06: GET /pages/login.php - 1ms
2022-06-09 01:38:06:   --> GET /pages/login.php 404 1ms -
2022-06-09 01:38:07:   <-- GET /
2022-06-09 01:38:07: GET / - 6ms
2022-06-09 01:38:07:   --> GET / 200 7ms 185b
2022-06-09 01:38:07:   <-- GET /
2022-06-09 01:38:07: GET / - 5ms
2022-06-09 01:38:07:   --> GET / 200 5ms 185b
2022-06-09 01:38:08:   <-- GET /
2022-06-09 01:38:08: GET / - 5ms
2022-06-09 01:38:08:   --> GET / 200 5ms 185b
2022-06-09 01:38:08:   <-- GET /
2022-06-09 01:38:08: GET / - 7ms
2022-06-09 01:38:08:   --> GET / 200 8ms 185b
2022-06-09 01:38:09:   <-- GET /
2022-06-09 01:38:09: GET / - 8ms
2022-06-09 01:38:09:   --> GET / 200 11ms 185b
2022-06-09 01:38:09:   <-- GET /webconsole/webpages/login.jsp
2022-06-09 01:38:09: GET /webconsole/webpages/login.jsp - 1ms
2022-06-09 01:38:09:   --> GET /webconsole/webpages/login.jsp 404 1ms -
2022-06-09 01:38:10:   <-- GET /index.html
2022-06-09 01:38:10: GET /index.html - 0ms
2022-06-09 01:38:10:   --> GET /index.html 404 1ms -
2022-06-09 01:38:11:   <-- GET /swvm/ConsoleContainer.jsp
2022-06-09 01:38:11: GET /swvm/ConsoleContainer.jsp - 0ms
2022-06-09 01:38:11:   --> GET /swvm/ConsoleContainer.jsp 404 2ms -
2022-06-09 01:38:11:   <-- GET /
2022-06-09 01:38:11: GET / - 5ms
2022-06-09 01:38:11:   --> GET / 200 6ms 185b
2022-06-09 01:38:12:   <-- GET /content/RbSOztVEeN.mp3
2022-06-09 01:38:12: GET /content/RbSOztVEeN.mp3 - 1ms
2022-06-09 01:38:12:   --> GET /content/RbSOztVEeN.mp3 404 1ms -
2022-06-09 01:38:13:   <-- GET /Portal/Portal.mwsl?MainSelection=USFW&TabSelection=NONE&ClientArea=/Portal/usfw-login.mwsl&DataFile=NONE&TemplateFile=NONE
2022-06-09 01:38:13: GET /Portal/Portal.mwsl?MainSelection=USFW&TabSelection=NONE&ClientArea=/Portal/usfw-login.mwsl&DataFile=NONE&TemplateFile=NONE - 1ms
2022-06-09 01:38:13:   --> GET /Portal/Portal.mwsl?MainSelection=USFW&TabSelection=NONE&ClientArea=/Portal/usfw-login.mwsl&DataFile=NONE&TemplateFile=NONE 404 6ms -
2022-06-09 01:38:14:   <-- GET /
2022-06-09 01:38:14: GET / - 5ms
2022-06-09 01:38:14:   --> GET / 200 6ms 185b
2022-06-09 01:38:16:   <-- GET /
2022-06-09 01:38:16: GET / - 7ms
2022-06-09 01:38:16:   --> GET / 200 9ms 185b
2022-06-09 01:38:17:   <-- GET /
2022-06-09 01:38:17: GET / - 5ms
2022-06-09 01:38:17:   --> GET / 200 7ms 185b
2022-06-09 01:38:18:   <-- GET /password
2022-06-09 01:38:18: GET /password - 0ms
2022-06-09 01:38:18:   --> GET /password 404 1ms -
2022-06-09 01:38:20:   <-- GET /names.nsf/view?ReadDesign
2022-06-09 01:38:20: GET /names.nsf/view?ReadDesign - 1ms
2022-06-09 01:38:20:   --> GET /names.nsf/view?ReadDesign 404 2ms -
2022-06-09 01:38:22:   <-- GET /1654709903/facts/10.180.48.117
2022-06-09 01:38:22: GET /1654709903/facts/10.180.48.117 - 0ms
2022-06-09 01:38:22:   --> GET /1654709903/facts/10.180.48.117 404 1ms -
2022-06-09 01:38:22:   <-- GET /1654709903/certificate/10.180.48.117
2022-06-09 01:38:22: GET /1654709903/certificate/10.180.48.117 - 1ms
2022-06-09 01:38:22:   --> GET /1654709903/certificate/10.180.48.117 404 1ms -
2022-06-09 01:38:22:   <-- GET /v2.0/environments/10.180.48.117
2022-06-09 01:38:22: GET /v2.0/environments/10.180.48.117 - 0ms
2022-06-09 01:38:22:   --> GET /v2.0/environments/10.180.48.117 404 2ms -
2022-06-09 01:38:23:   <-- GET /puppet-ca/v1/certificate/10.180.48.117
2022-06-09 01:38:23: GET /puppet-ca/v1/certificate/10.180.48.117 - 1ms
2022-06-09 01:38:23:   --> GET /puppet-ca/v1/certificate/10.180.48.117 404 1ms -
2022-06-09 01:38:23:   <-- GET /puppet/v3/facts/10.180.48.117
2022-06-09 01:38:23: GET /puppet/v3/facts/10.180.48.117 - 1ms
2022-06-09 01:38:23:   --> GET /puppet/v3/facts/10.180.48.117 404 2ms -
2022-06-09 01:38:24:   <-- GET /ad_click.asp?banner_id='
2022-06-09 01:38:24: GET /ad_click.asp?banner_id=' - 0ms
2022-06-09 01:38:24:   --> GET /ad_click.asp?banner_id=' 404 2ms -
2022-06-09 01:38:26:   <-- GET /
2022-06-09 01:38:26: GET / - 6ms
2022-06-09 01:38:26:   --> GET / 200 7ms 185b
2022-06-09 01:38:27:   <-- GET /otrs/index.pl
2022-06-09 01:38:27: GET /otrs/index.pl - 0ms
2022-06-09 01:38:27:   --> GET /otrs/index.pl 404 1ms -
2022-06-09 01:38:29:   <-- GET /ws_utc/login.do
2022-06-09 01:38:29: GET /ws_utc/login.do - 1ms
2022-06-09 01:38:29:   --> GET /ws_utc/login.do 404 2ms -
2022-06-09 01:38:30:   <-- GET /
2022-06-09 01:38:30: GET / - 7ms
2022-06-09 01:38:30:   --> GET / 200 8ms 185b
2022-06-09 01:38:31:   <-- GET /page/portal/Design_Time_PG/Welcome
2022-06-09 01:38:31: GET /page/portal/Design_Time_PG/Welcome - 0ms
2022-06-09 01:38:31:   --> GET /page/portal/Design_Time_PG/Welcome 404 1ms -
2022-06-09 01:38:35:   <-- GET /portal/pls/portal/DEV5_PORTAL_DEMO.ORG_CHART.SHOW
2022-06-09 01:38:35: GET /portal/pls/portal/DEV5_PORTAL_DEMO.ORG_CHART.SHOW - 2ms
2022-06-09 01:38:35:   --> GET /portal/pls/portal/DEV5_PORTAL_DEMO.ORG_CHART.SHOW 404 6ms -
2022-06-09 01:38:35:   <-- GET /pls/portal/DEV2_PORTAL_DEMO.ORG_CHART.SHOW
2022-06-09 01:38:35: GET /pls/portal/DEV2_PORTAL_DEMO.ORG_CHART.SHOW - 0ms
2022-06-09 01:38:35:   --> GET /pls/portal/DEV2_PORTAL_DEMO.ORG_CHART.SHOW 404 2ms -
2022-06-09 01:38:36:   <-- GET /
2022-06-09 01:38:36: GET / - 9ms
2022-06-09 01:38:36:   --> GET / 200 9ms 185b
2022-06-09 01:38:37:   <-- GET /
2022-06-09 01:38:37: GET / - 8ms
2022-06-09 01:38:37:   --> GET / 200 9ms 185b
2022-06-09 01:38:39:   <-- GET /
2022-06-09 01:38:39: GET / - 5ms
2022-06-09 01:38:39:   --> GET / 200 6ms 185b
2022-06-09 01:38:40:   <-- GET /ordermgr/control/checkLogin
2022-06-09 01:38:40: GET /ordermgr/control/checkLogin - 0ms
2022-06-09 01:38:40:   --> GET /ordermgr/control/checkLogin 404 2ms -
2022-06-09 01:38:45:   <-- GET /.../.../.../.../.../.../.../.../.../windows/win.ini
2022-06-09 01:38:45: GET /.../.../.../.../.../.../.../.../.../windows/win.ini - 0ms
2022-06-09 01:38:45:   --> GET /.../.../.../.../.../.../.../.../.../windows/win.ini 404 2ms -
2022-06-09 01:38:45:   <-- GET /././././././../../../../../windows/win.ini
2022-06-09 01:38:45:   xxx GET /././././././../../../../../windows/win.ini 403 2ms -
2022-06-09 01:38:45:   <-- GET /././././././../../../../../winnt/win.ini
2022-06-09 01:38:45:   xxx GET /././././././../../../../../winnt/win.ini 403 1ms -
2022-06-09 01:38:49:   <-- GET /
2022-06-09 01:38:49: GET / - 5ms
2022-06-09 01:38:49:   --> GET / 200 7ms 185b
2022-06-09 01:38:51:   <-- GET /baselining/version
2022-06-09 01:38:51: GET /baselining/version - 0ms
2022-06-09 01:38:51:   --> GET /baselining/version 404 2ms -
2022-06-09 01:38:52:   <-- GET /
2022-06-09 01:38:52: GET / - 5ms
2022-06-09 01:38:52:   --> GET / 200 6ms 185b
2022-06-09 01:38:53:   <-- GET /
2022-06-09 01:38:53: GET / - 6ms
2022-06-09 01:38:53:   --> GET / 200 7ms 185b
2022-06-09 01:38:55:   <-- GET /uddi/default.aspx
2022-06-09 01:38:55: GET /uddi/default.aspx - 0ms
2022-06-09 01:38:55:   --> GET /uddi/default.aspx 404 1ms -
2022-06-09 01:38:56:   <-- GET /scmadmin/
2022-06-09 01:38:56: GET /scmadmin/ - 1ms
2022-06-09 01:38:56:   --> GET /scmadmin/ 404 2ms -
2022-06-09 01:38:57:   <-- GET /
2022-06-09 01:38:57: GET / - 6ms
2022-06-09 01:38:57:   --> GET / 200 7ms 185b
2022-06-09 01:38:58:   <-- GET /
2022-06-09 01:38:58: GET / - 5ms
2022-06-09 01:38:58:   --> GET / 200 6ms 185b
2022-06-09 01:38:58:   <-- GET /
2022-06-09 01:38:58: GET / - 5ms
2022-06-09 01:38:58:   --> GET / 200 7ms 185b
2022-06-09 01:38:59:   <-- GET /
2022-06-09 01:38:59: GET / - 5ms
2022-06-09 01:38:59:   --> GET / 200 6ms 185b
2022-06-09 01:38:59:   <-- GET /
2022-06-09 01:38:59: GET / - 4ms
2022-06-09 01:38:59:   --> GET / 200 5ms 185b
2022-06-09 01:39:00:   <-- GET /
2022-06-09 01:39:00: GET / - 4ms
2022-06-09 01:39:00:   --> GET / 200 5ms 185b
2022-06-09 01:39:01:   <-- GET /Sametime/buildinfo.txt
2022-06-09 01:39:01: GET /Sametime/buildinfo.txt - 0ms
2022-06-09 01:39:01:   --> GET /Sametime/buildinfo.txt 404 2ms -
2022-06-09 01:39:01:   <-- POST /jsonrpc
2022-06-09 01:39:01: POST /jsonrpc - 1ms
2022-06-09 01:39:01:   --> POST /jsonrpc 404 2ms -
2022-06-09 01:39:03:   <-- GET /
2022-06-09 01:39:03: GET / - 3ms
2022-06-09 01:39:03:   --> GET / 200 5ms 185b
2022-06-09 01:39:05:   <-- GET /NASApp/nessus/
2022-06-09 01:39:05: GET /NASApp/nessus/ - 1ms
2022-06-09 01:39:05:   --> GET /NASApp/nessus/ 404 1ms -
2022-06-09 01:39:06:   <-- GET /
2022-06-09 01:39:06: GET / - 6ms
2022-06-09 01:39:06:   --> GET / 200 7ms 185b
2022-06-09 01:39:07:   <-- GET /
2022-06-09 01:39:07: GET / - 4ms
2022-06-09 01:39:07:   --> GET / 200 5ms 185b
2022-06-09 01:39:07:   <-- GET /scripts/samples/search/author.idq
2022-06-09 01:39:07: GET /scripts/samples/search/author.idq - 0ms
2022-06-09 01:39:07:   --> GET /scripts/samples/search/author.idq 404 2ms -
2022-06-09 01:39:08:   <-- GET /iissamples/sdk/asp/docs/codebrws.asp
2022-06-09 01:39:08: GET /iissamples/sdk/asp/docs/codebrws.asp - 1ms
2022-06-09 01:39:08:   --> GET /iissamples/sdk/asp/docs/codebrws.asp 404 3ms -
2022-06-09 01:39:09:   <-- GET /
2022-06-09 01:39:09: GET / - 6ms
2022-06-09 01:39:09:   --> GET / 200 8ms 185b
2022-06-09 01:39:10:   <-- GET /query.idq?CiTemplate=../../../../../winnt/win.ini%20%20%20%20%20%20%20%20%20%20%20%20%20%20%20%20%20%20%20%20%20%20%20%20%20%20%20%20%20%20%20%20%20%20%20%20%20%20%20%20%20%20%20%20%20%20%20%20%20%20%20%20%20%20%20%20%20%20%20%20%20%20%20%20%20%20%20%20%20%20%20%20%20%20%20%20%20%20%20%20%20%20%20%20%20%20%20%20%20%20%20%20%20%20%20%20%20%20%20%20
2022-06-09 01:39:10: GET /query.idq?CiTemplate=../../../../../winnt/win.ini%20%20%20%20%20%20%20%20%20%20%20%20%20%20%20%20%20%20%20%20%20%20%20%20%20%20%20%20%20%20%20%20%20%20%20%20%20%20%20%20%20%20%20%20%20%20%20%20%20%20%20%20%20%20%20%20%20%20%20%20%20%20%20%20%20%20%20%20%20%20%20%20%20%20%20%20%20%20%20%20%20%20%20%20%20%20%20%20%20%20%20%20%20%20%20%20%20%20%20%20 - 1ms
2022-06-09 01:39:10:   --> GET /query.idq?CiTemplate=../../../../../winnt/win.ini%20%20%20%20%20%20%20%20%20%20%20%20%20%20%20%20%20%20%20%20%20%20%20%20%20%20%20%20%20%20%20%20%20%20%20%20%20%20%20%20%20%20%20%20%20%20%20%20%20%20%20%20%20%20%20%20%20%20%20%20%20%20%20%20%20%20%20%20%20%20%20%20%20%20%20%20%20%20%20%20%20%20%20%20%20%20%20%20%20%20%20%20%20%20%20%20%20%20%20%20 404 1ms -
2022-06-09 01:39:11:   <-- GET /login
2022-06-09 01:39:11: GET /login - 0ms
2022-06-09 01:39:11:   --> GET /login 404 1ms -
2022-06-09 01:39:12:   <-- GET /rdweb/login/login.html
2022-06-09 01:39:12: GET /rdweb/login/login.html - 0ms
2022-06-09 01:39:12:   --> GET /rdweb/login/login.html 404 2ms -
2022-06-09 01:39:13:   <-- GET /
2022-06-09 01:39:13: GET / - 5ms
2022-06-09 01:39:13:   --> GET / 200 6ms 185b
2022-06-09 01:39:37:   <-- HEAD /
2022-06-09 01:39:37: HEAD / - 6ms
2022-06-09 01:39:37:   --> HEAD / 200 8ms 185b
2022-06-09 01:39:50:   <-- GET /
2022-06-09 01:39:50: GET / - 4ms
2022-06-09 01:39:50:   --> GET / 200 6ms 185b
2022-06-09 01:39:51:   <-- GET /
2022-06-09 01:39:51: GET / - 4ms
2022-06-09 01:39:51:   --> GET / 200 6ms 185b
2022-06-09 01:39:52:   <-- GET /imc
2022-06-09 01:39:52: GET /imc - 2ms
2022-06-09 01:39:52:   --> GET /imc 404 2ms -
2022-06-09 01:39:53:   <-- GET /
2022-06-09 01:39:53: GET / - 2ms
2022-06-09 01:39:53:   --> GET / 200 4ms 185b
2022-06-09 01:39:54:   <-- GET /
2022-06-09 01:39:54: GET / - 3ms
2022-06-09 01:39:54:   --> GET / 200 3ms 185b
2022-06-09 01:39:56:   <-- GET /WEB-INF./web.xml
2022-06-09 01:39:56: GET /WEB-INF./web.xml - 0ms
2022-06-09 01:39:56:   --> GET /WEB-INF./web.xml 404 0ms -
2022-06-09 01:39:58:   <-- GET /system/console?version=1.5
2022-06-09 01:39:58: GET /system/console?version=1.5 - 0ms
2022-06-09 01:39:58:   --> GET /system/console?version=1.5 404 1ms -
2022-06-09 01:39:59:   <-- GET /login/
2022-06-09 01:39:59: GET /login/ - 0ms
2022-06-09 01:39:59:   --> GET /login/ 404 1ms -
2022-06-09 01:40:00:   <-- GET /
2022-06-09 01:40:00: GET / - 3ms
2022-06-09 01:40:00:   --> GET / 200 4ms 185b
2022-06-09 01:40:01:   <-- GET /
2022-06-09 01:40:01: GET / - 5ms
2022-06-09 01:40:01:   --> GET / 200 5ms 185b
2022-06-09 01:40:02:   <-- GET /SE/appInfo.xml
2022-06-09 01:40:02: GET /SE/appInfo.xml - 0ms
2022-06-09 01:40:02:   --> GET /SE/appInfo.xml 404 1ms -
2022-06-09 01:40:03:   <-- GET /dtlt/home.html
2022-06-09 01:40:03: GET /dtlt/home.html - 1ms
2022-06-09 01:40:03:   --> GET /dtlt/home.html 404 1ms -
2022-06-09 01:40:03:   <-- GET /mBiATJa1.aspx
2022-06-09 01:40:03: GET /mBiATJa1.aspx - 0ms
2022-06-09 01:40:03:   --> GET /mBiATJa1.aspx 404 2ms -
2022-06-09 01:40:03:   <-- GET /T9UHu36K.rem
2022-06-09 01:40:03: GET /T9UHu36K.rem - 1ms
2022-06-09 01:40:03:   --> GET /T9UHu36K.rem 404 1ms -
2022-06-09 01:40:04:   <-- GET /5mS6znAC.aspx
2022-06-09 01:40:04: GET /5mS6znAC.aspx - 0ms
2022-06-09 01:40:04:   --> GET /5mS6znAC.aspx 404 1ms -
2022-06-09 01:40:04:   <-- GET /CVS/Entries
2022-06-09 01:40:04: GET /CVS/Entries - 0ms
2022-06-09 01:40:04:   --> GET /CVS/Entries 404 1ms -
2022-06-09 01:40:04:   <-- GET /servlet/webacc?User.lang=<script>foo</script>
2022-06-09 01:40:04: GET /servlet/webacc?User.lang=<script>foo</script> - 0ms
2022-06-09 01:40:04:   --> GET /servlet/webacc?User.lang=<script>foo</script> 404 1ms -
2022-06-09 01:40:06:   <-- GET /
2022-06-09 01:40:06: GET / - 5ms
2022-06-09 01:40:06:   --> GET / 200 5ms 185b
2022-06-09 01:40:08:   <-- GET /
2022-06-09 01:40:08: GET / - 4ms
2022-06-09 01:40:08:   --> GET / 200 4ms 185b
2022-06-09 01:40:10:   <-- GET /
2022-06-09 01:40:10: GET / - 4ms
2022-06-09 01:40:10:   --> GET / 200 5ms 185b
2022-06-09 01:40:11:   <-- GET /login
2022-06-09 01:40:11: GET /login - 0ms
2022-06-09 01:40:11:   --> GET /login 404 1ms -
2022-06-09 01:40:13:   <-- GET /
2022-06-09 01:40:13: GET / - 10ms
2022-06-09 01:40:13:   --> GET / 200 11ms 185b
2022-06-09 01:40:14:   <-- GET /
2022-06-09 01:40:14: GET / - 7ms
2022-06-09 01:40:14:   --> GET / 200 7ms 185b
2022-06-09 01:40:15:   <-- GET /
2022-06-09 01:40:15: GET / - 4ms
2022-06-09 01:40:15:   --> GET / 200 4ms 185b
2022-06-09 01:40:16:   <-- GET /admin/login.jsp
2022-06-09 01:40:16: GET /admin/login.jsp - 0ms
2022-06-09 01:40:16:   --> GET /admin/login.jsp 404 3ms -
2022-06-09 01:40:17:   <-- GET /csamc52/webadmin?page=invalid&type=browser
2022-06-09 01:40:17: GET /csamc52/webadmin?page=invalid&type=browser - 0ms
2022-06-09 01:40:17:   --> GET /csamc52/webadmin?page=invalid&type=browser 404 2ms -
2022-06-09 01:40:18:   <-- GET /
2022-06-09 01:40:18: GET / - 5ms
2022-06-09 01:40:18:   --> GET / 200 7ms 185b
2022-06-09 01:41:06:   <-- GET /
2022-06-09 01:41:06: GET / - 4ms
2022-06-09 01:41:06:   --> GET / 200 6ms 185b
2022-06-09 01:41:06:   <-- GET /%NETHOOD%/
2022-06-09 01:41:06:   xxx GET /%NETHOOD%/ 400 0ms -
2022-06-09 01:41:07:   <-- GET /bitrix/admin/index.php?lang=en
2022-06-09 01:41:07: GET /bitrix/admin/index.php?lang=en - 0ms
2022-06-09 01:41:07:   --> GET /bitrix/admin/index.php?lang=en 404 1ms -
2022-06-09 01:41:07:   <-- GET /cgi-bin/index.cgi
2022-06-09 01:41:07: GET /cgi-bin/index.cgi - 1ms
2022-06-09 01:41:07:   --> GET /cgi-bin/index.cgi 404 1ms -
2022-06-09 01:41:08:   <-- GET /login
2022-06-09 01:41:08: GET /login - 1ms
2022-06-09 01:41:08:   --> GET /login 404 1ms -
2022-06-09 01:41:08:   <-- GET /.htaccess.1
2022-06-09 01:41:08: GET /.htaccess.1 - 0ms
2022-06-09 01:41:08:   --> GET /.htaccess.1 404 2ms -
2022-06-09 01:41:09:   <-- GET /
2022-06-09 01:41:09: GET / - 4ms
2022-06-09 01:41:09:   --> GET / 200 4ms 185b
2022-06-09 01:41:10:   <-- GET /
2022-06-09 01:41:10: GET / - 4ms
2022-06-09 01:41:10:   --> GET / 200 4ms 185b
2022-06-09 01:43:32:   <-- GET /?<meta%20http-equiv=Set-Cookie%20content=%22testovrv=8063%22>
2022-06-09 01:43:32: GET /?<meta%20http-equiv=Set-Cookie%20content=%22testovrv=8063%22> - 6ms
2022-06-09 01:43:32:   --> GET /?<meta%20http-equiv=Set-Cookie%20content=%22testovrv=8063%22> 200 7ms 185b
2022-06-09 01:44:03:   <-- GET /
2022-06-09 01:44:03: GET / - 6ms
2022-06-09 01:44:03:   --> GET / 200 6ms 185b
2022-06-09 01:44:04:   <-- GET /api/v1/?format=api
2022-06-09 01:44:04: GET /api/v1/?format=api - 0ms
2022-06-09 01:44:04:   --> GET /api/v1/?format=api 404 1ms -
2022-06-09 01:44:05:   <-- GET /
2022-06-09 01:44:05: GET / - 4ms
2022-06-09 01:44:05:   --> GET / 200 6ms 185b
2022-06-09 01:44:06:   <-- GET /qwe/qwe/index.html
2022-06-09 01:44:06: GET /qwe/qwe/index.html - 1ms
2022-06-09 01:44:06:   --> GET /qwe/qwe/index.html 404 1ms -
2022-06-09 01:45:00:   <-- GET /internalServerReporting.php
2022-06-09 01:45:00: GET /internalServerReporting.php - 1ms
2022-06-09 01:45:00:   --> GET /internalServerReporting.php 404 1ms -
2022-06-09 01:45:42:   <-- GET /LoginPage.do
2022-06-09 01:45:42: GET /LoginPage.do - 2ms
2022-06-09 01:45:42:   --> GET /LoginPage.do 404 3ms -
2022-06-09 01:45:43:   <-- GET /
2022-06-09 01:45:43: GET / - 7ms
2022-06-09 01:45:43:   --> GET / 200 9ms 185b
2022-06-09 01:45:44:   <-- GET /
2022-06-09 01:45:44: GET / - 5ms
2022-06-09 01:45:44:   --> GET / 200 7ms 185b
2022-06-09 01:45:55:   <-- GET /
2022-06-09 01:45:55: GET / - 4ms
2022-06-09 01:45:55:   --> GET / 200 6ms 185b
2022-06-09 01:45:56:   <-- GET /Reporting/login/change_password.php?enable_auth=0
2022-06-09 01:45:56: GET /Reporting/login/change_password.php?enable_auth=0 - 1ms
2022-06-09 01:45:56:   --> GET /Reporting/login/change_password.php?enable_auth=0 404 1ms -
2022-06-09 01:46:04: chrome 占比 0%
2022-06-09 01:46:53:   <-- GET /
2022-06-09 01:46:53: GET / - 216ms
2022-06-09 01:46:53:   --> GET / 200 221ms 185b
2022-06-09 01:47:30:   <-- GET //struts/webconsole.html
2022-06-09 01:47:30:   xxx GET //struts/webconsole.html 400 2ms -
2022-06-09 01:47:35:   <-- GET /
2022-06-09 01:47:35: GET / - 13ms
2022-06-09 01:47:35:   --> GET / 200 15ms 185b
2022-06-09 01:48:12:   <-- GET /lcgi/sewse.nlm?sys:/novonyx/suitespot/docs/sewse/viewcode.jse+httplist+httplist/../../../../../system/autoexec.ncf
2022-06-09 01:48:12: GET /lcgi/sewse.nlm?sys:/novonyx/suitespot/docs/sewse/viewcode.jse+httplist+httplist/../../../../../system/autoexec.ncf - 0ms
2022-06-09 01:48:12:   --> GET /lcgi/sewse.nlm?sys:/novonyx/suitespot/docs/sewse/viewcode.jse+httplist+httplist/../../../../../system/autoexec.ncf 404 2ms -
2022-06-09 01:48:13:   <-- GET /version
2022-06-09 01:48:13: GET /version - 1ms
2022-06-09 01:48:13:   --> GET /version 404 3ms -
2022-06-09 01:49:12:   <-- GET /
2022-06-09 01:49:12: GET / - 9ms
2022-06-09 01:49:12:   --> GET / 200 10ms 185b
2022-06-09 01:50:32:   <-- GET /
2022-06-09 01:50:32: GET / - 7ms
2022-06-09 01:50:32:   --> GET / 200 8ms 185b
2022-06-09 01:50:32:   <-- GET /axis/DirectDownload.jsp
2022-06-09 01:50:32: GET /axis/DirectDownload.jsp - 1ms
2022-06-09 01:50:32:   --> GET /axis/DirectDownload.jsp 404 3ms -
2022-06-09 01:51:30:   <-- GET /
2022-06-09 01:51:30: GET / - 9ms
2022-06-09 01:51:30:   --> GET / 200 11ms 185b
2022-06-09 01:51:31:   <-- GET /SiteScope/cgi/go.exe/SiteScope?page=eventLog&machine=&logName=System&account=administrator
2022-06-09 01:51:31: GET /SiteScope/cgi/go.exe/SiteScope?page=eventLog&machine=&logName=System&account=administrator - 1ms
2022-06-09 01:51:31:   --> GET /SiteScope/cgi/go.exe/SiteScope?page=eventLog&machine=&logName=System&account=administrator 404 3ms -
2022-06-09 01:51:33:   <-- GET /
2022-06-09 01:51:33: GET / - 12ms
2022-06-09 01:51:33:   --> GET / 200 13ms 185b
2022-06-09 09:46:07: chrome 占比 0%
2022-06-09 17:46:08: chrome 占比 0%
2022-06-10 01:46:10: chrome 占比 0%
2022-06-10 09:46:12: chrome 占比 0%
2022-06-10 17:47:17: chrome 占比 0%
