2022-06-06 16:14:57: chrome 占比 0%
2022-06-06 16:15:04: chrome 占比 0%
2022-06-06 16:16:47:   <-- GET /
2022-06-06 16:16:47: GET / - 296ms
2022-06-06 16:16:47:   --> GET / 200 302ms 185b
2022-06-06 18:18:22: chrome 占比 0%
2022-06-06 18:18:31: chrome 占比 0%
2022-06-06 18:18:42: chrome 占比 0%
2022-06-06 18:18:45: chrome 占比 0%
2022-06-06 18:19:41: chrome 占比 0%
2022-06-06 18:20:05: chrome 占比 0%
2022-06-06 18:21:00: chrome 占比 0%
2022-06-06 18:21:05: chrome 占比 0%
2022-06-07 16:07:16: chrome 占比 0%
2022-06-08 14:07:48: chrome 占比 0%
2022-06-08 17:46:03: chrome 占比 0%
2022-06-09 01:37:08:   <-- GET /
2022-06-09 01:37:08: GET / - 281ms
2022-06-09 01:37:08:   --> GET / 200 295ms 185b
2022-06-09 01:37:43:   <-- GET /favicon2.iso
2022-06-09 01:37:43: GET /favicon2.iso - 1ms
2022-06-09 01:37:43:   --> GET /favicon2.iso 404 4ms -
2022-06-09 01:37:50:   <-- GET /aboutprinter.html
2022-06-09 01:37:50: GET /aboutprinter.html - 1ms
2022-06-09 01:37:50:   --> GET /aboutprinter.html 404 2ms -
2022-06-09 01:37:52:   <-- GET /authenticate/login
2022-06-09 01:37:52: GET /authenticate/login - 1ms
2022-06-09 01:37:52:   --> GET /authenticate/login 404 3ms -
2022-06-09 01:37:52:   <-- GET /mgmt/login?dest=%2Fmgmt%2Fgui%3Fp%3Dhome&reason=&username=
2022-06-09 01:37:52: GET /mgmt/login?dest=%2Fmgmt%2Fgui%3Fp%3Dhome&reason=&username= - 0ms
2022-06-09 01:37:52:   --> GET /mgmt/login?dest=%2Fmgmt%2Fgui%3Fp%3Dhome&reason=&username= 404 2ms -
2022-06-09 01:37:52:   <-- GET /js/Device.js
2022-06-09 01:37:52: GET /js/Device.js - 0ms
2022-06-09 01:37:52:   --> GET /js/Device.js 404 1ms -
2022-06-09 01:37:53:   <-- GET http://rfi.nessus.org/check_proxy.html
2022-06-09 01:37:53: GET http://rfi.nessus.org/check_proxy.html - 1ms
2022-06-09 01:37:53:   --> GET http://rfi.nessus.org/check_proxy.html 404 3ms -
2022-06-09 01:37:54:   <-- GET /upnp/BasicDevice.xml
2022-06-09 01:37:54: GET /upnp/BasicDevice.xml - 0ms
2022-06-09 01:37:54:   --> GET /upnp/BasicDevice.xml 404 1ms -
2022-06-09 01:37:56:   <-- GET /file
2022-06-09 01:37:56: GET /file - 1ms
2022-06-09 01:37:56:   --> GET /file 404 3ms -
2022-06-09 01:38:01:   <-- GET /
2022-06-09 01:38:01: GET / - 15ms
2022-06-09 01:38:01:   --> GET / 200 16ms 185b
2022-06-09 01:38:02:   <-- GET /favicon.ico
2022-06-09 01:38:02: GET /favicon.ico - 0ms
2022-06-09 01:38:02:   --> GET /favicon.ico 404 2ms -
2022-06-09 01:38:03:   <-- GET /
2022-06-09 01:38:03: GET / - 11ms
2022-06-09 01:38:03:   --> GET / 200 14ms 185b
2022-06-09 01:38:03:   <-- PROPFIND /
2022-06-09 01:38:03: PROPFIND / - 0ms
2022-06-09 01:38:03:   --> PROPFIND / 404 2ms -
2022-06-09 01:38:04:   <-- GET /images
2022-06-09 01:38:04: GET /images - 0ms
2022-06-09 01:38:04:   --> GET /images 404 3ms -
2022-06-09 01:38:04:   <-- GET /
2022-06-09 01:38:04: GET / - 9ms
2022-06-09 01:38:04:   --> GET / 200 11ms 185b
2022-06-09 01:38:05:   <-- GET /qip
2022-06-09 01:38:05: GET /qip - 0ms
2022-06-09 01:38:05:   --> GET /qip 404 2ms -
2022-06-09 01:38:05:   <-- GET /portal/diag/index.jsp
2022-06-09 01:38:05: GET /portal/diag/index.jsp - 0ms
2022-06-09 01:38:05:   --> GET /portal/diag/index.jsp 404 2ms -
2022-06-09 01:38:06:   <-- GET /auth/login
2022-06-09 01:38:06: GET /auth/login - 0ms
2022-06-09 01:38:06:   --> GET /auth/login 404 2ms -
2022-06-09 01:38:06:   <-- GET /recoveryconsole/
2022-06-09 01:38:06: GET /recoveryconsole/ - 0ms
2022-06-09 01:38:06:   --> GET /recoveryconsole/ 404 2ms -
2022-06-09 01:38:07:   <-- GET /logon.jsp
2022-06-09 01:38:07: GET /logon.jsp - 0ms
2022-06-09 01:38:07:   --> GET /logon.jsp 404 2ms -
2022-06-09 01:38:07:   <-- GET /
2022-06-09 01:38:07: GET / - 9ms
2022-06-09 01:38:07:   --> GET / 200 10ms 185b
2022-06-09 01:38:08:   <-- GET /
2022-06-09 01:38:08: GET / - 14ms
2022-06-09 01:38:08:   --> GET / 200 15ms 185b
2022-06-09 01:38:09:   <-- GET /index.jsp
2022-06-09 01:38:09: GET /index.jsp - 0ms
2022-06-09 01:38:09:   --> GET /index.jsp 404 2ms -
2022-06-09 01:38:09:   <-- GET /
2022-06-09 01:38:09: GET / - 6ms
2022-06-09 01:38:09:   --> GET / 200 7ms 185b
2022-06-09 01:38:10:   <-- GET //admincp/login.php
2022-06-09 01:38:10:   xxx GET //admincp/login.php 400 1ms -
2022-06-09 01:38:10:   <-- GET /helpdesk/WebObjects/Helpdesk.woa
2022-06-09 01:38:10: GET /helpdesk/WebObjects/Helpdesk.woa - 0ms
2022-06-09 01:38:10:   --> GET /helpdesk/WebObjects/Helpdesk.woa 404 2ms -
2022-06-09 01:38:11:   <-- GET /
2022-06-09 01:38:11: GET / - 8ms
2022-06-09 01:38:11:   --> GET / 200 9ms 185b
2022-06-09 01:38:12:   <-- GET /stream/0
2022-06-09 01:38:12: GET /stream/0 - 0ms
2022-06-09 01:38:12:   --> GET /stream/0 404 1ms -
2022-06-09 01:38:12:   <-- GET //wbm/login/
2022-06-09 01:38:12:   xxx GET //wbm/login/ 400 1ms -
2022-06-09 01:38:14:   <-- GET /
2022-06-09 01:38:14: GET / - 9ms
2022-06-09 01:38:14:   --> GET / 200 10ms 185b
2022-06-09 01:38:15:   <-- GET /
2022-06-09 01:38:15: GET / - 7ms
2022-06-09 01:38:15:   --> GET / 200 7ms 185b
2022-06-09 01:38:17:   <-- GET /broadWeb/bwRoot.asp
2022-06-09 01:38:17: GET /broadWeb/bwRoot.asp - 0ms
2022-06-09 01:38:17:   --> GET /broadWeb/bwRoot.asp 404 1ms -
2022-06-09 01:38:18:   <-- POST /
2022-06-09 01:38:18: POST / - 0ms
2022-06-09 01:38:18:   --> POST / 404 1ms -
2022-06-09 01:38:19:   <-- GET /AdminTools/querybuilder/nn.jsp
2022-06-09 01:38:19: GET /AdminTools/querybuilder/nn.jsp - 1ms
2022-06-09 01:38:19:   --> GET /AdminTools/querybuilder/nn.jsp 404 1ms -
2022-06-09 01:38:20:   <-- GET /
2022-06-09 01:38:20: GET / - 7ms
2022-06-09 01:38:20:   --> GET / 200 9ms 185b
2022-06-09 01:38:21:   <-- GET /photo/lang/ENG.js
2022-06-09 01:38:21: GET /photo/lang/ENG.js - 0ms
2022-06-09 01:38:21:   --> GET /photo/lang/ENG.js 404 1ms -
2022-06-09 01:38:24:   <-- GET /
2022-06-09 01:38:24: GET / - 7ms
2022-06-09 01:38:24:   --> GET / 200 9ms 185b
2022-06-09 01:38:26:   <-- GET /
2022-06-09 01:38:26: GET / - 7ms
2022-06-09 01:38:26:   --> GET / 200 9ms 185b
2022-06-09 01:38:27:   <-- GET /exchange/logon.asp
2022-06-09 01:38:27: GET /exchange/logon.asp - 1ms
2022-06-09 01:38:27:   --> GET /exchange/logon.asp 404 2ms -
2022-06-09 01:38:28:   <-- GET /.DS_Store
2022-06-09 01:38:28: GET /.DS_Store - 0ms
2022-06-09 01:38:28:   --> GET /.DS_Store 404 1ms -
2022-06-09 01:38:30:   <-- GET /
2022-06-09 01:38:30: GET / - 5ms
2022-06-09 01:38:30:   --> GET / 200 5ms 185b
2022-06-09 01:38:31:   <-- GET /
2022-06-09 01:38:31: GET / - 5ms
2022-06-09 01:38:31:   --> GET / 200 7ms 185b
2022-06-09 01:38:35:   <-- GET /portal/pls/portal/DEV3_PORTAL_DEMO.ORG_CHART.SHOW
2022-06-09 01:38:35: GET /portal/pls/portal/DEV3_PORTAL_DEMO.ORG_CHART.SHOW - 0ms
2022-06-09 01:38:35:   --> GET /portal/pls/portal/DEV3_PORTAL_DEMO.ORG_CHART.SHOW 404 1ms -
2022-06-09 01:38:35:   <-- GET /pls/portal/DEV_PORTAL_DEMO.ORG_CHART.SHOW
2022-06-09 01:38:35: GET /pls/portal/DEV_PORTAL_DEMO.ORG_CHART.SHOW - 0ms
2022-06-09 01:38:35:   --> GET /pls/portal/DEV_PORTAL_DEMO.ORG_CHART.SHOW 404 2ms -
2022-06-09 01:38:35:   <-- GET /pls/portal/DEV8_PORTAL_DEMO.ORG_CHART.SHOW
2022-06-09 01:38:35: GET /pls/portal/DEV8_PORTAL_DEMO.ORG_CHART.SHOW - 1ms
2022-06-09 01:38:35:   --> GET /pls/portal/DEV8_PORTAL_DEMO.ORG_CHART.SHOW 404 3ms -
2022-06-09 01:38:37:   <-- GET /
2022-06-09 01:38:37: GET / - 5ms
2022-06-09 01:38:37:   --> GET / 200 7ms 185b
2022-06-09 01:38:38:   <-- GET /
2022-06-09 01:38:38: GET / - 6ms
2022-06-09 01:38:38:   --> GET / 200 7ms 185b
2022-06-09 01:38:40:   <-- GET /
2022-06-09 01:38:40: GET / - 5ms
2022-06-09 01:38:40:   --> GET / 200 6ms 185b
2022-06-09 01:38:44:   <-- GET /
2022-06-09 01:38:44: GET / - 5ms
2022-06-09 01:38:44:   --> GET / 200 7ms 185b
2022-06-09 01:38:45:   <-- GET /%2e%2e/%2e%2e/%2e%2e/%2e%2e/%2e%2e/%2e%2e/%2e%2e/%2e%2e/%2e%2e/%2e%2e/%2e%2e/windows/win.ini
2022-06-09 01:38:45:   xxx GET /%2e%2e/%2e%2e/%2e%2e/%2e%2e/%2e%2e/%2e%2e/%2e%2e/%2e%2e/%2e%2e/%2e%2e/%2e%2e/windows/win.ini 403 0ms -
2022-06-09 01:38:45:   <-- GET /%2e%2e/%2e%2e/%2e%2e/%2e%2e/%2e%2e/%2e%2e/%2e%2e/%2e%2e/%2e%2e/%2e%2e/%2e%2e/winnt/win.ini
2022-06-09 01:38:45:   xxx GET /%2e%2e/%2e%2e/%2e%2e/%2e%2e/%2e%2e/%2e%2e/%2e%2e/%2e%2e/%2e%2e/%2e%2e/%2e%2e/winnt/win.ini 403 1ms -
2022-06-09 01:38:45:   <-- GET /%2e%2e\%2e%2e\%2e%2e\%2e%2e\%2e%2e\%2e%2e\%2e%2e\%2e%2e\%2e%2e\%2e%2e\windows\win.ini
2022-06-09 01:38:45:   xxx GET /%2e%2e\%2e%2e\%2e%2e\%2e%2e\%2e%2e\%2e%2e\%2e%2e\%2e%2e\%2e%2e\%2e%2e\windows\win.ini 403 0ms -
2022-06-09 01:38:45:   <-- GET /%2e%2e\%2e%2e\%2e%2e\%2e%2e\%2e%2e\%2e%2e\%2e%2e\%2e%2e\%2e%2e\%2e%2e\winnt\win.ini
2022-06-09 01:38:45:   xxx GET /%2e%2e\%2e%2e\%2e%2e\%2e%2e\%2e%2e\%2e%2e\%2e%2e\%2e%2e\%2e%2e\%2e%2e\winnt\win.ini 403 1ms -
2022-06-09 01:38:45:   <-- GET /%2e%2e%5c%2e%2e%5c%2e%2e%5c%2e%2e%5c%2e%2e%5c%2e%2e%5c%2e%2e%5c%2e%2e%5c%2e%2e%5c%2e%2e%5c%2e%2e%5cwindows%5cwin.ini
2022-06-09 01:38:45:   xxx GET /%2e%2e%5c%2e%2e%5c%2e%2e%5c%2e%2e%5c%2e%2e%5c%2e%2e%5c%2e%2e%5c%2e%2e%5c%2e%2e%5c%2e%2e%5c%2e%2e%5cwindows%5cwin.ini 403 1ms -
2022-06-09 01:38:45:   <-- GET /....\....\....\....\....\....\....\....\....\windows\win.ini
2022-06-09 01:38:45: GET /....\....\....\....\....\....\....\....\....\windows\win.ini - 0ms
2022-06-09 01:38:45:   --> GET /....\....\....\....\....\....\....\....\....\windows\win.ini 404 1ms -
2022-06-09 01:38:46:   <-- GET /scripts/fake.cgi?arg=/%2e%2e/%2e%2e/%2e%2e/%2e%2e/%2e%2e/winnt/win.ini
2022-06-09 01:38:46: GET /scripts/fake.cgi?arg=/%2e%2e/%2e%2e/%2e%2e/%2e%2e/%2e%2e/winnt/win.ini - 2ms
2022-06-09 01:38:46:   --> GET /scripts/fake.cgi?arg=/%2e%2e/%2e%2e/%2e%2e/%2e%2e/%2e%2e/winnt/win.ini 404 5ms -
2022-06-09 01:38:49:   <-- GET /
2022-06-09 01:38:49: GET / - 3ms
2022-06-09 01:38:49:   --> GET / 200 4ms 185b
2022-06-09 01:38:50:   <-- GET /images
2022-06-09 01:38:50: GET /images - 0ms
2022-06-09 01:38:50:   --> GET /images 404 2ms -
2022-06-09 01:38:51:   <-- GET /
2022-06-09 01:38:51: GET / - 7ms
2022-06-09 01:38:51:   --> GET / 200 9ms 185b
2022-06-09 01:38:53:   <-- GET /
2022-06-09 01:38:53: GET / - 5ms
2022-06-09 01:38:53:   --> GET / 200 7ms 185b
2022-06-09 01:38:55:   <-- GET /
2022-06-09 01:38:55: GET / - 4ms
2022-06-09 01:38:55:   --> GET / 200 4ms 185b
2022-06-09 01:38:56:   <-- GET /admin/LocalIndex.html
2022-06-09 01:38:56: GET /admin/LocalIndex.html - 0ms
2022-06-09 01:38:56:   --> GET /admin/LocalIndex.html 404 1ms -
2022-06-09 01:38:57:   <-- GET /
2022-06-09 01:38:57: GET / - 9ms
2022-06-09 01:38:57:   --> GET / 200 10ms 185b
2022-06-09 01:38:58:   <-- GET /
2022-06-09 01:38:58: GET / - 9ms
2022-06-09 01:38:58:   --> GET / 200 10ms 185b
2022-06-09 01:38:58:   <-- POST /servlet/GetProductVersion
2022-06-09 01:38:58: POST /servlet/GetProductVersion - 1ms
2022-06-09 01:38:58:   --> POST /servlet/GetProductVersion 404 1ms -
2022-06-09 01:38:59:   <-- GET /
2022-06-09 01:38:59: GET / - 8ms
2022-06-09 01:38:59:   --> GET / 200 9ms 185b
2022-06-09 01:38:59:   <-- GET /event/index.do
2022-06-09 01:38:59: GET /event/index.do - 0ms
2022-06-09 01:38:59:   --> GET /event/index.do 404 1ms -
2022-06-09 01:39:00:   <-- GET /
2022-06-09 01:39:00: GET / - 5ms
2022-06-09 01:39:00:   --> GET / 200 7ms 185b
2022-06-09 01:39:01:   <-- GET /
2022-06-09 01:39:01: GET / - 9ms
2022-06-09 01:39:01:   --> GET / 200 9ms 185b
2022-06-09 01:39:01:   <-- GET /mve/help/en/inventory/am_about.html
2022-06-09 01:39:01: GET /mve/help/en/inventory/am_about.html - 1ms
2022-06-09 01:39:01:   --> GET /mve/help/en/inventory/am_about.html 404 1ms -
2022-06-09 01:39:03:   <-- GET /
2022-06-09 01:39:03: GET / - 7ms
2022-06-09 01:39:03:   --> GET / 200 9ms 185b
2022-06-09 01:39:04:   <-- GET /web-console/ServerInfo.jsp
2022-06-09 01:39:04: GET /web-console/ServerInfo.jsp - 0ms
2022-06-09 01:39:04:   --> GET /web-console/ServerInfo.jsp 404 2ms -
2022-06-09 01:39:05:   <-- GET /home.seam
2022-06-09 01:39:05: GET /home.seam - 0ms
2022-06-09 01:39:05:   --> GET /home.seam 404 1ms -
2022-06-09 01:39:06:   <-- GET /imp/status.php3
2022-06-09 01:39:06: GET /imp/status.php3 - 0ms
2022-06-09 01:39:06:   --> GET /imp/status.php3 404 2ms -
2022-06-09 01:39:06:   <-- GET /iisprotect/admin/SiteAdmin.ASP?V_SiteName=&V_FirstTab=Groups&V_SecondTab=All&GroupName=nessus'
2022-06-09 01:39:06: GET /iisprotect/admin/SiteAdmin.ASP?V_SiteName=&V_FirstTab=Groups&V_SecondTab=All&GroupName=nessus' - 0ms
2022-06-09 01:39:06:   --> GET /iisprotect/admin/SiteAdmin.ASP?V_SiteName=&V_FirstTab=Groups&V_SecondTab=All&GroupName=nessus' 404 2ms -
2022-06-09 01:39:07:   <-- GET /iissamples/issamples/oop/qsumrhit.htw?CiWebHitsFile=/iissamples/issamples/oop/qsumrhit.htw&CiRestriction=none&CiHiliteType=Full
2022-06-09 01:39:07: GET /iissamples/issamples/oop/qsumrhit.htw?CiWebHitsFile=/iissamples/issamples/oop/qsumrhit.htw&CiRestriction=none&CiHiliteType=Full - 0ms
2022-06-09 01:39:07:   --> GET /iissamples/issamples/oop/qsumrhit.htw?CiWebHitsFile=/iissamples/issamples/oop/qsumrhit.htw&CiRestriction=none&CiHiliteType=Full 404 2ms -
2022-06-09 01:39:08:   <-- GET /iissamples/exair/howitworks/codebrws.asp
2022-06-09 01:39:08: GET /iissamples/exair/howitworks/codebrws.asp - 0ms
2022-06-09 01:39:08:   --> GET /iissamples/exair/howitworks/codebrws.asp 404 1ms -
2022-06-09 01:39:09:   <-- GET /iisadmpwd/aexp4.htr
2022-06-09 01:39:09: GET /iisadmpwd/aexp4.htr - 0ms
2022-06-09 01:39:09:   --> GET /iisadmpwd/aexp4.htr 404 1ms -
2022-06-09 01:39:10:   <-- GET /
2022-06-09 01:39:10: GET / - 6ms
2022-06-09 01:39:10:   --> GET / 200 8ms 185b
2022-06-09 01:39:11:   <-- GET /builtin/index.html
2022-06-09 01:39:11: GET /builtin/index.html - 0ms
2022-06-09 01:39:11:   --> GET /builtin/index.html 404 1ms -
2022-06-09 01:39:12:   <-- GET /rcladmin/js/art_i18n/nls/art_i18n.js
2022-06-09 01:39:12: GET /rcladmin/js/art_i18n/nls/art_i18n.js - 0ms
2022-06-09 01:39:12:   --> GET /rcladmin/js/art_i18n/nls/art_i18n.js 404 2ms -
2022-06-09 01:39:13:   <-- GET /
2022-06-09 01:39:13: GET / - 5ms
2022-06-09 01:39:13:   --> GET / 200 6ms 185b
2022-06-09 01:39:14:   <-- GET /trc
2022-06-09 01:39:14: GET /trc - 0ms
2022-06-09 01:39:14:   --> GET /trc 404 3ms -
2022-06-09 01:39:50:   <-- GET /
2022-06-09 01:39:50: GET / - 4ms
2022-06-09 01:39:50:   --> GET / 200 5ms 185b
2022-06-09 01:39:51:   <-- GET /
2022-06-09 01:39:51: GET / - 4ms
2022-06-09 01:39:51:   --> GET / 200 4ms 185b
2022-06-09 01:39:52:   <-- GET /
2022-06-09 01:39:52: GET / - 4ms
2022-06-09 01:39:52:   --> GET / 200 4ms 185b
2022-06-09 01:39:53:   <-- GET /
2022-06-09 01:39:53: GET / - 3ms
2022-06-09 01:39:53:   --> GET / 200 4ms 185b
2022-06-09 01:39:54:   <-- GET /
2022-06-09 01:39:54: GET / - 2ms
2022-06-09 01:39:54:   --> GET / 200 4ms 185b
2022-06-09 01:39:56:   <-- GET /
2022-06-09 01:39:56: GET / - 3ms
2022-06-09 01:39:56:   --> GET / 200 3ms 185b
2022-06-09 01:39:57:   <-- GET /_vti_bin/fpcount.exe
2022-06-09 01:39:57: GET /_vti_bin/fpcount.exe - 0ms
2022-06-09 01:39:57:   --> GET /_vti_bin/fpcount.exe 404 1ms -
2022-06-09 01:39:59:   <-- GET //login.jsp
2022-06-09 01:39:59:   xxx GET //login.jsp 400 1ms -
2022-06-09 01:40:00:   <-- GET /
2022-06-09 01:40:00: GET / - 5ms
2022-06-09 01:40:00:   --> GET / 200 6ms 185b
2022-06-09 01:40:01:   <-- GET /
2022-06-09 01:40:01: GET / - 4ms
2022-06-09 01:40:01:   --> GET / 200 5ms 185b
2022-06-09 01:40:02:   <-- GET /
2022-06-09 01:40:02: GET / - 4ms
2022-06-09 01:40:02:   --> GET / 200 6ms 185b
2022-06-09 01:40:03:   <-- GET /
2022-06-09 01:40:03: GET / - 4ms
2022-06-09 01:40:03:   --> GET / 200 5ms 185b
2022-06-09 01:40:03:   <-- GET /devinfo.xml
2022-06-09 01:40:03: GET /devinfo.xml - 0ms
2022-06-09 01:40:03:   --> GET /devinfo.xml 404 1ms -
2022-06-09 01:40:04:   <-- GET /UDataArea?plugin=com.dell.oma.webplugins.AboutWebPlugin
2022-06-09 01:40:04: GET /UDataArea?plugin=com.dell.oma.webplugins.AboutWebPlugin - 1ms
2022-06-09 01:40:04:   --> GET /UDataArea?plugin=com.dell.oma.webplugins.AboutWebPlugin 404 2ms -
2022-06-09 01:40:04:   <-- GET /about
2022-06-09 01:40:04: GET /about - 0ms
2022-06-09 01:40:04:   --> GET /about 404 1ms -
2022-06-09 01:40:04:   <-- GET /
2022-06-09 01:40:04: GET / - 5ms
2022-06-09 01:40:04:   --> GET / 200 5ms 185b
2022-06-09 01:40:06:   <-- GET /
2022-06-09 01:40:06: GET / - 6ms
2022-06-09 01:40:06:   --> GET / 200 9ms 185b
2022-06-09 01:40:07:   <-- GET /
2022-06-09 01:40:07: GET / - 6ms
2022-06-09 01:40:07:   --> GET / 200 8ms 185b
2022-06-09 01:40:10:   <-- GET /
2022-06-09 01:40:10: GET / - 4ms
2022-06-09 01:40:10:   --> GET / 200 5ms 185b
2022-06-09 01:40:11:   <-- GET /index.html
2022-06-09 01:40:11: GET /index.html - 0ms
2022-06-09 01:40:11:   --> GET /index.html 404 1ms -
2022-06-09 01:40:12:   <-- GET /
2022-06-09 01:40:12: GET / - 8ms
2022-06-09 01:40:12:   --> GET / 200 10ms 185b
2022-06-09 01:40:14:   <-- GET /cwhp/CSMSDesktop/about.jsp
2022-06-09 01:40:14: GET /cwhp/CSMSDesktop/about.jsp - 1ms
2022-06-09 01:40:14:   --> GET /cwhp/CSMSDesktop/about.jsp 404 3ms -
2022-06-09 01:40:14:   <-- GET /
2022-06-09 01:40:14: GET / - 3ms
2022-06-09 01:40:14:   --> GET / 200 5ms 185b
2022-06-09 01:40:16:   <-- GET /about.jsp
2022-06-09 01:40:16: GET /about.jsp - 0ms
2022-06-09 01:40:16:   --> GET /about.jsp 404 1ms -
2022-06-09 01:40:17:   <-- GET /
2022-06-09 01:40:17: GET / - 4ms
2022-06-09 01:40:17:   --> GET / 200 4ms 185b
2022-06-09 01:40:18:   <-- GET /+CSCOE+/logon.html
2022-06-09 01:40:18: GET /+CSCOE+/logon.html - 0ms
2022-06-09 01:40:18:   --> GET /+CSCOE+/logon.html 404 1ms -
2022-06-09 01:41:06:   <-- GET /
2022-06-09 01:41:06: GET / - 5ms
2022-06-09 01:41:06:   --> GET / 200 5ms 185b
2022-06-09 01:41:07:   <-- GET /forum.php
2022-06-09 01:41:07: GET /forum.php - 0ms
2022-06-09 01:41:07:   --> GET /forum.php 404 1ms -
2022-06-09 01:41:07:   <-- GET /cgi-mod/index.cgi
2022-06-09 01:41:07: GET /cgi-mod/index.cgi - 0ms
2022-06-09 01:41:07:   --> GET /cgi-mod/index.cgi 404 2ms -
2022-06-09 01:41:08:   <-- GET /
2022-06-09 01:41:08: GET / - 3ms
2022-06-09 01:41:08:   --> GET / 200 4ms 185b
2022-06-09 01:41:08:   <-- GET /.htaccess.tmp
2022-06-09 01:41:08: GET /.htaccess.tmp - 1ms
2022-06-09 01:41:08:   --> GET /.htaccess.tmp 404 1ms -
2022-06-09 01:41:09:   <-- GET /
2022-06-09 01:41:09: GET / - 4ms
2022-06-09 01:41:09:   --> GET / 200 6ms 185b
2022-06-09 01:41:09:   <-- GET /
2022-06-09 01:41:09: GET / - 3ms
2022-06-09 01:41:09:   --> GET / 200 4ms 185b
2022-06-09 01:41:58:   <-- GET /vr4v4y1n.asp?<script>document.cookie=%22testovrv=8063;%22</script>
2022-06-09 01:41:58: GET /vr4v4y1n.asp?<script>document.cookie=%22testovrv=8063;%22</script> - 0ms
2022-06-09 01:41:58:   --> GET /vr4v4y1n.asp?<script>document.cookie=%22testovrv=8063;%22</script> 404 1ms -
2022-06-09 01:41:58:   <-- GET /vr4v4y1n.asp?<meta%20http-equiv=Set-Cookie%20content=%22testovrv=8063%22>
2022-06-09 01:41:58: GET /vr4v4y1n.asp?<meta%20http-equiv=Set-Cookie%20content=%22testovrv=8063%22> - 0ms
2022-06-09 01:41:58:   --> GET /vr4v4y1n.asp?<meta%20http-equiv=Set-Cookie%20content=%22testovrv=8063%22> 404 1ms -
2022-06-09 01:41:58:   <-- GET /vr4v4y1n.aspx?<script>document.cookie=%22testovrv=8063;%22</script>
2022-06-09 01:41:58: GET /vr4v4y1n.aspx?<script>document.cookie=%22testovrv=8063;%22</script> - 0ms
2022-06-09 01:41:58:   --> GET /vr4v4y1n.aspx?<script>document.cookie=%22testovrv=8063;%22</script> 404 1ms -
2022-06-09 01:41:58:   <-- GET /vr4v4y1n.aspx?<meta%20http-equiv=Set-Cookie%20content=%22testovrv=8063%22>
2022-06-09 01:41:58: GET /vr4v4y1n.aspx?<meta%20http-equiv=Set-Cookie%20content=%22testovrv=8063%22> - 0ms
2022-06-09 01:41:58:   --> GET /vr4v4y1n.aspx?<meta%20http-equiv=Set-Cookie%20content=%22testovrv=8063%22> 404 1ms -
2022-06-09 01:41:58:   <-- GET /vr4v4y1n.pl?<script>document.cookie=%22testovrv=8063;%22</script>
2022-06-09 01:41:58: GET /vr4v4y1n.pl?<script>document.cookie=%22testovrv=8063;%22</script> - 1ms
2022-06-09 01:41:58:   --> GET /vr4v4y1n.pl?<script>document.cookie=%22testovrv=8063;%22</script> 404 1ms -
2022-06-09 01:41:58:   <-- GET /vr4v4y1n.pl?<meta%20http-equiv=Set-Cookie%20content=%22testovrv=8063%22>
2022-06-09 01:41:58: GET /vr4v4y1n.pl?<meta%20http-equiv=Set-Cookie%20content=%22testovrv=8063%22> - 0ms
2022-06-09 01:41:58:   --> GET /vr4v4y1n.pl?<meta%20http-equiv=Set-Cookie%20content=%22testovrv=8063%22> 404 1ms -
2022-06-09 01:41:58:   <-- GET /vr4v4y1n.cgi?<script>document.cookie=%22testovrv=8063;%22</script>
2022-06-09 01:41:58: GET /vr4v4y1n.cgi?<script>document.cookie=%22testovrv=8063;%22</script> - 0ms
2022-06-09 01:41:58:   --> GET /vr4v4y1n.cgi?<script>document.cookie=%22testovrv=8063;%22</script> 404 1ms -
2022-06-09 01:41:58:   <-- GET /vr4v4y1n.cgi?<meta%20http-equiv=Set-Cookie%20content=%22testovrv=8063%22>
2022-06-09 01:41:58: GET /vr4v4y1n.cgi?<meta%20http-equiv=Set-Cookie%20content=%22testovrv=8063%22> - 0ms
2022-06-09 01:41:58:   --> GET /vr4v4y1n.cgi?<meta%20http-equiv=Set-Cookie%20content=%22testovrv=8063%22> 404 1ms -
2022-06-09 01:41:58:   <-- GET /vr4v4y1n.exe?<script>document.cookie=%22testovrv=8063;%22</script>
2022-06-09 01:41:58: GET /vr4v4y1n.exe?<script>document.cookie=%22testovrv=8063;%22</script> - 0ms
2022-06-09 01:41:58:   --> GET /vr4v4y1n.exe?<script>document.cookie=%22testovrv=8063;%22</script> 404 1ms -
2022-06-09 01:41:58:   <-- GET /vr4v4y1n.exe?<meta%20http-equiv=Set-Cookie%20content=%22testovrv=8063%22>
2022-06-09 01:41:58: GET /vr4v4y1n.exe?<meta%20http-equiv=Set-Cookie%20content=%22testovrv=8063%22> - 0ms
2022-06-09 01:41:58:   --> GET /vr4v4y1n.exe?<meta%20http-equiv=Set-Cookie%20content=%22testovrv=8063%22> 404 1ms -
2022-06-09 01:41:58:   <-- GET /vr4v4y1n.cfm?<script>document.cookie=%22testovrv=8063;%22</script>
2022-06-09 01:41:58: GET /vr4v4y1n.cfm?<script>document.cookie=%22testovrv=8063;%22</script> - 0ms
2022-06-09 01:41:58:   --> GET /vr4v4y1n.cfm?<script>document.cookie=%22testovrv=8063;%22</script> 404 1ms -
2022-06-09 01:41:58:   <-- GET /vr4v4y1n.cfm?<meta%20http-equiv=Set-Cookie%20content=%22testovrv=8063%22>
2022-06-09 01:41:58: GET /vr4v4y1n.cfm?<meta%20http-equiv=Set-Cookie%20content=%22testovrv=8063%22> - 1ms
2022-06-09 01:41:58:   --> GET /vr4v4y1n.cfm?<meta%20http-equiv=Set-Cookie%20content=%22testovrv=8063%22> 404 1ms -
2022-06-09 01:41:58:   <-- GET /vr4v4y1n.html?<script>document.cookie=%22testovrv=8063;%22</script>
2022-06-09 01:41:58: GET /vr4v4y1n.html?<script>document.cookie=%22testovrv=8063;%22</script> - 0ms
2022-06-09 01:41:58:   --> GET /vr4v4y1n.html?<script>document.cookie=%22testovrv=8063;%22</script> 404 1ms -
2022-06-09 01:41:58:   <-- GET /vr4v4y1n.html?<meta%20http-equiv=Set-Cookie%20content=%22testovrv=8063%22>
2022-06-09 01:41:58: GET /vr4v4y1n.html?<meta%20http-equiv=Set-Cookie%20content=%22testovrv=8063%22> - 0ms
2022-06-09 01:41:58:   --> GET /vr4v4y1n.html?<meta%20http-equiv=Set-Cookie%20content=%22testovrv=8063%22> 404 0ms -
2022-06-09 01:41:58:   <-- GET /vr4v4y1n.jsp?<script>document.cookie=%22testovrv=8063;%22</script>
2022-06-09 01:41:58: GET /vr4v4y1n.jsp?<script>document.cookie=%22testovrv=8063;%22</script> - 1ms
2022-06-09 01:41:58:   --> GET /vr4v4y1n.jsp?<script>document.cookie=%22testovrv=8063;%22</script> 404 2ms -
2022-06-09 01:41:58:   <-- GET /vr4v4y1n.jsp?<meta%20http-equiv=Set-Cookie%20content=%22testovrv=8063%22>
2022-06-09 01:41:58: GET /vr4v4y1n.jsp?<meta%20http-equiv=Set-Cookie%20content=%22testovrv=8063%22> - 1ms
2022-06-09 01:41:58:   --> GET /vr4v4y1n.jsp?<meta%20http-equiv=Set-Cookie%20content=%22testovrv=8063%22> 404 1ms -
2022-06-09 01:41:58:   <-- GET /vr4v4y1n.php?<script>document.cookie=%22testovrv=8063;%22</script>
2022-06-09 01:41:58: GET /vr4v4y1n.php?<script>document.cookie=%22testovrv=8063;%22</script> - 0ms
2022-06-09 01:41:58:   --> GET /vr4v4y1n.php?<script>document.cookie=%22testovrv=8063;%22</script> 404 1ms -
2022-06-09 01:41:58:   <-- GET /vr4v4y1n.php?<meta%20http-equiv=Set-Cookie%20content=%22testovrv=8063%22>
2022-06-09 01:41:58: GET /vr4v4y1n.php?<meta%20http-equiv=Set-Cookie%20content=%22testovrv=8063%22> - 0ms
2022-06-09 01:41:58:   --> GET /vr4v4y1n.php?<meta%20http-equiv=Set-Cookie%20content=%22testovrv=8063%22> 404 1ms -
2022-06-09 01:41:58:   <-- GET /vr4v4y1n.php3?<script>document.cookie=%22testovrv=8063;%22</script>
2022-06-09 01:41:58: GET /vr4v4y1n.php3?<script>document.cookie=%22testovrv=8063;%22</script> - 0ms
2022-06-09 01:41:58:   --> GET /vr4v4y1n.php3?<script>document.cookie=%22testovrv=8063;%22</script> 404 1ms -
2022-06-09 01:41:58:   <-- GET /vr4v4y1n.php3?<meta%20http-equiv=Set-Cookie%20content=%22testovrv=8063%22>
2022-06-09 01:41:58: GET /vr4v4y1n.php3?<meta%20http-equiv=Set-Cookie%20content=%22testovrv=8063%22> - 0ms
2022-06-09 01:41:58:   --> GET /vr4v4y1n.php3?<meta%20http-equiv=Set-Cookie%20content=%22testovrv=8063%22> 404 1ms -
2022-06-09 01:41:58:   <-- GET /vr4v4y1n.cfc?<script>document.cookie=%22testovrv=8063;%22</script>
2022-06-09 01:41:58: GET /vr4v4y1n.cfc?<script>document.cookie=%22testovrv=8063;%22</script> - 0ms
2022-06-09 01:41:58:   --> GET /vr4v4y1n.cfc?<script>document.cookie=%22testovrv=8063;%22</script> 404 1ms -
2022-06-09 01:41:58:   <-- GET /vr4v4y1n.cfc?<meta%20http-equiv=Set-Cookie%20content=%22testovrv=8063%22>
2022-06-09 01:41:58: GET /vr4v4y1n.cfc?<meta%20http-equiv=Set-Cookie%20content=%22testovrv=8063%22> - 0ms
2022-06-09 01:41:58:   --> GET /vr4v4y1n.cfc?<meta%20http-equiv=Set-Cookie%20content=%22testovrv=8063%22> 404 1ms -
2022-06-09 01:41:58:   <-- GET /vr4v4y1n.nsf?<script>document.cookie=%22testovrv=8063;%22</script>
2022-06-09 01:41:58: GET /vr4v4y1n.nsf?<script>document.cookie=%22testovrv=8063;%22</script> - 1ms
2022-06-09 01:41:58:   --> GET /vr4v4y1n.nsf?<script>document.cookie=%22testovrv=8063;%22</script> 404 1ms -
2022-06-09 01:41:58:   <-- GET /vr4v4y1n.nsf?<meta%20http-equiv=Set-Cookie%20content=%22testovrv=8063%22>
2022-06-09 01:41:58: GET /vr4v4y1n.nsf?<meta%20http-equiv=Set-Cookie%20content=%22testovrv=8063%22> - 0ms
2022-06-09 01:41:58:   --> GET /vr4v4y1n.nsf?<meta%20http-equiv=Set-Cookie%20content=%22testovrv=8063%22> 404 2ms -
2022-06-09 01:41:58:   <-- GET /vr4v4y1n.dll?<script>document.cookie=%22testovrv=8063;%22</script>
2022-06-09 01:41:58: GET /vr4v4y1n.dll?<script>document.cookie=%22testovrv=8063;%22</script> - 0ms
2022-06-09 01:41:58:   --> GET /vr4v4y1n.dll?<script>document.cookie=%22testovrv=8063;%22</script> 404 0ms -
2022-06-09 01:41:58:   <-- GET /vr4v4y1n.dll?<meta%20http-equiv=Set-Cookie%20content=%22testovrv=8063%22>
2022-06-09 01:41:58: GET /vr4v4y1n.dll?<meta%20http-equiv=Set-Cookie%20content=%22testovrv=8063%22> - 0ms
2022-06-09 01:41:58:   --> GET /vr4v4y1n.dll?<meta%20http-equiv=Set-Cookie%20content=%22testovrv=8063%22> 404 2ms -
2022-06-09 01:41:58:   <-- GET /vr4v4y1n.fts?<script>document.cookie=%22testovrv=8063;%22</script>
2022-06-09 01:41:58: GET /vr4v4y1n.fts?<script>document.cookie=%22testovrv=8063;%22</script> - 0ms
2022-06-09 01:41:58:   --> GET /vr4v4y1n.fts?<script>document.cookie=%22testovrv=8063;%22</script> 404 1ms -
2022-06-09 01:41:58:   <-- GET /vr4v4y1n.fts?<meta%20http-equiv=Set-Cookie%20content=%22testovrv=8063%22>
2022-06-09 01:41:58: GET /vr4v4y1n.fts?<meta%20http-equiv=Set-Cookie%20content=%22testovrv=8063%22> - 0ms
2022-06-09 01:41:58:   --> GET /vr4v4y1n.fts?<meta%20http-equiv=Set-Cookie%20content=%22testovrv=8063%22> 404 1ms -
2022-06-09 01:41:58:   <-- GET /vr4v4y1n.jspa?<script>document.cookie=%22testovrv=8063;%22</script>
2022-06-09 01:41:58: GET /vr4v4y1n.jspa?<script>document.cookie=%22testovrv=8063;%22</script> - 0ms
2022-06-09 01:41:58:   --> GET /vr4v4y1n.jspa?<script>document.cookie=%22testovrv=8063;%22</script> 404 1ms -
2022-06-09 01:41:58:   <-- GET /vr4v4y1n.jspa?<meta%20http-equiv=Set-Cookie%20content=%22testovrv=8063%22>
2022-06-09 01:41:58: GET /vr4v4y1n.jspa?<meta%20http-equiv=Set-Cookie%20content=%22testovrv=8063%22> - 0ms
2022-06-09 01:41:58:   --> GET /vr4v4y1n.jspa?<meta%20http-equiv=Set-Cookie%20content=%22testovrv=8063%22> 404 1ms -
2022-06-09 01:41:58:   <-- GET /vr4v4y1n.kspx?<script>document.cookie=%22testovrv=8063;%22</script>
2022-06-09 01:41:58: GET /vr4v4y1n.kspx?<script>document.cookie=%22testovrv=8063;%22</script> - 1ms
2022-06-09 01:41:58:   --> GET /vr4v4y1n.kspx?<script>document.cookie=%22testovrv=8063;%22</script> 404 1ms -
2022-06-09 01:41:58:   <-- GET /vr4v4y1n.kspx?<meta%20http-equiv=Set-Cookie%20content=%22testovrv=8063%22>
2022-06-09 01:41:58: GET /vr4v4y1n.kspx?<meta%20http-equiv=Set-Cookie%20content=%22testovrv=8063%22> - 0ms
2022-06-09 01:41:58:   --> GET /vr4v4y1n.kspx?<meta%20http-equiv=Set-Cookie%20content=%22testovrv=8063%22> 404 1ms -
2022-06-09 01:41:58:   <-- GET /vr4v4y1n.mscgi?<script>document.cookie=%22testovrv=8063;%22</script>
2022-06-09 01:41:58: GET /vr4v4y1n.mscgi?<script>document.cookie=%22testovrv=8063;%22</script> - 1ms
2022-06-09 01:41:58:   --> GET /vr4v4y1n.mscgi?<script>document.cookie=%22testovrv=8063;%22</script> 404 2ms -
2022-06-09 01:41:58:   <-- GET /vr4v4y1n.mscgi?<meta%20http-equiv=Set-Cookie%20content=%22testovrv=8063%22>
2022-06-09 01:41:58: GET /vr4v4y1n.mscgi?<meta%20http-equiv=Set-Cookie%20content=%22testovrv=8063%22> - 1ms
2022-06-09 01:41:58:   --> GET /vr4v4y1n.mscgi?<meta%20http-equiv=Set-Cookie%20content=%22testovrv=8063%22> 404 1ms -
2022-06-09 01:41:58:   <-- GET /vr4v4y1n.do?<script>document.cookie=%22testovrv=8063;%22</script>
2022-06-09 01:41:58: GET /vr4v4y1n.do?<script>document.cookie=%22testovrv=8063;%22</script> - 0ms
2022-06-09 01:41:58:   --> GET /vr4v4y1n.do?<script>document.cookie=%22testovrv=8063;%22</script> 404 2ms -
2022-06-09 01:41:58:   <-- GET /vr4v4y1n.do?<meta%20http-equiv=Set-Cookie%20content=%22testovrv=8063%22>
2022-06-09 01:41:58: GET /vr4v4y1n.do?<meta%20http-equiv=Set-Cookie%20content=%22testovrv=8063%22> - 0ms
2022-06-09 01:41:58:   --> GET /vr4v4y1n.do?<meta%20http-equiv=Set-Cookie%20content=%22testovrv=8063%22> 404 1ms -
2022-06-09 01:41:58:   <-- GET /vr4v4y1n.htm?<script>document.cookie=%22testovrv=8063;%22</script>
2022-06-09 01:41:58: GET /vr4v4y1n.htm?<script>document.cookie=%22testovrv=8063;%22</script> - 0ms
2022-06-09 01:41:58:   --> GET /vr4v4y1n.htm?<script>document.cookie=%22testovrv=8063;%22</script> 404 0ms -
2022-06-09 01:41:58:   <-- GET /vr4v4y1n.htm?<meta%20http-equiv=Set-Cookie%20content=%22testovrv=8063%22>
2022-06-09 01:41:58: GET /vr4v4y1n.htm?<meta%20http-equiv=Set-Cookie%20content=%22testovrv=8063%22> - 0ms
2022-06-09 01:41:58:   --> GET /vr4v4y1n.htm?<meta%20http-equiv=Set-Cookie%20content=%22testovrv=8063%22> 404 1ms -
2022-06-09 01:41:58:   <-- GET /vr4v4y1n.idc?<script>document.cookie=%22testovrv=8063;%22</script>
2022-06-09 01:41:58: GET /vr4v4y1n.idc?<script>document.cookie=%22testovrv=8063;%22</script> - 0ms
2022-06-09 01:41:58:   --> GET /vr4v4y1n.idc?<script>document.cookie=%22testovrv=8063;%22</script> 404 1ms -
2022-06-09 01:41:58:   <-- GET /vr4v4y1n.idc?<meta%20http-equiv=Set-Cookie%20content=%22testovrv=8063%22>
2022-06-09 01:41:58: GET /vr4v4y1n.idc?<meta%20http-equiv=Set-Cookie%20content=%22testovrv=8063%22> - 0ms
2022-06-09 01:41:58:   --> GET /vr4v4y1n.idc?<meta%20http-equiv=Set-Cookie%20content=%22testovrv=8063%22> 404 1ms -
2022-06-09 01:41:58:   <-- GET /vr4v4y1n.x?<script>document.cookie=%22testovrv=8063;%22</script>
2022-06-09 01:41:58: GET /vr4v4y1n.x?<script>document.cookie=%22testovrv=8063;%22</script> - 0ms
2022-06-09 01:41:58:   --> GET /vr4v4y1n.x?<script>document.cookie=%22testovrv=8063;%22</script> 404 1ms -
2022-06-09 01:41:58:   <-- GET /vr4v4y1n.x?<meta%20http-equiv=Set-Cookie%20content=%22testovrv=8063%22>
2022-06-09 01:41:58: GET /vr4v4y1n.x?<meta%20http-equiv=Set-Cookie%20content=%22testovrv=8063%22> - 0ms
2022-06-09 01:41:58:   --> GET /vr4v4y1n.x?<meta%20http-equiv=Set-Cookie%20content=%22testovrv=8063%22> 404 1ms -
2022-06-09 01:43:32:   <-- GET /<meta%20http-equiv=Set-Cookie%20content=%22testovrv=8063%22>
2022-06-09 01:43:32: GET /<meta%20http-equiv=Set-Cookie%20content=%22testovrv=8063%22> - 0ms
2022-06-09 01:43:32:   --> GET /<meta%20http-equiv=Set-Cookie%20content=%22testovrv=8063%22> 404 1ms -
2022-06-09 01:44:02:   <-- GET /
2022-06-09 01:44:02: GET / - 4ms
2022-06-09 01:44:02:   --> GET / 200 5ms 185b
2022-06-09 01:44:03:   <-- GET /api/v1/?format=api
2022-06-09 01:44:03: GET /api/v1/?format=api - 0ms
2022-06-09 01:44:03:   --> GET /api/v1/?format=api 404 1ms -
2022-06-09 01:44:05:   <-- GET /
2022-06-09 01:44:05: GET / - 4ms
2022-06-09 01:44:05:   --> GET / 200 4ms 185b
2022-06-09 01:44:06:   <-- GET /chassis/config/GeneralChassisConfig.html
2022-06-09 01:44:06: GET /chassis/config/GeneralChassisConfig.html - 0ms
2022-06-09 01:44:06:   --> GET /chassis/config/GeneralChassisConfig.html 404 2ms -
2022-06-09 01:45:01:   <-- GET /console/faces/com_sun_web_ui/help/masthead.jsp?windowTitle=%3c/title%3e%3cscript%3ealert(%27sun_java_web_console_helpwindow_xss.nasl%27)%3c/script%3e
2022-06-09 01:45:01: GET /console/faces/com_sun_web_ui/help/masthead.jsp?windowTitle=%3c/title%3e%3cscript%3ealert(%27sun_java_web_console_helpwindow_xss.nasl%27)%3c/script%3e - 0ms
2022-06-09 01:45:01:   --> GET /console/faces/com_sun_web_ui/help/masthead.jsp?windowTitle=%3c/title%3e%3cscript%3ealert(%27sun_java_web_console_helpwindow_xss.nasl%27)%3c/script%3e 404 2ms -
2022-06-09 01:45:42:   <-- GET /_mem_bin/formslogin.asp?url=><script>alert('Vulnerable');</script>
2022-06-09 01:45:42: GET /_mem_bin/formslogin.asp?url=><script>alert('Vulnerable');</script> - 1ms
2022-06-09 01:45:42:   --> GET /_mem_bin/formslogin.asp?url=><script>alert('Vulnerable');</script> 404 3ms -
2022-06-09 01:45:43:   <-- GET /
2022-06-09 01:45:43: GET / - 3ms
2022-06-09 01:45:43:   --> GET / 200 3ms 185b
2022-06-09 01:45:44:   <-- GET /
2022-06-09 01:45:44: GET / - 5ms
2022-06-09 01:45:44:   --> GET / 200 6ms 185b
2022-06-09 01:45:54:   <-- GET /index.jsp
2022-06-09 01:45:54: GET /index.jsp - 0ms
2022-06-09 01:45:54:   --> GET /index.jsp 404 2ms -
2022-06-09 01:45:56:   <-- GET /enter.php?goto=%2F
2022-06-09 01:45:56: GET /enter.php?goto=%2F - 0ms
2022-06-09 01:45:56:   --> GET /enter.php?goto=%2F 404 1ms -
2022-06-09 01:46:04: chrome 占比 0%
2022-06-09 01:47:29:   <-- GET /
2022-06-09 01:47:29: GET / - 220ms
2022-06-09 01:47:29:   --> GET / 200 226ms 185b
2022-06-09 01:47:34:   <-- GET /.anydomain.test
2022-06-09 01:47:34: GET /.anydomain.test - 0ms
2022-06-09 01:47:34:   --> GET /.anydomain.test 404 2ms -
2022-06-09 01:48:12:   <-- GET /setup/setup-/../../log.jsp?log=info&mode=asc&lines=10
2022-06-09 01:48:12: GET /setup/setup-/../../log.jsp?log=info&mode=asc&lines=10 - 1ms
2022-06-09 01:48:12:   --> GET /setup/setup-/../../log.jsp?log=info&mode=asc&lines=10 404 3ms -
2022-06-09 01:48:13:   <-- GET /
2022-06-09 01:48:13: GET / - 11ms
2022-06-09 01:48:13:   --> GET / 200 13ms 185b
2022-06-09 01:48:44:   <-- GET /3HAUum41Bt44
2022-06-09 01:48:44: GET /3HAUum41Bt44 - 0ms
2022-06-09 01:48:44:   --> GET /3HAUum41Bt44 404 2ms -
2022-06-09 01:50:32:   <-- POST http://127.0.0.1/iControl/iControlPortal.cgi
2022-06-09 01:50:32: POST http://127.0.0.1/iControl/iControlPortal.cgi - 2ms
2022-06-09 01:50:32:   --> POST http://127.0.0.1/iControl/iControlPortal.cgi 404 2ms -
2022-06-09 01:50:32:   <-- GET /
2022-06-09 01:50:32: GET / - 9ms
2022-06-09 01:50:32:   --> GET / 200 11ms 185b
2022-06-09 01:51:13:   <-- GET /
2022-06-09 01:51:13: GET / - 8ms
2022-06-09 01:51:13:   --> GET / 200 8ms 185b
2022-06-09 01:51:30:   <-- GET /default.asp%20
2022-06-09 01:51:30: GET /default.asp%20 - 0ms
2022-06-09 01:51:30:   --> GET /default.asp%20 404 2ms -
2022-06-09 01:51:31:   <-- GET /note.txt?F_notini=&T_note=&nomentreprise=blah&filenote=../../winnt/win.ini
2022-06-09 01:51:31: GET /note.txt?F_notini=&T_note=&nomentreprise=blah&filenote=../../winnt/win.ini - 1ms
2022-06-09 01:51:31:   --> GET /note.txt?F_notini=&T_note=&nomentreprise=blah&filenote=../../winnt/win.ini 404 2ms -
2022-06-09 01:51:33:   <-- GET /user_settings.cfg
2022-06-09 01:51:33: GET /user_settings.cfg - 0ms
2022-06-09 01:51:33:   --> GET /user_settings.cfg 404 2ms -
2022-06-09 09:46:07: chrome 占比 0%
2022-06-09 17:46:08: chrome 占比 0%
2022-06-10 01:46:10: chrome 占比 0%
2022-06-10 09:46:12: chrome 占比 0%
2022-06-10 17:47:17: chrome 占比 0%
