2022-06-06 16:14:17: chrome 占比 0%
2022-06-06 16:14:24: chrome 占比 0%
2022-06-06 16:14:26: chrome 占比 0%
2022-06-06 16:14:57: chrome 占比 0%
2022-06-06 16:15:04: chrome 占比 0%
2022-06-06 18:18:21: chrome 占比 0%
2022-06-06 18:18:31: chrome 占比 0%
2022-06-06 18:18:42: chrome 占比 0%
2022-06-06 18:18:45: chrome 占比 0%
2022-06-06 18:19:41: chrome 占比 0%
2022-06-06 18:20:05: chrome 占比 0%
2022-06-06 18:21:00: chrome 占比 0%
2022-06-06 18:21:05: chrome 占比 0%
2022-06-07 16:07:16: chrome 占比 0%
2022-06-08 14:07:48: chrome 占比 0%
2022-06-08 17:46:02: chrome 占比 0%
2022-06-09 01:37:07:   <-- GET /
2022-06-09 01:37:07: GET / - 440ms
2022-06-09 01:37:08:   --> GET / 200 456ms 185b
2022-06-09 01:37:49:   <-- GET /header.php?tab=status
2022-06-09 01:37:49: GET /header.php?tab=status - 0ms
2022-06-09 01:37:49:   --> GET /header.php?tab=status 404 2ms -
2022-06-09 01:37:52:   <-- GET /admin/login.do
2022-06-09 01:37:52: GET /admin/login.do - 1ms
2022-06-09 01:37:52:   --> GET /admin/login.do 404 3ms -
2022-06-09 01:37:52:   <-- GET /wcd/system.xml
2022-06-09 01:37:52: GET /wcd/system.xml - 1ms
2022-06-09 01:37:52:   --> GET /wcd/system.xml 404 2ms -
2022-06-09 01:37:54:   <-- GET /commoncgi/servlet/CCGIServlet?ApHost=PDT_InterScan_NT&CGIAlias=PDT_InterScan_NT&File=logout.htm
2022-06-09 01:37:54: GET /commoncgi/servlet/CCGIServlet?ApHost=PDT_InterScan_NT&CGIAlias=PDT_InterScan_NT&File=logout.htm - 0ms
2022-06-09 01:37:54:   --> GET /commoncgi/servlet/CCGIServlet?ApHost=PDT_InterScan_NT&CGIAlias=PDT_InterScan_NT&File=logout.htm 404 2ms -
2022-06-09 01:37:55:   <-- GET /
2022-06-09 01:37:55: GET / - 14ms
2022-06-09 01:37:55:   --> GET / 200 15ms 185b
2022-06-09 01:37:56:   <-- GET /.cobalt
2022-06-09 01:37:56: GET /.cobalt - 0ms
2022-06-09 01:37:56:   --> GET /.cobalt 404 1ms -
2022-06-09 01:38:00:   <-- GET /vtjLgiRtfwMm.html
2022-06-09 01:38:00: GET /vtjLgiRtfwMm.html - 0ms
2022-06-09 01:38:00:   --> GET /vtjLgiRtfwMm.html 404 3ms -
2022-06-09 01:38:00:   <-- GET /vtjLgiRtfwMm.cgi
2022-06-09 01:38:00: GET /vtjLgiRtfwMm.cgi - 1ms
2022-06-09 01:38:00:   --> GET /vtjLgiRtfwMm.cgi 404 2ms -
2022-06-09 01:38:00:   <-- GET /vtjLgiRtfwMm.sh
2022-06-09 01:38:00: GET /vtjLgiRtfwMm.sh - 0ms
2022-06-09 01:38:00:   --> GET /vtjLgiRtfwMm.sh 404 2ms -
2022-06-09 01:38:00:   <-- GET /vtjLgiRtfwMm.pl
2022-06-09 01:38:00: GET /vtjLgiRtfwMm.pl - 0ms
2022-06-09 01:38:00:   --> GET /vtjLgiRtfwMm.pl 404 2ms -
2022-06-09 01:38:00:   <-- GET /vtjLgiRtfwMm.inc
2022-06-09 01:38:00: GET /vtjLgiRtfwMm.inc - 0ms
2022-06-09 01:38:00:   --> GET /vtjLgiRtfwMm.inc 404 2ms -
2022-06-09 01:38:00:   <-- GET /vtjLgiRtfwMm.shtml
2022-06-09 01:38:00: GET /vtjLgiRtfwMm.shtml - 0ms
2022-06-09 01:38:00:   --> GET /vtjLgiRtfwMm.shtml 404 2ms -
2022-06-09 01:38:00:   <-- GET /vtjLgiRtfwMm.asp
2022-06-09 01:38:00: GET /vtjLgiRtfwMm.asp - 1ms
2022-06-09 01:38:00:   --> GET /vtjLgiRtfwMm.asp 404 4ms -
2022-06-09 01:38:00:   <-- GET /vtjLgiRtfwMm.php
2022-06-09 01:38:00: GET /vtjLgiRtfwMm.php - 0ms
2022-06-09 01:38:00:   --> GET /vtjLgiRtfwMm.php 404 1ms -
2022-06-09 01:38:00:   <-- GET /vtjLgiRtfwMm.php3
2022-06-09 01:38:00: GET /vtjLgiRtfwMm.php3 - 0ms
2022-06-09 01:38:00:   --> GET /vtjLgiRtfwMm.php3 404 1ms -
2022-06-09 01:38:00:   <-- GET /vtjLgiRtfwMm.cfm
2022-06-09 01:38:00: GET /vtjLgiRtfwMm.cfm - 0ms
2022-06-09 01:38:00:   --> GET /vtjLgiRtfwMm.cfm 404 2ms -
2022-06-09 01:38:00:   <-- GET /cgi-bin/vtjLgiRtfwMm.html
2022-06-09 01:38:00: GET /cgi-bin/vtjLgiRtfwMm.html - 1ms
2022-06-09 01:38:00:   --> GET /cgi-bin/vtjLgiRtfwMm.html 404 1ms -
2022-06-09 01:38:00:   <-- GET /cgi-bin/vtjLgiRtfwMm.cgi
2022-06-09 01:38:00: GET /cgi-bin/vtjLgiRtfwMm.cgi - 0ms
2022-06-09 01:38:00:   --> GET /cgi-bin/vtjLgiRtfwMm.cgi 404 1ms -
2022-06-09 01:38:00:   <-- GET /cgi-bin/vtjLgiRtfwMm.sh
2022-06-09 01:38:00: GET /cgi-bin/vtjLgiRtfwMm.sh - 1ms
2022-06-09 01:38:00:   --> GET /cgi-bin/vtjLgiRtfwMm.sh 404 2ms -
2022-06-09 01:38:00:   <-- GET /cgi-bin/vtjLgiRtfwMm.pl
2022-06-09 01:38:00: GET /cgi-bin/vtjLgiRtfwMm.pl - 1ms
2022-06-09 01:38:00:   --> GET /cgi-bin/vtjLgiRtfwMm.pl 404 1ms -
2022-06-09 01:38:00:   <-- GET /cgi-bin/vtjLgiRtfwMm.inc
2022-06-09 01:38:00: GET /cgi-bin/vtjLgiRtfwMm.inc - 1ms
2022-06-09 01:38:00:   --> GET /cgi-bin/vtjLgiRtfwMm.inc 404 1ms -
2022-06-09 01:38:00:   <-- GET /cgi-bin/vtjLgiRtfwMm.shtml
2022-06-09 01:38:00: GET /cgi-bin/vtjLgiRtfwMm.shtml - 1ms
2022-06-09 01:38:00:   --> GET /cgi-bin/vtjLgiRtfwMm.shtml 404 2ms -
2022-06-09 01:38:00:   <-- GET /cgi-bin/vtjLgiRtfwMm.asp
2022-06-09 01:38:00: GET /cgi-bin/vtjLgiRtfwMm.asp - 0ms
2022-06-09 01:38:00:   --> GET /cgi-bin/vtjLgiRtfwMm.asp 404 1ms -
2022-06-09 01:38:00:   <-- GET /cgi-bin/vtjLgiRtfwMm.php
2022-06-09 01:38:00: GET /cgi-bin/vtjLgiRtfwMm.php - 1ms
2022-06-09 01:38:00:   --> GET /cgi-bin/vtjLgiRtfwMm.php 404 2ms -
2022-06-09 01:38:00:   <-- GET /cgi-bin/vtjLgiRtfwMm.php3
2022-06-09 01:38:00: GET /cgi-bin/vtjLgiRtfwMm.php3 - 0ms
2022-06-09 01:38:00:   --> GET /cgi-bin/vtjLgiRtfwMm.php3 404 2ms -
2022-06-09 01:38:00:   <-- GET /cgi-bin/vtjLgiRtfwMm.cfm
2022-06-09 01:38:00: GET /cgi-bin/vtjLgiRtfwMm.cfm - 2ms
2022-06-09 01:38:00:   --> GET /cgi-bin/vtjLgiRtfwMm.cfm 404 4ms -
2022-06-09 01:38:00:   <-- GET /scripts/vtjLgiRtfwMm.html
2022-06-09 01:38:00: GET /scripts/vtjLgiRtfwMm.html - 1ms
2022-06-09 01:38:00:   --> GET /scripts/vtjLgiRtfwMm.html 404 2ms -
2022-06-09 01:38:00:   <-- GET /scripts/vtjLgiRtfwMm.cgi
2022-06-09 01:38:00: GET /scripts/vtjLgiRtfwMm.cgi - 1ms
2022-06-09 01:38:00:   --> GET /scripts/vtjLgiRtfwMm.cgi 404 3ms -
2022-06-09 01:38:00:   <-- GET /scripts/vtjLgiRtfwMm.sh
2022-06-09 01:38:00: GET /scripts/vtjLgiRtfwMm.sh - 0ms
2022-06-09 01:38:00:   --> GET /scripts/vtjLgiRtfwMm.sh 404 2ms -
2022-06-09 01:38:00:   <-- GET /scripts/vtjLgiRtfwMm.pl
2022-06-09 01:38:00: GET /scripts/vtjLgiRtfwMm.pl - 0ms
2022-06-09 01:38:00:   --> GET /scripts/vtjLgiRtfwMm.pl 404 2ms -
2022-06-09 01:38:00:   <-- GET /scripts/vtjLgiRtfwMm.inc
2022-06-09 01:38:00: GET /scripts/vtjLgiRtfwMm.inc - 0ms
2022-06-09 01:38:00:   --> GET /scripts/vtjLgiRtfwMm.inc 404 2ms -
2022-06-09 01:38:00:   <-- GET /scripts/vtjLgiRtfwMm.shtml
2022-06-09 01:38:00: GET /scripts/vtjLgiRtfwMm.shtml - 1ms
2022-06-09 01:38:00:   --> GET /scripts/vtjLgiRtfwMm.shtml 404 1ms -
2022-06-09 01:38:01:   <-- GET /scripts/vtjLgiRtfwMm.asp
2022-06-09 01:38:01: GET /scripts/vtjLgiRtfwMm.asp - 2ms
2022-06-09 01:38:01:   --> GET /scripts/vtjLgiRtfwMm.asp 404 2ms -
2022-06-09 01:38:01:   <-- GET /scripts/vtjLgiRtfwMm.php
2022-06-09 01:38:01: GET /scripts/vtjLgiRtfwMm.php - 0ms
2022-06-09 01:38:01:   --> GET /scripts/vtjLgiRtfwMm.php 404 2ms -
2022-06-09 01:38:01:   <-- GET /scripts/vtjLgiRtfwMm.php3
2022-06-09 01:38:01: GET /scripts/vtjLgiRtfwMm.php3 - 0ms
2022-06-09 01:38:01:   --> GET /scripts/vtjLgiRtfwMm.php3 404 2ms -
2022-06-09 01:38:01:   <-- GET /scripts/vtjLgiRtfwMm.cfm
2022-06-09 01:38:01: GET /scripts/vtjLgiRtfwMm.cfm - 1ms
2022-06-09 01:38:01:   --> GET /scripts/vtjLgiRtfwMm.cfm 404 1ms -
2022-06-09 01:38:01:   <-- GET /
2022-06-09 01:38:01: GET / - 9ms
2022-06-09 01:38:01:   --> GET / 200 9ms 185b
2022-06-09 01:38:01:   <-- GET /
2022-06-09 01:38:01: GET / - 7ms
2022-06-09 01:38:01:   --> GET / 200 8ms 185b
2022-06-09 01:38:02:   <-- GET /nessus345678.html
2022-06-09 01:38:02: GET /nessus345678.html - 5ms
2022-06-09 01:38:02:   --> GET /nessus345678.html 404 6ms -
2022-06-09 01:38:03:   <-- GET /console/login/LoginForm.jsp
2022-06-09 01:38:03: GET /console/login/LoginForm.jsp - 0ms
2022-06-09 01:38:03:   --> GET /console/login/LoginForm.jsp 404 1ms -
2022-06-09 01:38:03:   <-- GET /snoop/
2022-06-09 01:38:03: GET /snoop/ - 0ms
2022-06-09 01:38:03:   --> GET /snoop/ 404 2ms -
2022-06-09 01:38:03:   <-- GET /
2022-06-09 01:38:03: GET / - 7ms
2022-06-09 01:38:03:   --> GET / 200 7ms 185b
2022-06-09 01:38:04:   <-- GET /ui/login.action
2022-06-09 01:38:04: GET /ui/login.action - 1ms
2022-06-09 01:38:04:   --> GET /ui/login.action 404 1ms -
2022-06-09 01:38:05:   <-- GET /
2022-06-09 01:38:05: GET / - 18ms
2022-06-09 01:38:05:   --> GET / 200 19ms 185b
2022-06-09 01:38:05:   <-- GET /
2022-06-09 01:38:05: GET / - 6ms
2022-06-09 01:38:05:   --> GET / 200 7ms 185b
2022-06-09 01:38:06:   <-- HEAD /someunexistantstuff4129604021097636377.html
2022-06-09 01:38:06: HEAD /someunexistantstuff4129604021097636377.html - 1ms
2022-06-09 01:38:06:   --> HEAD /someunexistantstuff4129604021097636377.html 404 1ms -
2022-06-09 01:38:06:   <-- HEAD /someunexistantstuff.exe
2022-06-09 01:38:06: HEAD /someunexistantstuff.exe - 1ms
2022-06-09 01:38:06:   --> HEAD /someunexistantstuff.exe 404 1ms -
2022-06-09 01:38:06:   <-- GET /someunexistantantsutff78131121631141001.html
2022-06-09 01:38:06: GET /someunexistantantsutff78131121631141001.html - 1ms
2022-06-09 01:38:06:   --> GET /someunexistantantsutff78131121631141001.html 404 1ms -
2022-06-09 01:38:06:   <-- GET /ui/
2022-06-09 01:38:06: GET /ui/ - 0ms
2022-06-09 01:38:06:   --> GET /ui/ 404 1ms -
2022-06-09 01:38:07:   <-- GET /
2022-06-09 01:38:07: GET / - 7ms
2022-06-09 01:38:07:   --> GET / 200 9ms 185b
2022-06-09 01:38:07:   <-- GET /nessus-check/tomcat_error_version.nasl
2022-06-09 01:38:07: GET /nessus-check/tomcat_error_version.nasl - 0ms
2022-06-09 01:38:07:   --> GET /nessus-check/tomcat_error_version.nasl 404 3ms -
2022-06-09 01:38:08:   <-- GET /spotfire/about.jsp
2022-06-09 01:38:08: GET /spotfire/about.jsp - 0ms
2022-06-09 01:38:08:   --> GET /spotfire/about.jsp 404 2ms -
2022-06-09 01:38:08:   <-- GET /spywall/login.php
2022-06-09 01:38:08: GET /spywall/login.php - 1ms
2022-06-09 01:38:08:   --> GET /spywall/login.php 404 1ms -
2022-06-09 01:38:09:   <-- GET /
2022-06-09 01:38:09: GET / - 7ms
2022-06-09 01:38:09:   --> GET / 200 8ms 185b
2022-06-09 01:38:09:   <-- GET /
2022-06-09 01:38:09: GET / - 7ms
2022-06-09 01:38:09:   --> GET / 200 7ms 185b
2022-06-09 01:38:10:   <-- GET /
2022-06-09 01:38:10: GET / - 9ms
2022-06-09 01:38:10:   --> GET / 200 10ms 185b
2022-06-09 01:38:10:   <-- GET /#
2022-06-09 01:38:10: GET /# - 5ms
2022-06-09 01:38:10:   --> GET /# 200 6ms 185b
2022-06-09 01:38:11:   <-- GET /lem/index.html
2022-06-09 01:38:11: GET /lem/index.html - 0ms
2022-06-09 01:38:11:   --> GET /lem/index.html 404 2ms -
2022-06-09 01:38:12:   <-- GET /
2022-06-09 01:38:12: GET / - 6ms
2022-06-09 01:38:12:   --> GET / 200 7ms 185b
2022-06-09 01:38:12:   <-- GET /
2022-06-09 01:38:12: GET / - 7ms
2022-06-09 01:38:12:   --> GET / 200 10ms 185b
2022-06-09 01:38:14:   <-- GET /home.asp
2022-06-09 01:38:14: GET /home.asp - 1ms
2022-06-09 01:38:14:   --> GET /home.asp 404 1ms -
2022-06-09 01:38:15:   <-- GET /html/iscscada.htm
2022-06-09 01:38:15: GET /html/iscscada.htm - 1ms
2022-06-09 01:38:15:   --> GET /html/iscscada.htm 404 2ms -
2022-06-09 01:38:17:   <-- GET /
2022-06-09 01:38:17: GET / - 10ms
2022-06-09 01:38:17:   --> GET / 200 12ms 185b
2022-06-09 01:38:18:   <-- GET /sawmill6cl.exe?ho+{COMPLETE_VERSION}
2022-06-09 01:38:18: GET /sawmill6cl.exe?ho+{COMPLETE_VERSION} - 0ms
2022-06-09 01:38:18:   --> GET /sawmill6cl.exe?ho+{COMPLETE_VERSION} 404 1ms -
2022-06-09 01:38:19:   <-- GET /
2022-06-09 01:38:19: GET / - 7ms
2022-06-09 01:38:19:   --> GET / 200 8ms 185b
2022-06-09 01:38:20:   <-- GET /login
2022-06-09 01:38:20: GET /login - 0ms
2022-06-09 01:38:20:   --> GET /login 404 2ms -
2022-06-09 01:38:21:   <-- GET /
2022-06-09 01:38:21: GET / - 8ms
2022-06-09 01:38:21:   --> GET / 200 9ms 185b
2022-06-09 01:38:24:   <-- GET /cgi-bin/printenv
2022-06-09 01:38:24: GET /cgi-bin/printenv - 0ms
2022-06-09 01:38:24:   --> GET /cgi-bin/printenv 404 2ms -
2022-06-09 01:38:26:   <-- GET //perl?-v
2022-06-09 01:38:26:   xxx GET //perl?-v 400 1ms -
2022-06-09 01:38:26:   <-- GET //perl.exe?-v
2022-06-09 01:38:26:   xxx GET //perl.exe?-v 400 1ms -
2022-06-09 01:38:27:   <-- GET /owa/auth/logon.aspx
2022-06-09 01:38:27: GET /owa/auth/logon.aspx - 0ms
2022-06-09 01:38:27:   --> GET /owa/auth/logon.aspx 404 1ms -
2022-06-09 01:38:28:   <-- GET /
2022-06-09 01:38:28: GET / - 6ms
2022-06-09 01:38:28:   --> GET / 200 7ms 185b
2022-06-09 01:38:30:   <-- GET //idcplg?IdcService=GET_ENVIRONMENT&IsJson=1
2022-06-09 01:38:30:   xxx GET //idcplg?IdcService=GET_ENVIRONMENT&IsJson=1 400 1ms -
2022-06-09 01:38:31:   <-- GET /gateway/login
2022-06-09 01:38:31: GET /gateway/login - 1ms
2022-06-09 01:38:31:   --> GET /gateway/login 404 4ms -
2022-06-09 01:38:34:   <-- GET /portal/pls/portal/DEV2_PORTAL_DEMO.ORG_CHART.SHOW
2022-06-09 01:38:34: GET /portal/pls/portal/DEV2_PORTAL_DEMO.ORG_CHART.SHOW - 0ms
2022-06-09 01:38:34:   --> GET /portal/pls/portal/DEV2_PORTAL_DEMO.ORG_CHART.SHOW 404 1ms -
2022-06-09 01:38:35:   <-- GET /pls/portal/PORTAL_DEMO.ORG_CHART.SHOW
2022-06-09 01:38:35: GET /pls/portal/PORTAL_DEMO.ORG_CHART.SHOW - 1ms
2022-06-09 01:38:35:   --> GET /pls/portal/PORTAL_DEMO.ORG_CHART.SHOW 404 1ms -
2022-06-09 01:38:35:   <-- GET /pls/portal/DEV7_PORTAL_DEMO.ORG_CHART.SHOW
2022-06-09 01:38:35: GET /pls/portal/DEV7_PORTAL_DEMO.ORG_CHART.SHOW - 0ms
2022-06-09 01:38:35:   --> GET /pls/portal/DEV7_PORTAL_DEMO.ORG_CHART.SHOW 404 2ms -
2022-06-09 01:38:36:   <-- GET /dndirector/dashboard/Show.dn
2022-06-09 01:38:36: GET /dndirector/dashboard/Show.dn - 0ms
2022-06-09 01:38:36:   --> GET /dndirector/dashboard/Show.dn 404 2ms -
2022-06-09 01:38:38:   <-- GET /apex/f?p=nessuscheck
2022-06-09 01:38:38: GET /apex/f?p=nessuscheck - 0ms
2022-06-09 01:38:38:   --> GET /apex/f?p=nessuscheck 404 1ms -
2022-06-09 01:38:38:   <-- GET /pls/apex/f?p=nessuscheck
2022-06-09 01:38:38: GET /pls/apex/f?p=nessuscheck - 1ms
2022-06-09 01:38:38:   --> GET /pls/apex/f?p=nessuscheck 404 1ms -
2022-06-09 01:38:39:   <-- GET /cgi-bin/pub/pki?cmd=serverInfo
2022-06-09 01:38:39: GET /cgi-bin/pub/pki?cmd=serverInfo - 0ms
2022-06-09 01:38:39:   --> GET /cgi-bin/pub/pki?cmd=serverInfo 404 1ms -
2022-06-09 01:38:45:   <-- GET /.|./.|./.|./.|./.|./.|./.|./.|./.|./.|./.|./winnt/win.ini
2022-06-09 01:38:45: GET /.|./.|./.|./.|./.|./.|./.|./.|./.|./.|./.|./winnt/win.ini - 0ms
2022-06-09 01:38:45:   --> GET /.|./.|./.|./.|./.|./.|./.|./.|./.|./.|./.|./winnt/win.ini 404 1ms -
2022-06-09 01:38:45:   <-- GET /..../..../..../..../..../..../..../..../..../winnt/win.ini
2022-06-09 01:38:45: GET /..../..../..../..../..../..../..../..../..../winnt/win.ini - 0ms
2022-06-09 01:38:45:   --> GET /..../..../..../..../..../..../..../..../..../winnt/win.ini 404 1ms -
2022-06-09 01:38:46:   <-- GET /scripts/fake.cgi?arg=/%2e%2e/%2e%2e/%2e%2e/%2e%2e/%2e%2e/windows/win.ini
2022-06-09 01:38:46: GET /scripts/fake.cgi?arg=/%2e%2e/%2e%2e/%2e%2e/%2e%2e/%2e%2e/windows/win.ini - 0ms
2022-06-09 01:38:46:   --> GET /scripts/fake.cgi?arg=/%2e%2e/%2e%2e/%2e%2e/%2e%2e/%2e%2e/windows/win.ini 404 2ms -
2022-06-09 01:38:49:   <-- GET /IDMProv/jsps/help/Help.jsp
2022-06-09 01:38:49: GET /IDMProv/jsps/help/Help.jsp - 0ms
2022-06-09 01:38:49:   --> GET /IDMProv/jsps/help/Help.jsp 404 2ms -
2022-06-09 01:38:50:   <-- GET /
2022-06-09 01:38:50: GET / - 4ms
2022-06-09 01:38:50:   --> GET / 200 6ms 185b
2022-06-09 01:38:51:   <-- GET /
2022-06-09 01:38:51: GET / - 6ms
2022-06-09 01:38:51:   --> GET / 200 7ms 185b
2022-06-09 01:38:53:   <-- GET /nacos/
2022-06-09 01:38:53: GET /nacos/ - 0ms
2022-06-09 01:38:53:   --> GET /nacos/ 404 2ms -
2022-06-09 01:38:55:   <-- GET /sabin/SiteAdmin.htm
2022-06-09 01:38:55: GET /sabin/SiteAdmin.htm - 0ms
2022-06-09 01:38:55:   --> GET /sabin/SiteAdmin.htm 404 1ms -
2022-06-09 01:38:56:   <-- GET /
2022-06-09 01:38:56: GET / - 6ms
2022-06-09 01:38:56:   --> GET / 200 8ms 185b
2022-06-09 01:38:56:   <-- GET /
2022-06-09 01:38:56: GET / - 5ms
2022-06-09 01:38:56:   --> GET / 200 5ms 185b
2022-06-09 01:38:57:   <-- GET /
2022-06-09 01:38:57: GET / - 4ms
2022-06-09 01:38:57:   --> GET / 200 5ms 185b
2022-06-09 01:38:58:   <-- GET /
2022-06-09 01:38:58: GET / - 8ms
2022-06-09 01:38:58:   --> GET / 200 9ms 185b
2022-06-09 01:38:59:   <-- GET /LoginPage.do
2022-06-09 01:38:59: GET /LoginPage.do - 1ms
2022-06-09 01:38:59:   --> GET /LoginPage.do 404 2ms -
2022-06-09 01:38:59:   <-- GET /NCMContainer.cc
2022-06-09 01:38:59: GET /NCMContainer.cc - 0ms
2022-06-09 01:38:59:   --> GET /NCMContainer.cc 404 1ms -
2022-06-09 01:39:00:   <-- GET /configurations.do
2022-06-09 01:39:00: GET /configurations.do - 0ms
2022-06-09 01:39:00:   --> GET /configurations.do 404 2ms -
2022-06-09 01:39:00:   <-- GET /
2022-06-09 01:39:00: GET / - 8ms
2022-06-09 01:39:00:   --> GET / 200 9ms 185b
2022-06-09 01:39:01:   <-- GET /
2022-06-09 01:39:01: GET / - 6ms
2022-06-09 01:39:01:   --> GET / 200 7ms 185b
2022-06-09 01:39:02:   <-- GET /vsapres/web20/core/login.aspx
2022-06-09 01:39:02: GET /vsapres/web20/core/login.aspx - 0ms
2022-06-09 01:39:02:   --> GET /vsapres/web20/core/login.aspx 404 2ms -
2022-06-09 01:39:03:   <-- GET /invoker/JMXInvokerServlet
2022-06-09 01:39:03: GET /invoker/JMXInvokerServlet - 1ms
2022-06-09 01:39:03:   --> GET /invoker/JMXInvokerServlet 404 2ms -
2022-06-09 01:39:05:   <-- GET /
2022-06-09 01:39:05: GET / - 4ms
2022-06-09 01:39:05:   --> GET / 200 4ms 185b
2022-06-09 01:39:06:   <-- GET /status.php3
2022-06-09 01:39:06: GET /status.php3 - 0ms
2022-06-09 01:39:06:   --> GET /status.php3 404 2ms -
2022-06-09 01:39:06:   <-- GET /iisprotect/admin/SiteAdmin.ASP?V_SiteName=&V_FirstTab=Groups&V_SecondTab=All&GroupName=nessus
2022-06-09 01:39:06: GET /iisprotect/admin/SiteAdmin.ASP?V_SiteName=&V_FirstTab=Groups&V_SecondTab=All&GroupName=nessus - 1ms
2022-06-09 01:39:06:   --> GET /iisprotect/admin/SiteAdmin.ASP?V_SiteName=&V_FirstTab=Groups&V_SecondTab=All&GroupName=nessus 404 1ms -
2022-06-09 01:39:07:   <-- GET /iissamples/exair/search/query.idq
2022-06-09 01:39:07: GET /iissamples/exair/search/query.idq - 0ms
2022-06-09 01:39:07:   --> GET /iissamples/exair/search/query.idq 404 2ms -
2022-06-09 01:39:08:   <-- GET /scripts/samples/search/simple.idq
2022-06-09 01:39:08: GET /scripts/samples/search/simple.idq - 0ms
2022-06-09 01:39:08:   --> GET /scripts/samples/search/simple.idq 404 2ms -
2022-06-09 01:39:09:   <-- GET /iisadmpwd/aexp3.htr
2022-06-09 01:39:09: GET /iisadmpwd/aexp3.htr - 0ms
2022-06-09 01:39:09:   --> GET /iisadmpwd/aexp3.htr 404 1ms -
2022-06-09 01:39:10:   <-- GET /cgi-bin/com5.pl
2022-06-09 01:39:10: GET /cgi-bin/com5.pl - 0ms
2022-06-09 01:39:10:   --> GET /cgi-bin/com5.pl 404 2ms -
2022-06-09 01:39:11:   <-- GET /
2022-06-09 01:39:11: GET / - 8ms
2022-06-09 01:39:11:   --> GET / 200 9ms 185b
2022-06-09 01:39:12:   <-- GET /
2022-06-09 01:39:12: GET / - 3ms
2022-06-09 01:39:12:   --> GET / 200 5ms 185b
2022-06-09 01:39:13:   <-- GET /jts/
2022-06-09 01:39:13: GET /jts/ - 1ms
2022-06-09 01:39:13:   --> GET /jts/ 404 1ms -
2022-06-09 01:39:14:   <-- GET /
2022-06-09 01:39:14: GET / - 7ms
2022-06-09 01:39:14:   --> GET / 200 7ms 185b
2022-06-09 01:39:49:   <-- GET //
2022-06-09 01:39:49:   xxx GET // 400 1ms -
2022-06-09 01:39:51:   <-- GET /js/hpsum/hpsum-version.js
2022-06-09 01:39:51: GET /js/hpsum/hpsum-version.js - 0ms
2022-06-09 01:39:51:   --> GET /js/hpsum/hpsum-version.js 404 1ms -
2022-06-09 01:39:52:   <-- GET /nnm/main
2022-06-09 01:39:52: GET /nnm/main - 0ms
2022-06-09 01:39:52:   --> GET /nnm/main 404 2ms -
2022-06-09 01:39:53:   <-- GET /hazelcast/rest/cluster
2022-06-09 01:39:53: GET /hazelcast/rest/cluster - 0ms
2022-06-09 01:39:53:   --> GET /hazelcast/rest/cluster 404 1ms -
2022-06-09 01:39:54:   <-- GET /servlet/webacc?error=webacc
2022-06-09 01:39:54: GET /servlet/webacc?error=webacc - 1ms
2022-06-09 01:39:54:   --> GET /servlet/webacc?error=webacc 404 1ms -
2022-06-09 01:39:55:   <-- GET /users/sign_in
2022-06-09 01:39:55: GET /users/sign_in - 0ms
2022-06-09 01:39:55:   --> GET /users/sign_in 404 1ms -
2022-06-09 01:39:57:   <-- GET /
2022-06-09 01:39:57: GET / - 3ms
2022-06-09 01:39:57:   --> GET / 200 4ms 185b
2022-06-09 01:39:59:   <-- GET /f360/login.jsp
2022-06-09 01:39:59: GET /f360/login.jsp - 0ms
2022-06-09 01:39:59:   --> GET /f360/login.jsp 404 1ms -
2022-06-09 01:39:59:   <-- GET /fogbugz/default.php
2022-06-09 01:39:59: GET /fogbugz/default.php - 1ms
2022-06-09 01:39:59:   --> GET /fogbugz/default.php 404 2ms -
2022-06-09 01:40:01:   <-- GET /ui/login/
2022-06-09 01:40:01: GET /ui/login/ - 0ms
2022-06-09 01:40:01:   --> GET /ui/login/ 404 1ms -
2022-06-09 01:40:02:   <-- GET /PUBLIC/ADMIN/INDEX.HTM
2022-06-09 01:40:02: GET /PUBLIC/ADMIN/INDEX.HTM - 0ms
2022-06-09 01:40:02:   --> GET /PUBLIC/ADMIN/INDEX.HTM 404 1ms -
2022-06-09 01:40:02:   <-- GET /RSAarcher/Default.asp
2022-06-09 01:40:02: GET /RSAarcher/Default.asp - 0ms
2022-06-09 01:40:02:   --> GET /RSAarcher/Default.asp 404 0ms -
2022-06-09 01:40:03:   <-- GET /syslog.htm
2022-06-09 01:40:03: GET /syslog.htm - 0ms
2022-06-09 01:40:03:   --> GET /syslog.htm 404 1ms -
2022-06-09 01:40:03:   <-- GET /2oIswMI6.aspx
2022-06-09 01:40:03: GET /2oIswMI6.aspx - 0ms
2022-06-09 01:40:03:   --> GET /2oIswMI6.aspx 404 1ms -
2022-06-09 01:40:04:   <-- GET /servlet/UDataArea?plugin=com.dell.oma.webplugins.AboutWebPlugin
2022-06-09 01:40:04: GET /servlet/UDataArea?plugin=com.dell.oma.webplugins.AboutWebPlugin - 0ms
2022-06-09 01:40:04:   --> GET /servlet/UDataArea?plugin=com.dell.oma.webplugins.AboutWebPlugin 404 1ms -
2022-06-09 01:40:04:   <-- GET /
2022-06-09 01:40:04: GET / - 4ms
2022-06-09 01:40:04:   --> GET / 200 4ms 185b
2022-06-09 01:40:04:   <-- GET /
2022-06-09 01:40:04: GET / - 5ms
2022-06-09 01:40:04:   --> GET / 200 6ms 185b
2022-06-09 01:40:04:   <-- GET /rest-service/reviews-v1/versionInfo
2022-06-09 01:40:04: GET /rest-service/reviews-v1/versionInfo - 0ms
2022-06-09 01:40:04:   --> GET /rest-service/reviews-v1/versionInfo 404 1ms -
2022-06-09 01:40:06:   <-- GET /
2022-06-09 01:40:06: GET / - 4ms
2022-06-09 01:40:06:   --> GET / 200 5ms 185b
2022-06-09 01:40:07:   <-- GET /citrix/nfuse/default/login.asp?NFuse_LogoutId=&NFuse_MessageType=Error&NFuse_Message=<SCRIPT>alert('Ritchie')</SCRIPT>&ClientDetection=ON
2022-06-09 01:40:07: GET /citrix/nfuse/default/login.asp?NFuse_LogoutId=&NFuse_MessageType=Error&NFuse_Message=<SCRIPT>alert('Ritchie')</SCRIPT>&ClientDetection=ON - 0ms
2022-06-09 01:40:07:   --> GET /citrix/nfuse/default/login.asp?NFuse_LogoutId=&NFuse_MessageType=Error&NFuse_Message=<SCRIPT>alert('Ritchie')</SCRIPT>&ClientDetection=ON 404 1ms -
2022-06-09 01:40:07:   <-- GET /citrix/MetaframeXP/default/login.asp?NFuse_LogoutId=&NFuse_MessageType=Error&NFuse_Message=<SCRIPT>alert('Ritchie')</SCRIPT>&ClientDetection=ON
2022-06-09 01:40:07: GET /citrix/MetaframeXP/default/login.asp?NFuse_LogoutId=&NFuse_MessageType=Error&NFuse_Message=<SCRIPT>alert('Ritchie')</SCRIPT>&ClientDetection=ON - 0ms
2022-06-09 01:40:07:   --> GET /citrix/MetaframeXP/default/login.asp?NFuse_LogoutId=&NFuse_MessageType=Error&NFuse_Message=<SCRIPT>alert('Ritchie')</SCRIPT>&ClientDetection=ON 404 1ms -
2022-06-09 01:40:09:   <-- GET /login?redirects=10
2022-06-09 01:40:09: GET /login?redirects=10 - 0ms
2022-06-09 01:40:09:   --> GET /login?redirects=10 404 2ms -
2022-06-09 01:40:11:   <-- GET /ui/faces/Login.xhtml
2022-06-09 01:40:11: GET /ui/faces/Login.xhtml - 0ms
2022-06-09 01:40:11:   --> GET /ui/faces/Login.xhtml 404 1ms -
2022-06-09 01:40:12:   <-- GET /
2022-06-09 01:40:12: GET / - 4ms
2022-06-09 01:40:12:   --> GET / 200 5ms 185b
2022-06-09 01:40:13:   <-- GET /
2022-06-09 01:40:13: GET / - 4ms
2022-06-09 01:40:13:   --> GET / 200 6ms 185b
2022-06-09 01:40:14:   <-- GET /login.jsp
2022-06-09 01:40:14: GET /login.jsp - 1ms
2022-06-09 01:40:14:   --> GET /login.jsp 404 4ms -
2022-06-09 01:40:16:   <-- GET /
2022-06-09 01:40:16: GET / - 4ms
2022-06-09 01:40:16:   --> GET / 200 4ms 185b
2022-06-09 01:40:17:   <-- GET /
2022-06-09 01:40:17: GET / - 4ms
2022-06-09 01:40:17:   --> GET / 200 6ms 185b
2022-06-09 01:40:18:   <-- GET /
2022-06-09 01:40:18: GET / - 4ms
2022-06-09 01:40:18:   --> GET / 200 5ms 185b
2022-06-09 01:41:06:   <-- GET /
2022-06-09 01:41:06: GET / - 5ms
2022-06-09 01:41:06:   --> GET / 200 7ms 185b
2022-06-09 01:41:07:   <-- GET /nosuchfile-314099648-1938224252.jsp
2022-06-09 01:41:07: GET /nosuchfile-314099648-1938224252.jsp - 1ms
2022-06-09 01:41:07:   --> GET /nosuchfile-314099648-1938224252.jsp 404 2ms -
2022-06-09 01:41:07:   <-- GET /
2022-06-09 01:41:07: GET / - 4ms
2022-06-09 01:41:07:   --> GET / 200 4ms 185b
2022-06-09 01:41:08:   <-- GET /cgi-bin/kvm.cgi?&file=login
2022-06-09 01:41:08: GET /cgi-bin/kvm.cgi?&file=login - 0ms
2022-06-09 01:41:08:   --> GET /cgi-bin/kvm.cgi?&file=login 404 1ms -
2022-06-09 01:41:08:   <-- GET /.htaccess.copy
2022-06-09 01:41:08: GET /.htaccess.copy - 0ms
2022-06-09 01:41:08:   --> GET /.htaccess.copy 404 0ms -
2022-06-09 01:41:08:   <-- GET /platform-ui/
2022-06-09 01:41:08: GET /platform-ui/ - 0ms
2022-06-09 01:41:08:   --> GET /platform-ui/ 404 1ms -
2022-06-09 01:41:09:   <-- GET /
2022-06-09 01:41:09: GET / - 3ms
2022-06-09 01:41:09:   --> GET / 200 5ms 185b
2022-06-09 01:41:58:   <-- GET /
2022-06-09 01:41:58: GET / - 3ms
2022-06-09 01:41:58:   --> GET / 200 5ms 185b
2022-06-09 01:44:03:   <-- GET /
2022-06-09 01:44:03: GET / - 7ms
2022-06-09 01:44:03:   --> GET / 200 9ms 185b
2022-06-09 01:44:04:   <-- GET /libs/granite/core/content/login.html
2022-06-09 01:44:04: GET /libs/granite/core/content/login.html - 1ms
2022-06-09 01:44:04:   --> GET /libs/granite/core/content/login.html 404 1ms -
2022-06-09 01:44:05:   <-- GET /servlet/admin?category=server&method=listAll&Authorization=Digest+username%3D%22admin%22%2C+response%3D%22ae9f86d6beaa3f9ecb9a5b7e072a4138%22%2C+nonce%3D%222b089ba7985a883ab2eddcd3539a6c94%22%2C+realm%3D%22adminRealm%22%2C+uri%3D%22%2Fservlet%2Fadmin%22&service=
2022-06-09 01:44:05: GET /servlet/admin?category=server&method=listAll&Authorization=Digest+username%3D%22admin%22%2C+response%3D%22ae9f86d6beaa3f9ecb9a5b7e072a4138%22%2C+nonce%3D%222b089ba7985a883ab2eddcd3539a6c94%22%2C+realm%3D%22adminRealm%22%2C+uri%3D%22%2Fservlet%2Fadmin%22&service= - 0ms
2022-06-09 01:44:05:   --> GET /servlet/admin?category=server&method=listAll&Authorization=Digest+username%3D%22admin%22%2C+response%3D%22ae9f86d6beaa3f9ecb9a5b7e072a4138%22%2C+nonce%3D%222b089ba7985a883ab2eddcd3539a6c94%22%2C+realm%3D%22adminRealm%22%2C+uri%3D%22%2Fservlet%2Fadmin%22&service= 404 2ms -
2022-06-09 01:45:01:   <-- GET /
2022-06-09 01:45:01: GET / - 6ms
2022-06-09 01:45:01:   --> GET / 200 7ms 185b
2022-06-09 01:45:43:   <-- GET /Default.aspx
2022-06-09 01:45:43: GET /Default.aspx - 1ms
2022-06-09 01:45:43:   --> GET /Default.aspx 404 4ms -
2022-06-09 01:45:44:   <-- GET /admin/statistics/ConfigureStatistics
2022-06-09 01:45:44: GET /admin/statistics/ConfigureStatistics - 1ms
2022-06-09 01:45:44:   --> GET /admin/statistics/ConfigureStatistics 404 2ms -
2022-06-09 01:45:54:   <-- GET /
2022-06-09 01:45:54: GET / - 5ms
2022-06-09 01:45:54:   --> GET / 200 5ms 185b
2022-06-09 01:45:56:   <-- GET /
2022-06-09 01:45:56: GET / - 5ms
2022-06-09 01:45:56:   --> GET / 200 5ms 185b
2022-06-09 01:46:04: chrome 占比 0%
2022-06-09 01:46:40:   <-- GET /
2022-06-09 01:46:41: GET / - 220ms
2022-06-09 01:46:41:   --> GET / 200 225ms 185b
2022-06-09 01:47:12:   <-- GET /
2022-06-09 01:47:12: GET / - 13ms
2022-06-09 01:47:12:   --> GET / 200 14ms 185b
2022-06-09 01:47:34:   <-- GET /
2022-06-09 01:47:34: GET / - 9ms
2022-06-09 01:47:34:   --> GET / 200 11ms 185b
2022-06-09 01:48:12:   <-- GET /OvCgi/freeIPaddrs.ovpl?netnum=127.0.0.1&netmask=255.255.255.0&netid=127.0.0.1%20|%20id|
2022-06-09 01:48:12: GET /OvCgi/freeIPaddrs.ovpl?netnum=127.0.0.1&netmask=255.255.255.0&netid=127.0.0.1%20|%20id| - 1ms
2022-06-09 01:48:12:   --> GET /OvCgi/freeIPaddrs.ovpl?netnum=127.0.0.1&netmask=255.255.255.0&netid=127.0.0.1%20|%20id| 404 2ms -
2022-06-09 01:48:12:   <-- GET /
2022-06-09 01:48:12: GET / - 8ms
2022-06-09 01:48:12:   --> GET / 200 10ms 185b
2022-06-09 01:48:43:   <-- GET /3HAUum41Bt44
2022-06-09 01:48:43: GET /3HAUum41Bt44 - 2ms
2022-06-09 01:48:43:   --> GET /3HAUum41Bt44 404 6ms -
2022-06-09 01:50:32:   <-- GET /
2022-06-09 01:50:32: GET / - 8ms
2022-06-09 01:50:32:   --> GET / 200 12ms 185b
2022-06-09 01:51:30:   <-- GET /error_page.htm
2022-06-09 01:51:30: GET /error_page.htm - 0ms
2022-06-09 01:51:30:   --> GET /error_page.htm 404 2ms -
2022-06-09 01:51:31:   <-- GET /
2022-06-09 01:51:31: GET / - 14ms
2022-06-09 01:51:31:   --> GET / 200 15ms 185b
2022-06-09 01:51:32:   <-- GET /index.jsp%00x
2022-06-09 01:51:32:   xxx GET /index.jsp%00x 400 1ms -
2022-06-09 09:46:07: chrome 占比 0%
2022-06-09 17:46:08: chrome 占比 0%
2022-06-10 01:46:10: chrome 占比 0%
2022-06-10 09:46:12: chrome 占比 0%
2022-06-10 17:47:17: chrome 占比 0%
