2022-06-06 16:13:12: chrome 占比 0%
2022-06-06 16:13:36: chrome 占比 0%
2022-06-06 16:13:44: chrome 占比 0%
2022-06-06 16:14:17: chrome 占比 0%
2022-06-06 16:14:23: chrome 占比 0%
2022-06-06 16:14:26: chrome 占比 0%
2022-06-06 16:14:57: chrome 占比 0%
2022-06-06 16:15:04: chrome 占比 0%
2022-06-06 16:16:11:   <-- GET /
2022-06-06 16:16:12: GET / - 480ms
2022-06-06 16:16:12:   --> GET / 200 486ms 185b
2022-06-06 16:16:12:   <-- GET /stylesheets/style.css
2022-06-06 16:16:12:   --> GET /stylesheets/style.css 200 7ms 111b
2022-06-06 18:18:21: chrome 占比 0%
2022-06-06 18:18:31: chrome 占比 0%
2022-06-06 18:18:42: chrome 占比 0%
2022-06-06 18:18:44: chrome 占比 0%
2022-06-06 18:19:40: chrome 占比 0%
2022-06-06 18:20:05: chrome 占比 0%
2022-06-06 18:21:00: chrome 占比 0%
2022-06-06 18:21:05: chrome 占比 0%
2022-06-07 16:07:16: chrome 占比 0%
2022-06-08 14:07:48: chrome 占比 0%
2022-06-08 17:46:02: chrome 占比 0%
2022-06-09 01:37:43:   <-- GET /favicon.iso
2022-06-09 01:37:43: GET /favicon.iso - 4ms
2022-06-09 01:37:43:   --> GET /favicon.iso 404 20ms -
2022-06-09 01:37:50:   <-- GET /properties/configuration.php?tab=Status
2022-06-09 01:37:50: GET /properties/configuration.php?tab=Status - 0ms
2022-06-09 01:37:50:   --> GET /properties/configuration.php?tab=Status 404 2ms -
2022-06-09 01:37:52:   <-- GET /start.js
2022-06-09 01:37:52: GET /start.js - 0ms
2022-06-09 01:37:52:   --> GET /start.js 404 1ms -
2022-06-09 01:37:52:   <-- GET /dms2/Login.jsp
2022-06-09 01:37:52: GET /dms2/Login.jsp - 0ms
2022-06-09 01:37:52:   --> GET /dms2/Login.jsp 404 3ms -
2022-06-09 01:37:52:   <-- GET /ptz.htm
2022-06-09 01:37:52: GET /ptz.htm - 0ms
2022-06-09 01:37:52:   --> GET /ptz.htm 404 2ms -
2022-06-09 01:37:53:   <-- GET /
2022-06-09 01:37:54: GET / - 287ms
2022-06-09 01:37:54:   --> GET / 200 290ms 185b
2022-06-09 01:37:54:   <-- GET /
2022-06-09 01:37:54: GET / - 8ms
2022-06-09 01:37:54:   --> GET / 200 10ms 185b
2022-06-09 01:37:55:   <-- HEAD /
2022-06-09 01:37:55: HEAD / - 11ms
2022-06-09 01:37:55:   --> HEAD / 200 13ms 185b
2022-06-09 01:37:56:   <-- GET /wavemaster.internal
2022-06-09 01:37:56: GET /wavemaster.internal - 1ms
2022-06-09 01:37:56:   --> GET /wavemaster.internal 404 3ms -
2022-06-09 01:38:01:   <-- GET /xampp/index.php
2022-06-09 01:38:01: GET /xampp/index.php - 0ms
2022-06-09 01:38:01:   --> GET /xampp/index.php 404 2ms -
2022-06-09 01:38:02:   <-- GET /
2022-06-09 01:38:02: GET / - 11ms
2022-06-09 01:38:02:   --> GET / 200 12ms 185b
2022-06-09 01:38:03:   <-- GET /SnoopServlet/
2022-06-09 01:38:03: GET /SnoopServlet/ - 0ms
2022-06-09 01:38:03:   --> GET /SnoopServlet/ 404 2ms -
2022-06-09 01:38:03:   <-- GET /servlet/snoop/
2022-06-09 01:38:03: GET /servlet/snoop/ - 0ms
2022-06-09 01:38:03:   --> GET /servlet/snoop/ 404 2ms -
2022-06-09 01:38:04:   <-- GET /
2022-06-09 01:38:04: GET / - 7ms
2022-06-09 01:38:04:   --> GET / 200 8ms 185b
2022-06-09 01:38:04:   <-- GET /login
2022-06-09 01:38:04: GET /login - 0ms
2022-06-09 01:38:04:   --> GET /login 404 1ms -
2022-06-09 01:38:05:   <-- GET /
2022-06-09 01:38:05: GET / - 7ms
2022-06-09 01:38:05:   --> GET / 200 8ms 185b
2022-06-09 01:38:06:   <-- GET /VncViewer.jar
2022-06-09 01:38:06: GET /VncViewer.jar - 1ms
2022-06-09 01:38:06:   --> GET /VncViewer.jar 404 1ms -
2022-06-09 01:38:06:   <-- GET /
2022-06-09 01:38:06: GET / - 8ms
2022-06-09 01:38:06:   --> GET / 200 9ms 185b
2022-06-09 01:38:06:   <-- GET /
2022-06-09 01:38:07: GET / - 16ms
2022-06-09 01:38:07:   --> GET / 200 17ms 185b
2022-06-09 01:38:07:   <-- GET /webapp/js/UI_String.en-US.js
2022-06-09 01:38:07: GET /webapp/js/UI_String.en-US.js - 0ms
2022-06-09 01:38:07:   --> GET /webapp/js/UI_String.en-US.js 404 2ms -
2022-06-09 01:38:07:   <-- GET /
2022-06-09 01:38:07: GET / - 6ms
2022-06-09 01:38:07:   --> GET / 200 8ms 185b
2022-06-09 01:38:08:   <-- POST /index.php?s=xxxx
2022-06-09 01:38:08: POST /index.php?s=xxxx - 0ms
2022-06-09 01:38:08:   --> POST /index.php?s=xxxx 404 2ms -
2022-06-09 01:38:08:   <-- POST /webui/apps/sdcss
2022-06-09 01:38:08: POST /webui/apps/sdcss - 0ms
2022-06-09 01:38:08:   --> POST /webui/apps/sdcss 404 1ms -
2022-06-09 01:38:09:   <-- GET /
2022-06-09 01:38:09: GET / - 7ms
2022-06-09 01:38:09:   --> GET / 200 8ms 185b
2022-06-09 01:38:10:   <-- GET /
2022-06-09 01:38:10: GET / - 6ms
2022-06-09 01:38:10:   --> GET / 200 6ms 185b
2022-06-09 01:38:10:   <-- GET /
2022-06-09 01:38:10: GET / - 8ms
2022-06-09 01:38:10:   --> GET / 200 10ms 185b
2022-06-09 01:38:11:   <-- GET /
2022-06-09 01:38:11: GET / - 6ms
2022-06-09 01:38:11:   --> GET / 200 8ms 185b
2022-06-09 01:38:11:   <-- POST /av-centerd
2022-06-09 01:38:11: POST /av-centerd - 2ms
2022-06-09 01:38:11:   --> POST /av-centerd 404 2ms -
2022-06-09 01:38:12:   <-- GET /servlet/com.newatlanta.servletexec.JSP10Servlet
2022-06-09 01:38:12: GET /servlet/com.newatlanta.servletexec.JSP10Servlet - 0ms
2022-06-09 01:38:12:   --> GET /servlet/com.newatlanta.servletexec.JSP10Servlet 404 2ms -
2022-06-09 01:38:13:   <-- GET /
2022-06-09 01:38:13: GET / - 4ms
2022-06-09 01:38:13:   --> GET / 200 5ms 185b
2022-06-09 01:38:14:   <-- GET /plc/webvisu.htm
2022-06-09 01:38:14: GET /plc/webvisu.htm - 0ms
2022-06-09 01:38:14:   --> GET /plc/webvisu.htm 404 4ms -
2022-06-09 01:38:16:   <-- GET /OEMSettings.ini
2022-06-09 01:38:16: GET /OEMSettings.ini - 0ms
2022-06-09 01:38:16:   --> GET /OEMSettings.ini 404 1ms -
2022-06-09 01:38:18:   <-- GET /
2022-06-09 01:38:18: GET / - 7ms
2022-06-09 01:38:18:   --> GET / 200 9ms 185b
2022-06-09 01:38:18:   <-- GET /
2022-06-09 01:38:18: GET / - 4ms
2022-06-09 01:38:18:   --> GET / 200 5ms 185b
2022-06-09 01:38:19:   <-- GET /WebID/IISWebAgentIF.dll?postdata="><script>foo</script>
2022-06-09 01:38:19: GET /WebID/IISWebAgentIF.dll?postdata="><script>foo</script> - 0ms
2022-06-09 01:38:19:   --> GET /WebID/IISWebAgentIF.dll?postdata="><script>foo</script> 404 2ms -
2022-06-09 01:38:21:   <-- GET /
2022-06-09 01:38:21: GET / - 8ms
2022-06-09 01:38:21:   --> GET / 200 9ms 185b
2022-06-09 01:38:23:   <-- GET /
2022-06-09 01:38:23: GET / - 6ms
2022-06-09 01:38:23:   --> GET / 200 6ms 185b
2022-06-09 01:38:25:   <-- GET /login
2022-06-09 01:38:25: GET /login - 0ms
2022-06-09 01:38:25:   --> GET /login 404 1ms -
2022-06-09 01:38:26:   <-- GET /login
2022-06-09 01:38:26: GET /login - 1ms
2022-06-09 01:38:26:   --> GET /login 404 1ms -
2022-06-09 01:38:28:   <-- GET /
2022-06-09 01:38:28: GET / - 5ms
2022-06-09 01:38:28:   --> GET / 200 6ms 185b
2022-06-09 01:38:29:   <-- GET /wls_utc/
2022-06-09 01:38:29: GET /wls_utc/ - 0ms
2022-06-09 01:38:29:   --> GET /wls_utc/ 404 2ms -
2022-06-09 01:38:30:   <-- GET /
2022-06-09 01:38:30: GET / - 6ms
2022-06-09 01:38:30:   --> GET / 200 7ms 185b
2022-06-09 01:38:34:   <-- GET /
2022-06-09 01:38:34: GET / - 5ms
2022-06-09 01:38:34:   --> GET / 200 6ms 185b
2022-06-09 01:38:35:   <-- GET /portal/pls/portal/DEV6_PORTAL_DEMO.ORG_CHART.SHOW
2022-06-09 01:38:35: GET /portal/pls/portal/DEV6_PORTAL_DEMO.ORG_CHART.SHOW - 0ms
2022-06-09 01:38:35:   --> GET /portal/pls/portal/DEV6_PORTAL_DEMO.ORG_CHART.SHOW 404 1ms -
2022-06-09 01:38:35:   <-- GET /pls/portal/DEV3_PORTAL_DEMO.ORG_CHART.SHOW
2022-06-09 01:38:35: GET /pls/portal/DEV3_PORTAL_DEMO.ORG_CHART.SHOW - 1ms
2022-06-09 01:38:35:   --> GET /pls/portal/DEV3_PORTAL_DEMO.ORG_CHART.SHOW 404 1ms -
2022-06-09 01:38:36:   <-- GET /mapviewer/omserver?getv=t
2022-06-09 01:38:36: GET /mapviewer/omserver?getv=t - 1ms
2022-06-09 01:38:36:   --> GET /mapviewer/omserver?getv=t 404 1ms -
2022-06-09 01:38:37:   <-- GET /btmui/
2022-06-09 01:38:37: GET /btmui/ - 0ms
2022-06-09 01:38:37:   --> GET /btmui/ 404 2ms -
2022-06-09 01:38:39:   <-- GET /dwr/index.html
2022-06-09 01:38:39: GET /dwr/index.html - 0ms
2022-06-09 01:38:39:   --> GET /dwr/index.html 404 2ms -
2022-06-09 01:38:40:   <-- GET /
2022-06-09 01:38:40: GET / - 5ms
2022-06-09 01:38:40:   --> GET / 200 6ms 185b
2022-06-09 01:38:45:   <-- GET /.../.../.../.../.../.../.../.../.../winnt/win.ini
2022-06-09 01:38:45: GET /.../.../.../.../.../.../.../.../.../winnt/win.ini - 1ms
2022-06-09 01:38:45:   --> GET /.../.../.../.../.../.../.../.../.../winnt/win.ini 404 1ms -
2022-06-09 01:38:49:   <-- GET /logout
2022-06-09 01:38:49: GET /logout - 0ms
2022-06-09 01:38:49:   --> GET /logout 404 0ms -
2022-06-09 01:38:51:   <-- GET /
2022-06-09 01:38:51: GET / - 8ms
2022-06-09 01:38:51:   --> GET / 200 9ms 185b
2022-06-09 01:38:52:   <-- GET /qsoap.qap
2022-06-09 01:38:52: GET /qsoap.qap - 1ms
2022-06-09 01:38:52:   --> GET /qsoap.qap 404 2ms -
2022-06-09 01:38:53:   <-- GET /
2022-06-09 01:38:53: GET / - 7ms
2022-06-09 01:38:53:   --> GET / 200 9ms 185b
2022-06-09 01:38:55:   <-- GET /
2022-06-09 01:38:55: GET / - 9ms
2022-06-09 01:38:55:   --> GET / 200 9ms 185b
2022-06-09 01:38:56:   <-- GET /scmadmin/LocalIndex.html
2022-06-09 01:38:56: GET /scmadmin/LocalIndex.html - 1ms
2022-06-09 01:38:56:   --> GET /scmadmin/LocalIndex.html 404 1ms -
2022-06-09 01:38:57:   <-- GET /
2022-06-09 01:38:57: GET / - 10ms
2022-06-09 01:38:57:   --> GET / 200 10ms 185b
2022-06-09 01:38:58:   <-- GET /
2022-06-09 01:38:58: GET / - 9ms
2022-06-09 01:38:58:   --> GET / 200 12ms 185b
2022-06-09 01:38:58:   <-- GET /netflow/html/aboutus.jsp
2022-06-09 01:38:58: GET /netflow/html/aboutus.jsp - 0ms
2022-06-09 01:38:58:   --> GET /netflow/html/aboutus.jsp 404 1ms -
2022-06-09 01:38:59:   <-- GET /
2022-06-09 01:38:59: GET / - 7ms
2022-06-09 01:38:59:   --> GET / 200 8ms 185b
2022-06-09 01:38:59:   <-- GET /
2022-06-09 01:38:59: GET / - 4ms
2022-06-09 01:38:59:   --> GET / 200 4ms 185b
2022-06-09 01:39:00:   <-- POST /servlet/GetProductVersion
2022-06-09 01:39:00: POST /servlet/GetProductVersion - 0ms
2022-06-09 01:39:00:   --> POST /servlet/GetProductVersion 404 1ms -
2022-06-09 01:39:01:   <-- GET /Sametime/domino/html/sametime/buildinfoST75CF1.txt
2022-06-09 01:39:01: GET /Sametime/domino/html/sametime/buildinfoST75CF1.txt - 1ms
2022-06-09 01:39:01:   --> GET /Sametime/domino/html/sametime/buildinfoST75CF1.txt 404 1ms -
2022-06-09 01:39:02:   <-- GET /
2022-06-09 01:39:02: GET / - 7ms
2022-06-09 01:39:02:   --> GET / 200 9ms 185b
2022-06-09 01:39:03:   <-- GET /assets/js/conf/global_config.js
2022-06-09 01:39:03: GET /assets/js/conf/global_config.js - 0ms
2022-06-09 01:39:03:   --> GET /assets/js/conf/global_config.js 404 2ms -
2022-06-09 01:39:05:   <-- GET /
2022-06-09 01:39:05: GET / - 3ms
2022-06-09 01:39:05:   --> GET / 200 4ms 185b
2022-06-09 01:39:05:   <-- GET /interscan/cgi-bin/FtpSave.dll?I'm%20Here
2022-06-09 01:39:05: GET /interscan/cgi-bin/FtpSave.dll?I'm%20Here - 0ms
2022-06-09 01:39:05:   --> GET /interscan/cgi-bin/FtpSave.dll?I'm%20Here 404 1ms -
2022-06-09 01:39:06:   <-- GET /iisprotect/admin/GlobalAdmin.asp?V_FirstTab=GlobalSetting
2022-06-09 01:39:06: GET /iisprotect/admin/GlobalAdmin.asp?V_FirstTab=GlobalSetting - 0ms
2022-06-09 01:39:06:   --> GET /iisprotect/admin/GlobalAdmin.asp?V_FirstTab=GlobalSetting 404 1ms -
2022-06-09 01:39:07:   <-- GET /
2022-06-09 01:39:07: GET / - 6ms
2022-06-09 01:39:07:   --> GET / 200 11ms 185b
2022-06-09 01:39:07:   <-- GET //64ctvZos.asp
2022-06-09 01:39:07:   xxx GET //64ctvZos.asp 400 3ms -
2022-06-09 01:39:07:   <-- GET /NULL.ida
2022-06-09 01:39:07: GET /NULL.ida - 1ms
2022-06-09 01:39:07:   --> GET /NULL.ida 404 1ms -
2022-06-09 01:39:09:   <-- GET /
2022-06-09 01:39:09: GET / - 4ms
2022-06-09 01:39:09:   --> GET / 200 5ms 185b
2022-06-09 01:39:09:   <-- GET /niet895428514
2022-06-09 01:39:09: GET /niet895428514 - 2ms
2022-06-09 01:39:09:   --> GET /niet895428514 404 5ms -
2022-06-09 01:39:10:   <-- GET /niet1306843737.
2022-06-09 01:39:10: GET /niet1306843737. - 0ms
2022-06-09 01:39:10:   --> GET /niet1306843737. 404 1ms -
2022-06-09 01:39:10:   <-- GET /niet373429434.asp
2022-06-09 01:39:10: GET /niet373429434.asp - 0ms
2022-06-09 01:39:10:   --> GET /niet373429434.asp 404 2ms -
2022-06-09 01:39:10:   <-- GET /niet982197724.aspx
2022-06-09 01:39:10: GET /niet982197724.aspx - 0ms
2022-06-09 01:39:10:   --> GET /niet982197724.aspx 404 1ms -
2022-06-09 01:39:10:   <-- GET /niet1250414907.html
2022-06-09 01:39:10: GET /niet1250414907.html - 0ms
2022-06-09 01:39:10:   --> GET /niet1250414907.html 404 1ms -
2022-06-09 01:39:10:   <-- GET /niet762040118.htm
2022-06-09 01:39:10: GET /niet762040118.htm - 0ms
2022-06-09 01:39:10:   --> GET /niet762040118.htm 404 1ms -
2022-06-09 01:39:10:   <-- GET /niet474401451.shtm
2022-06-09 01:39:10: GET /niet474401451.shtm - 0ms
2022-06-09 01:39:10:   --> GET /niet474401451.shtm 404 1ms -
2022-06-09 01:39:10:   <-- GET /niet1870755103.shtml
2022-06-09 01:39:10: GET /niet1870755103.shtml - 0ms
2022-06-09 01:39:10:   --> GET /niet1870755103.shtml 404 1ms -
2022-06-09 01:39:10:   <-- GET /niet1976191988.jsp
2022-06-09 01:39:10: GET /niet1976191988.jsp - 0ms
2022-06-09 01:39:10:   --> GET /niet1976191988.jsp 404 1ms -
2022-06-09 01:39:10:   <-- GET /niet970963012.jspx
2022-06-09 01:39:10: GET /niet970963012.jspx - 0ms
2022-06-09 01:39:10:   --> GET /niet970963012.jspx 404 1ms -
2022-06-09 01:39:10:   <-- GET /niet1981538717.php
2022-06-09 01:39:10: GET /niet1981538717.php - 0ms
2022-06-09 01:39:10:   --> GET /niet1981538717.php 404 1ms -
2022-06-09 01:39:10:   <-- GET /niet643257467.php3
2022-06-09 01:39:10: GET /niet643257467.php3 - 0ms
2022-06-09 01:39:10:   --> GET /niet643257467.php3 404 1ms -
2022-06-09 01:39:10:   <-- GET /niet706172789.php4
2022-06-09 01:39:10: GET /niet706172789.php4 - 0ms
2022-06-09 01:39:10:   --> GET /niet706172789.php4 404 1ms -
2022-06-09 01:39:10:   <-- GET /niet331288889.php5
2022-06-09 01:39:10: GET /niet331288889.php5 - 0ms
2022-06-09 01:39:10:   --> GET /niet331288889.php5 404 0ms -
2022-06-09 01:39:10:   <-- GET /niet1836403285.php6
2022-06-09 01:39:10: GET /niet1836403285.php6 - 1ms
2022-06-09 01:39:10:   --> GET /niet1836403285.php6 404 1ms -
2022-06-09 01:39:10:   <-- GET /niet240865449.cfm
2022-06-09 01:39:10: GET /niet240865449.cfm - 1ms
2022-06-09 01:39:10:   --> GET /niet240865449.cfm 404 4ms -
2022-06-09 01:39:11:   <-- GET /
2022-06-09 01:39:11: GET / - 6ms
2022-06-09 01:39:11:   --> GET / 200 7ms 185b
2022-06-09 01:39:11:   <-- GET /
2022-06-09 01:39:11: GET / - 6ms
2022-06-09 01:39:11:   --> GET / 200 6ms 185b
2022-06-09 01:39:12:   <-- GET /
2022-06-09 01:39:12: GET / - 5ms
2022-06-09 01:39:12:   --> GET / 200 7ms 185b
2022-06-09 01:39:13:   <-- GET /
2022-06-09 01:39:13: GET / - 6ms
2022-06-09 01:39:13:   --> GET / 200 7ms 185b
2022-06-09 01:39:50:   <-- GET /js/hpsum/hpsum-version.js
2022-06-09 01:39:50: GET /js/hpsum/hpsum-version.js - 0ms
2022-06-09 01:39:50:   --> GET /js/hpsum/hpsum-version.js 404 1ms -
2022-06-09 01:39:51:   <-- GET /oo/
2022-06-09 01:39:51: GET /oo/ - 0ms
2022-06-09 01:39:51:   --> GET /oo/ 404 2ms -
2022-06-09 01:39:52:   <-- GET /
2022-06-09 01:39:52: GET / - 4ms
2022-06-09 01:39:52:   --> GET / 200 5ms 185b
2022-06-09 01:39:53:   <-- GET /public/
2022-06-09 01:39:53: GET /public/ - 1ms
2022-06-09 01:39:53:   --> GET /public/ 404 1ms -
2022-06-09 01:39:54:   <-- GET /login
2022-06-09 01:39:54: GET /login - 0ms
2022-06-09 01:39:54:   --> GET /login 404 2ms -
2022-06-09 01:39:56:   <-- GET /
2022-06-09 01:39:56: GET / - 3ms
2022-06-09 01:39:56:   --> GET / 200 3ms 185b
2022-06-09 01:39:58:   <-- GET /images/login_top.gif
2022-06-09 01:39:58: GET /images/login_top.gif - 0ms
2022-06-09 01:39:58:   --> GET /images/login_top.gif 404 2ms -
2022-06-09 01:39:59:   <-- GET /
2022-06-09 01:39:59: GET / - 4ms
2022-06-09 01:39:59:   --> GET / 200 5ms 185b
2022-06-09 01:40:00:   <-- GET //login/login
2022-06-09 01:40:00:   xxx GET //login/login 400 0ms -
2022-06-09 01:40:01:   <-- GET /?
2022-06-09 01:40:01: GET /? - 4ms
2022-06-09 01:40:01:   --> GET /? 200 5ms 185b
2022-06-09 01:40:02:   <-- GET /
2022-06-09 01:40:02: GET / - 4ms
2022-06-09 01:40:02:   --> GET / 200 4ms 185b
2022-06-09 01:40:03:   <-- GET /web/
2022-06-09 01:40:03: GET /web/ - 1ms
2022-06-09 01:40:03:   --> GET /web/ 404 1ms -
2022-06-09 01:40:03:   <-- GET /
2022-06-09 01:40:03: GET / - 4ms
2022-06-09 01:40:03:   --> GET / 200 4ms 185b
2022-06-09 01:40:03:   <-- GET /p8DgEo1A.soap
2022-06-09 01:40:03: GET /p8DgEo1A.soap - 1ms
2022-06-09 01:40:03:   --> GET /p8DgEo1A.soap 404 1ms -
2022-06-09 01:40:04:   <-- GET /
2022-06-09 01:40:04: GET / - 5ms
2022-06-09 01:40:04:   --> GET / 200 5ms 185b
2022-06-09 01:40:04:   <-- GET /index.html?urlmaskfilter=<script>foo</script>
2022-06-09 01:40:04: GET /index.html?urlmaskfilter=<script>foo</script> - 0ms
2022-06-09 01:40:04:   --> GET /index.html?urlmaskfilter=<script>foo</script> 404 1ms -
2022-06-09 01:40:05:   <-- GET /ConsoleHelp/default.jsp
2022-06-09 01:40:05: GET /ConsoleHelp/default.jsp - 0ms
2022-06-09 01:40:05:   --> GET /ConsoleHelp/default.jsp 404 1ms -
2022-06-09 01:40:06:   <-- GET /clientaccesspolicy.xml
2022-06-09 01:40:06: GET /clientaccesspolicy.xml - 0ms
2022-06-09 01:40:06:   --> GET /clientaccesspolicy.xml 404 1ms -
2022-06-09 01:40:08:   <-- GET /vpn/
2022-06-09 01:40:08: GET /vpn/ - 4ms
2022-06-09 01:40:08:   --> GET /vpn/ 404 5ms -
2022-06-09 01:40:10:   <-- GET /vsmc.html
2022-06-09 01:40:10: GET /vsmc.html - 0ms
2022-06-09 01:40:10:   --> GET /vsmc.html 404 1ms -
2022-06-09 01:40:11:   <-- GET /
2022-06-09 01:40:11: GET / - 5ms
2022-06-09 01:40:11:   --> GET / 200 8ms 185b
2022-06-09 01:40:13:   <-- GET /
2022-06-09 01:40:13: GET / - 4ms
2022-06-09 01:40:13:   --> GET / 200 4ms 185b
2022-06-09 01:40:14:   <-- GET /lang_pack/EN.js
2022-06-09 01:40:14: GET /lang_pack/EN.js - 0ms
2022-06-09 01:40:14:   --> GET /lang_pack/EN.js 404 1ms -
2022-06-09 01:40:15:   <-- GET /axis2/services/CUPMService/ping
2022-06-09 01:40:15: GET /axis2/services/CUPMService/ping - 0ms
2022-06-09 01:40:15:   --> GET /axis2/services/CUPMService/ping 404 1ms -
2022-06-09 01:40:16:   <-- GET /
2022-06-09 01:40:16: GET / - 4ms
2022-06-09 01:40:16:   --> GET / 200 4ms 185b
2022-06-09 01:40:17:   <-- GET /
2022-06-09 01:40:17: GET / - 4ms
2022-06-09 01:40:17:   --> GET / 200 5ms 185b
2022-06-09 01:40:18:   <-- GET /
2022-06-09 01:40:18: GET / - 4ms
2022-06-09 01:40:18:   --> GET / 200 6ms 185b
2022-06-09 01:41:06:   <-- GET /Login.aspx
2022-06-09 01:41:06: GET /Login.aspx - 1ms
2022-06-09 01:41:06:   --> GET /Login.aspx 404 1ms -
2022-06-09 01:41:06:   <-- GET /
2022-06-09 01:41:06: GET / - 4ms
2022-06-09 01:41:06:   --> GET / 200 5ms 185b
2022-06-09 01:41:07:   <-- GET /
2022-06-09 01:41:07: GET / - 4ms
2022-06-09 01:41:07:   --> GET / 200 5ms 185b
2022-06-09 01:41:07:   <-- GET /
2022-06-09 01:41:07: GET / - 3ms
2022-06-09 01:41:07:   --> GET / 200 5ms 185b
2022-06-09 01:41:08:   <-- GET /.htaccess.old
2022-06-09 01:41:08: GET /.htaccess.old - 4ms
2022-06-09 01:41:08:   --> GET /.htaccess.old 404 5ms -
2022-06-09 01:41:08:   <-- GET /.htaccess.~1~
2022-06-09 01:41:08: GET /.htaccess.~1~ - 0ms
2022-06-09 01:41:08:   --> GET /.htaccess.~1~ 404 0ms -
2022-06-09 01:41:09:   <-- GET /index.html
2022-06-09 01:41:09: GET /index.html - 1ms
2022-06-09 01:41:09:   --> GET /index.html 404 1ms -
2022-06-09 01:41:10:   <-- GET /
2022-06-09 01:41:10: GET / - 4ms
2022-06-09 01:41:10:   --> GET / 200 5ms 185b
2022-06-09 01:44:03:   <-- GET /unified-console.html
2022-06-09 01:44:03: GET /unified-console.html - 0ms
2022-06-09 01:44:03:   --> GET /unified-console.html 404 3ms -
2022-06-09 01:44:04:   <-- GET /
2022-06-09 01:44:04: GET / - 5ms
2022-06-09 01:44:04:   --> GET / 200 6ms 185b
2022-06-09 01:44:05:   <-- GET /system/login
2022-06-09 01:44:05: GET /system/login - 1ms
2022-06-09 01:44:05:   --> GET /system/login 404 1ms -
2022-06-09 01:45:00:   <-- GET /
2022-06-09 01:45:00: GET / - 3ms
2022-06-09 01:45:00:   --> GET / 200 5ms 185b
2022-06-09 01:45:21:   <-- GET /
2022-06-09 01:45:21: GET / - 5ms
2022-06-09 01:45:21:   --> GET / 200 7ms 185b
2022-06-09 01:45:42:   <-- GET /
2022-06-09 01:45:42: GET / - 5ms
2022-06-09 01:45:42:   --> GET / 200 6ms 185b
2022-06-09 01:45:43:   <-- GET /login?user=**%3Cscript%3EJavaScript:alert('cpanel_login_user_xss.nasl')%3B%3C%2Fscript%3E
2022-06-09 01:45:43: GET /login?user=**%3Cscript%3EJavaScript:alert('cpanel_login_user_xss.nasl')%3B%3C%2Fscript%3E - 1ms
2022-06-09 01:45:43:   --> GET /login?user=**%3Cscript%3EJavaScript:alert('cpanel_login_user_xss.nasl')%3B%3C%2Fscript%3E 404 1ms -
2022-06-09 01:45:44:   <-- GET /nul.dbm
2022-06-09 01:45:44: GET /nul.dbm - 0ms
2022-06-09 01:45:44:   --> GET /nul.dbm 404 2ms -
2022-06-09 01:45:55:   <-- GET /web.config
2022-06-09 01:45:55: GET /web.config - 0ms
2022-06-09 01:45:55:   --> GET /web.config 404 1ms -
2022-06-09 01:45:56:   <-- GET /
2022-06-09 01:45:56: GET / - 4ms
2022-06-09 01:45:56:   --> GET / 200 6ms 185b
2022-06-09 01:46:04: chrome 占比 0%
2022-06-09 01:47:32:   <-- GET /
2022-06-09 01:47:33: GET / - 217ms
2022-06-09 01:47:33:   --> GET / 200 223ms 185b
2022-06-09 01:47:35:   <-- GET /dagent/checkprofile.asp?agentid=11111'plus_agentid_sql_injection.nasl
2022-06-09 01:47:35: GET /dagent/checkprofile.asp?agentid=11111'plus_agentid_sql_injection.nasl - 0ms
2022-06-09 01:47:35:   --> GET /dagent/checkprofile.asp?agentid=11111'plus_agentid_sql_injection.nasl 404 2ms -
2022-06-09 01:48:11:   <-- GET /
2022-06-09 01:48:11: GET / - 8ms
2022-06-09 01:48:11:   --> GET / 200 10ms 185b
2022-06-09 01:48:12:   <-- GET /././..
2022-06-09 01:48:12:   xxx GET /././.. 403 1ms -
2022-06-09 01:49:12:   <-- GET /.%252e/.%252e/.%252e/.%252e/windows/win.ini
2022-06-09 01:49:12: GET /.%252e/.%252e/.%252e/.%252e/windows/win.ini - 1ms
2022-06-09 01:49:12:   --> GET /.%252e/.%252e/.%252e/.%252e/windows/win.ini 404 2ms -
2022-06-09 01:49:44:   <-- GET /
2022-06-09 01:49:44: GET / - 8ms
2022-06-09 01:49:44:   --> GET / 200 9ms 185b
2022-06-09 01:50:32:   <-- GET /DB4Web/SC:23/foo
2022-06-09 01:50:32: GET /DB4Web/SC:23/foo - 1ms
2022-06-09 01:50:32:   --> GET /DB4Web/SC:23/foo 404 2ms -
2022-06-09 01:50:43:   <-- GET /
2022-06-09 01:50:43: GET / - 7ms
2022-06-09 01:50:43:   --> GET / 200 9ms 185b
2022-06-09 01:51:30:   <-- GET /default.asp%2e
2022-06-09 01:51:30: GET /default.asp%2e - 1ms
2022-06-09 01:51:30:   --> GET /default.asp%2e 404 3ms -
2022-06-09 01:51:31:   <-- GET /..\pixfir~1\how_to_login.html
2022-06-09 01:51:31:   xxx GET /..\pixfir~1\how_to_login.html 403 0ms -
2022-06-09 01:51:33:   <-- GET /rails_info/properties
2022-06-09 01:51:33: GET /rails_info/properties - 0ms
2022-06-09 01:51:33:   --> GET /rails_info/properties 404 2ms -
2022-06-09 09:46:07: chrome 占比 0%
2022-06-09 17:46:08: chrome 占比 0%
2022-06-10 01:46:10: chrome 占比 0%
2022-06-10 09:46:12: chrome 占比 0%
2022-06-10 17:47:17: chrome 占比 0%
