2022-06-06 16:13:12: chrome 占比 0%
2022-06-06 16:13:36: chrome 占比 0%
2022-06-06 16:13:45: chrome 占比 0%
2022-06-06 16:14:17: chrome 占比 0%
2022-06-06 16:14:24: chrome 占比 0%
2022-06-06 16:14:26: chrome 占比 0%
2022-06-06 16:14:57: chrome 占比 0%
2022-06-06 16:15:04: chrome 占比 0%
2022-06-06 16:17:03:   <-- GET /api/blog/list
2022-06-06 16:17:03:   xxx GET /api/blog/list 500 7ms -
2022-06-06 16:17:04:   <-- GET /api/blog/list
2022-06-06 16:17:04:   xxx GET /api/blog/list 500 3ms -
2022-06-06 16:17:04:   <-- GET /api/blog/list
2022-06-06 16:17:04:   xxx GET /api/blog/list 500 1ms -
2022-06-06 16:17:04:   <-- GET /api/blog/list
2022-06-06 16:17:04:   xxx GET /api/blog/list 500 1ms -
2022-06-06 16:17:04:   <-- GET /api/blog/list
2022-06-06 16:17:04:   xxx GET /api/blog/list 500 2ms -
2022-06-06 16:17:04:   <-- GET /api/blog/list
2022-06-06 16:17:04:   xxx GET /api/blog/list 500 2ms -
2022-06-06 16:17:04:   <-- GET /api/blog/list
2022-06-06 16:17:04:   xxx GET /api/blog/list 500 1ms -
2022-06-06 16:17:05:   <-- GET /api/blog/list
2022-06-06 16:17:05:   xxx GET /api/blog/list 500 1ms -
2022-06-06 16:17:05:   <-- GET /api/blog/list
2022-06-06 16:17:05:   xxx GET /api/blog/list 500 2ms -
2022-06-06 16:17:05:   <-- GET /api/blog/list
2022-06-06 16:17:05:   xxx GET /api/blog/list 500 2ms -
2022-06-06 16:17:05:   <-- GET /api/blog/list
2022-06-06 16:17:05:   xxx GET /api/blog/list 500 2ms -
2022-06-06 16:17:05:   <-- GET /api/blog/list
2022-06-06 16:17:05:   xxx GET /api/blog/list 500 1ms -
2022-06-06 16:17:05:   <-- GET /api/blog/list
2022-06-06 16:17:05:   xxx GET /api/blog/list 500 1ms -
2022-06-06 16:17:05:   <-- GET /api/blog/list
2022-06-06 16:17:05:   xxx GET /api/blog/list 500 1ms -
2022-06-06 16:17:06:   <-- GET /api/blog/list
2022-06-06 16:17:06:   xxx GET /api/blog/list 500 1ms -
2022-06-06 16:17:06:   <-- GET /api/blog/list
2022-06-06 16:17:06:   xxx GET /api/blog/list 500 1ms -
2022-06-06 16:17:06:   <-- GET /api/blog/list
2022-06-06 16:17:06:   xxx GET /api/blog/list 500 1ms -
2022-06-06 16:17:06:   <-- GET /api/blog/list
2022-06-06 16:17:06:   xxx GET /api/blog/list 500 0ms -
2022-06-06 18:18:21: chrome 占比 0%
2022-06-06 18:18:31: chrome 占比 0%
2022-06-06 18:18:42: chrome 占比 0%
2022-06-06 18:18:45: chrome 占比 0%
2022-06-06 18:19:40: chrome 占比 0%
2022-06-06 18:20:05: chrome 占比 0%
2022-06-06 18:21:00: chrome 占比 0%
2022-06-06 18:21:05: chrome 占比 0%
2022-06-07 16:07:16: chrome 占比 0%
2022-06-08 14:07:48: chrome 占比 0%
2022-06-08 17:46:02: chrome 占比 0%
2022-06-09 01:35:43:   <-- GET /
2022-06-09 01:35:43: GET / - 438ms
2022-06-09 01:35:43:   --> GET / 200 451ms 185b
2022-06-09 01:37:49:   <-- GET /properties/description.dhtml
2022-06-09 01:37:49: GET /properties/description.dhtml - 2ms
2022-06-09 01:37:49:   --> GET /properties/description.dhtml 404 8ms -
2022-06-09 01:37:51:   <-- GET /this_server/all_settings.shtml
2022-06-09 01:37:51: GET /this_server/all_settings.shtml - 1ms
2022-06-09 01:37:51:   --> GET /this_server/all_settings.shtml 404 2ms -
2022-06-09 01:37:52:   <-- GET /netmri/config/userAdmin/login.tdf
2022-06-09 01:37:52: GET /netmri/config/userAdmin/login.tdf - 0ms
2022-06-09 01:37:52:   --> GET /netmri/config/userAdmin/login.tdf 404 1ms -
2022-06-09 01:37:52:   <-- GET /
2022-06-09 01:37:52: GET / - 16ms
2022-06-09 01:37:52:   --> GET / 200 16ms 185b
2022-06-09 01:37:53:   <-- GET /
2022-06-09 01:37:53: GET / - 10ms
2022-06-09 01:37:53:   --> GET / 200 11ms 185b
2022-06-09 01:37:54:   <-- GET /
2022-06-09 01:37:54: GET / - 5ms
2022-06-09 01:37:54:   --> GET / 200 6ms 185b
2022-06-09 01:37:55:   <-- GET /
2022-06-09 01:37:55: GET / - 7ms
2022-06-09 01:37:55:   --> GET / 200 8ms 185b
2022-06-09 01:37:56:   <-- GET /robots.txt
2022-06-09 01:37:56: GET /robots.txt - 0ms
2022-06-09 01:37:56:   --> GET /robots.txt 404 2ms -
2022-06-09 01:37:57:   <-- GET /
2022-06-09 01:37:57: GET / - 17ms
2022-06-09 01:37:57:   --> GET / 200 18ms 185b
2022-06-09 01:38:01:   <-- GET /Wsusadmin/Errors/BrowserSettings.aspx
2022-06-09 01:38:01: GET /Wsusadmin/Errors/BrowserSettings.aspx - 0ms
2022-06-09 01:38:01:   --> GET /Wsusadmin/Errors/BrowserSettings.aspx 404 2ms -
2022-06-09 01:38:02:   <-- GET /
2022-06-09 01:38:02: GET / - 8ms
2022-06-09 01:38:02:   --> GET / 200 10ms 185b
2022-06-09 01:38:02:   <-- GET /triton-help/en/first.htm
2022-06-09 01:38:02: GET /triton-help/en/first.htm - 0ms
2022-06-09 01:38:02:   --> GET /triton-help/en/first.htm 404 1ms -
2022-06-09 01:38:03:   <-- GET /
2022-06-09 01:38:03: GET / - 8ms
2022-06-09 01:38:03:   --> GET / 200 8ms 185b
2022-06-09 01:38:03:   <-- GET /
2022-06-09 01:38:03: GET / - 7ms
2022-06-09 01:38:03:   --> GET / 200 9ms 185b
2022-06-09 01:38:04:   <-- GET /hc/error/
2022-06-09 01:38:04: GET /hc/error/ - 1ms
2022-06-09 01:38:04:   --> GET /hc/error/ 404 1ms -
2022-06-09 01:38:05:   <-- GET /
2022-06-09 01:38:05: GET / - 9ms
2022-06-09 01:38:05:   --> GET / 200 11ms 185b
2022-06-09 01:38:05:   <-- GET /
2022-06-09 01:38:05: GET / - 6ms
2022-06-09 01:38:05:   --> GET / 200 8ms 185b
2022-06-09 01:38:06:   <-- GET /
2022-06-09 01:38:06: GET / - 7ms
2022-06-09 01:38:06:   --> GET / 200 8ms 185b
2022-06-09 01:38:06:   <-- GET /ui/
2022-06-09 01:38:06: GET /ui/ - 0ms
2022-06-09 01:38:06:   --> GET /ui/ 404 1ms -
2022-06-09 01:38:07:   <-- GET /
2022-06-09 01:38:07: GET / - 7ms
2022-06-09 01:38:07:   --> GET / 200 7ms 185b
2022-06-09 01:38:07:   <-- GET /officescan/console/html/common/l10n/l10n.global.js
2022-06-09 01:38:07: GET /officescan/console/html/common/l10n/l10n.global.js - 0ms
2022-06-09 01:38:07:   --> GET /officescan/console/html/common/l10n/l10n.global.js 404 2ms -
2022-06-09 01:38:07:   <-- GET /VncViewer.jar
2022-06-09 01:38:07: GET /VncViewer.jar - 0ms
2022-06-09 01:38:07:   --> GET /VncViewer.jar 404 2ms -
2022-06-09 01:38:08:   <-- GET /en/admin/aggregate.asp
2022-06-09 01:38:08: GET /en/admin/aggregate.asp - 0ms
2022-06-09 01:38:08:   --> GET /en/admin/aggregate.asp 404 1ms -
2022-06-09 01:38:08:   <-- GET /
2022-06-09 01:38:08: GET / - 6ms
2022-06-09 01:38:08:   --> GET / 200 7ms 185b
2022-06-09 01:38:09:   <-- GET /login
2022-06-09 01:38:09: GET /login - 1ms
2022-06-09 01:38:09:   --> GET /login 404 3ms -
2022-06-09 01:38:10:   <-- GET /
2022-06-09 01:38:10: GET / - 5ms
2022-06-09 01:38:10:   --> GET / 200 6ms 185b
2022-06-09 01:38:10:   <-- GET /solr/#
2022-06-09 01:38:10: GET /solr/# - 0ms
2022-06-09 01:38:10:   --> GET /solr/# 404 3ms -
2022-06-09 01:38:11:   <-- GET /
2022-06-09 01:38:11: GET / - 7ms
2022-06-09 01:38:11:   --> GET / 200 7ms 185b
2022-06-09 01:38:11:   <-- GET /SilverStream
2022-06-09 01:38:11: GET /SilverStream - 0ms
2022-06-09 01:38:11:   --> GET /SilverStream 404 2ms -
2022-06-09 01:38:12:   <-- GET /tarantella/cgi-bin/secure/ttawlogin.cgi/?action=bootstrap
2022-06-09 01:38:12: GET /tarantella/cgi-bin/secure/ttawlogin.cgi/?action=bootstrap - 1ms
2022-06-09 01:38:12:   --> GET /tarantella/cgi-bin/secure/ttawlogin.cgi/?action=bootstrap 404 1ms -
2022-06-09 01:38:13:   <-- GET /
2022-06-09 01:38:13: GET / - 8ms
2022-06-09 01:38:13:   --> GET / 200 9ms 185b
2022-06-09 01:38:15:   <-- GET /no_such_file_d7BZMqZ5.html
2022-06-09 01:38:15: GET /no_such_file_d7BZMqZ5.html - 0ms
2022-06-09 01:38:15:   --> GET /no_such_file_d7BZMqZ5.html 404 1ms -
2022-06-09 01:38:16:   <-- GET /web/signin
2022-06-09 01:38:16: GET /web/signin - 1ms
2022-06-09 01:38:16:   --> GET /web/signin 404 2ms -
2022-06-09 01:38:18:   <-- GET /sawmillcl.exe?ho+{COMPLETE_VERSION}
2022-06-09 01:38:18: GET /sawmillcl.exe?ho+{COMPLETE_VERSION} - 0ms
2022-06-09 01:38:18:   --> GET /sawmillcl.exe?ho+{COMPLETE_VERSION} 404 0ms -
2022-06-09 01:38:19:   <-- GET /
2022-06-09 01:38:19: GET / - 5ms
2022-06-09 01:38:19:   --> GET / 200 5ms 185b
2022-06-09 01:38:20:   <-- GET /apps/zxtm/login.cgi
2022-06-09 01:38:20: GET /apps/zxtm/login.cgi - 0ms
2022-06-09 01:38:20:   --> GET /apps/zxtm/login.cgi 404 2ms -
2022-06-09 01:38:21:   <-- GET /
2022-06-09 01:38:21: GET / - 6ms
2022-06-09 01:38:21:   --> GET / 200 7ms 185b
2022-06-09 01:38:23:   <-- GET /auth/login
2022-06-09 01:38:23: GET /auth/login - 1ms
2022-06-09 01:38:23:   --> GET /auth/login 404 1ms -
2022-06-09 01:38:25:   <-- GET /dagent/proxyreg.asp?List=
2022-06-09 01:38:25: GET /dagent/proxyreg.asp?List= - 0ms
2022-06-09 01:38:25:   --> GET /dagent/proxyreg.asp?List= 404 1ms -
2022-06-09 01:38:27:   <-- GET /exchweb/bin/auth/owalogon.asp?url=http://12345678910
2022-06-09 01:38:27: GET /exchweb/bin/auth/owalogon.asp?url=http://12345678910 - 1ms
2022-06-09 01:38:27:   --> GET /exchweb/bin/auth/owalogon.asp?url=http://12345678910 404 1ms -
2022-06-09 01:38:28:   <-- GET /
2022-06-09 01:38:28: GET / - 4ms
2022-06-09 01:38:28:   --> GET / 200 6ms 185b
2022-06-09 01:38:29:   <-- GET /cs/idcplg?IdcService=GET_ENVIRONMENT&IsJson=1
2022-06-09 01:38:29: GET /cs/idcplg?IdcService=GET_ENVIRONMENT&IsJson=1 - 2ms
2022-06-09 01:38:29:   --> GET /cs/idcplg?IdcService=GET_ENVIRONMENT&IsJson=1 404 4ms -
2022-06-09 01:38:31:   <-- GET /sgdadmin/faces/jsp/Version.jsp
2022-06-09 01:38:31: GET /sgdadmin/faces/jsp/Version.jsp - 1ms
2022-06-09 01:38:31:   --> GET /sgdadmin/faces/jsp/Version.jsp 404 2ms -
2022-06-09 01:38:34:   <-- GET /portal/pls/portal/DEV_PORTAL_DEMO.ORG_CHART.SHOW
2022-06-09 01:38:34: GET /portal/pls/portal/DEV_PORTAL_DEMO.ORG_CHART.SHOW - 1ms
2022-06-09 01:38:34:   --> GET /portal/pls/portal/DEV_PORTAL_DEMO.ORG_CHART.SHOW 404 1ms -
2022-06-09 01:38:35:   <-- GET /portal/pls/portal/DEV8_PORTAL_DEMO.ORG_CHART.SHOW
2022-06-09 01:38:35: GET /portal/pls/portal/DEV8_PORTAL_DEMO.ORG_CHART.SHOW - 2ms
2022-06-09 01:38:35:   --> GET /portal/pls/portal/DEV8_PORTAL_DEMO.ORG_CHART.SHOW 404 3ms -
2022-06-09 01:38:35:   <-- GET /pls/portal/DEV5_PORTAL_DEMO.ORG_CHART.SHOW
2022-06-09 01:38:35: GET /pls/portal/DEV5_PORTAL_DEMO.ORG_CHART.SHOW - 0ms
2022-06-09 01:38:35:   --> GET /pls/portal/DEV5_PORTAL_DEMO.ORG_CHART.SHOW 404 2ms -
2022-06-09 01:38:36:   <-- GET /
2022-06-09 01:38:36: GET / - 7ms
2022-06-09 01:38:36:   --> GET / 200 8ms 185b
2022-06-09 01:38:37:   <-- GET /ords/
2022-06-09 01:38:37: GET /ords/ - 0ms
2022-06-09 01:38:37:   --> GET /ords/ 404 2ms -
2022-06-09 01:38:39:   <-- GET /login.jsp
2022-06-09 01:38:39: GET /login.jsp - 2ms
2022-06-09 01:38:39:   --> GET /login.jsp 404 3ms -
2022-06-09 01:38:42:   <-- GET /netbasic/websinfo.bas
2022-06-09 01:38:42: GET /netbasic/websinfo.bas - 1ms
2022-06-09 01:38:42:   --> GET /netbasic/websinfo.bas 404 2ms -
2022-06-09 01:38:42:   <-- GET /lcgi/sewse.nlm?sys:/novonyx/suitespot/docs/sewse/misc/allfield.jse
2022-06-09 01:38:42: GET /lcgi/sewse.nlm?sys:/novonyx/suitespot/docs/sewse/misc/allfield.jse - 1ms
2022-06-09 01:38:42:   --> GET /lcgi/sewse.nlm?sys:/novonyx/suitespot/docs/sewse/misc/allfield.jse 404 1ms -
2022-06-09 01:38:42:   <-- GET /lcgi/sewse.nlm?sys:/novonyx/suitespot/docs/sewse/misc/test.jse
2022-06-09 01:38:42: GET /lcgi/sewse.nlm?sys:/novonyx/suitespot/docs/sewse/misc/test.jse - 1ms
2022-06-09 01:38:42:   --> GET /lcgi/sewse.nlm?sys:/novonyx/suitespot/docs/sewse/misc/test.jse 404 2ms -
2022-06-09 01:38:42:   <-- GET /perl/samples/lancgi.pl
2022-06-09 01:38:42: GET /perl/samples/lancgi.pl - 0ms
2022-06-09 01:38:42:   --> GET /perl/samples/lancgi.pl 404 2ms -
2022-06-09 01:38:42:   <-- GET /perl/samples/ndslogin.pl
2022-06-09 01:38:42: GET /perl/samples/ndslogin.pl - 0ms
2022-06-09 01:38:42:   --> GET /perl/samples/ndslogin.pl 404 2ms -
2022-06-09 01:38:42:   <-- GET /perl/samples/volscgi.pl
2022-06-09 01:38:42: GET /perl/samples/volscgi.pl - 1ms
2022-06-09 01:38:42:   --> GET /perl/samples/volscgi.pl 404 2ms -
2022-06-09 01:38:42:   <-- GET /perl/samples/env.pl
2022-06-09 01:38:42: GET /perl/samples/env.pl - 0ms
2022-06-09 01:38:42:   --> GET /perl/samples/env.pl 404 1ms -
2022-06-09 01:38:42:   <-- GET /nsn/env.bas
2022-06-09 01:38:42: GET /nsn/env.bas - 1ms
2022-06-09 01:38:42:   --> GET /nsn/env.bas 404 1ms -
2022-06-09 01:38:42:   <-- GET /nsn/fdir.bas
2022-06-09 01:38:42: GET /nsn/fdir.bas - 0ms
2022-06-09 01:38:42:   --> GET /nsn/fdir.bas 404 2ms -
2022-06-09 01:38:45:   <-- GET /...\...\...\...\...\...\...\...\...\winnt\win.ini
2022-06-09 01:38:45: GET /...\...\...\...\...\...\...\...\...\winnt\win.ini - 1ms
2022-06-09 01:38:45:   --> GET /...\...\...\...\...\...\...\...\...\winnt\win.ini 404 1ms -
2022-06-09 01:38:46:   <-- GET /nessus\..\..\..\..\..\..\windows\win.ini
2022-06-09 01:38:46:   xxx GET /nessus\..\..\..\..\..\..\windows\win.ini 403 1ms -
2022-06-09 01:38:46:   <-- GET /nessus\..\..\..\..\..\..\winnt\win.ini
2022-06-09 01:38:46:   xxx GET /nessus\..\..\..\..\..\..\winnt\win.ini 403 0ms -
2022-06-09 01:38:46:   <-- GET /%80../%80../%80../%80../%80../%80../windows/win.ini
2022-06-09 01:38:46:   xxx GET /%80../%80../%80../%80../%80../%80../windows/win.ini 400 1ms -
2022-06-09 01:38:46:   <-- GET /%80../%80../%80../%80../%80../%80../winnt/win.ini
2022-06-09 01:38:46:   xxx GET /%80../%80../%80../%80../%80../%80../winnt/win.ini 400 0ms -
2022-06-09 01:38:46:   <-- GET /%c0.%c0./%c0.%c0./%c0.%c0./%c0.%c0./%c0.%c0./windows/win.ini
2022-06-09 01:38:46:   xxx GET /%c0.%c0./%c0.%c0./%c0.%c0./%c0.%c0./%c0.%c0./windows/win.ini 400 0ms -
2022-06-09 01:38:46:   <-- GET /%c0.%c0./%c0.%c0./%c0.%c0./%c0.%c0./%c0.%c0./winnt/win.ini
2022-06-09 01:38:46:   xxx GET /%c0.%c0./%c0.%c0./%c0.%c0./%c0.%c0./%c0.%c0./winnt/win.ini 400 0ms -
2022-06-09 01:38:46:   <-- GET /%c0%2e%c0%2e/%c0%2e%c0%2e/%c0%2e%c0%2e/%c0%2e%c0%2e/windows/win.ini
2022-06-09 01:38:46:   xxx GET /%c0%2e%c0%2e/%c0%2e%c0%2e/%c0%2e%c0%2e/%c0%2e%c0%2e/windows/win.ini 400 0ms -
2022-06-09 01:38:46:   <-- GET /%c0%2e%c0%2e/%c0%2e%c0%2e/%c0%2e%c0%2e/%c0%2e%c0%2e/winnt/win.ini
2022-06-09 01:38:46:   xxx GET /%c0%2e%c0%2e/%c0%2e%c0%2e/%c0%2e%c0%2e/%c0%2e%c0%2e/winnt/win.ini 400 1ms -
2022-06-09 01:38:46:   <-- GET /%uff0e%uff0e/%uff0e%uff0e/%uff0e%uff0e/%uff0e%uff0e/%uff0e%uff0e/%uff0e%uff0e/%uff0e%uff0e/%uff0e%uff0e/%uff0e%uff0e/%uff0e%uff0e/%uff0e%uff0e/%uff0e%uff0e/windows/win.ini
2022-06-09 01:38:46:   xxx GET /%uff0e%uff0e/%uff0e%uff0e/%uff0e%uff0e/%uff0e%uff0e/%uff0e%uff0e/%uff0e%uff0e/%uff0e%uff0e/%uff0e%uff0e/%uff0e%uff0e/%uff0e%uff0e/%uff0e%uff0e/%uff0e%uff0e/windows/win.ini 400 1ms -
2022-06-09 01:38:46:   <-- GET /%uff0e%uff0e/%uff0e%uff0e/%uff0e%uff0e/%uff0e%uff0e/%uff0e%uff0e/%uff0e%uff0e/%uff0e%uff0e/%uff0e%uff0e/%uff0e%uff0e/%uff0e%uff0e/%uff0e%uff0e/%uff0e%uff0e/winnt/win.ini
2022-06-09 01:38:46:   xxx GET /%uff0e%uff0e/%uff0e%uff0e/%uff0e%uff0e/%uff0e%uff0e/%uff0e%uff0e/%uff0e%uff0e/%uff0e%uff0e/%uff0e%uff0e/%uff0e%uff0e/%uff0e%uff0e/%uff0e%uff0e/%uff0e%uff0e/winnt/win.ini 400 0ms -
2022-06-09 01:38:46:   <-- GET /scripts/fake.cgi?arg=/dir/../../../../../../../../../../../windows/win.ini
2022-06-09 01:38:46: GET /scripts/fake.cgi?arg=/dir/../../../../../../../../../../../windows/win.ini - 0ms
2022-06-09 01:38:46:   --> GET /scripts/fake.cgi?arg=/dir/../../../../../../../../../../../windows/win.ini 404 2ms -
2022-06-09 01:38:48:   <-- GET /nps/servlet/portal
2022-06-09 01:38:48: GET /nps/servlet/portal - 0ms
2022-06-09 01:38:48:   --> GET /nps/servlet/portal 404 1ms -
2022-06-09 01:38:50:   <-- POST /perl/
2022-06-09 01:38:50: POST /perl/ - 1ms
2022-06-09 01:38:50:   --> POST /perl/ 404 1ms -
2022-06-09 01:38:52:   <-- GET /login.php
2022-06-09 01:38:52: GET /login.php - 1ms
2022-06-09 01:38:52:   --> GET /login.php 404 2ms -
2022-06-09 01:38:54:   <-- GET /mod_gzip_status
2022-06-09 01:38:54: GET /mod_gzip_status - 0ms
2022-06-09 01:38:54:   --> GET /mod_gzip_status 404 1ms -
2022-06-09 01:38:56:   <-- GET /
2022-06-09 01:38:56: GET / - 5ms
2022-06-09 01:38:56:   --> GET / 200 5ms 185b
2022-06-09 01:38:56:   <-- GET /
2022-06-09 01:38:56: GET / - 5ms
2022-06-09 01:38:56:   --> GET / 200 6ms 185b
2022-06-09 01:38:57:   <-- GET /
2022-06-09 01:38:57: GET / - 9ms
2022-06-09 01:38:57:   --> GET / 200 9ms 185b
2022-06-09 01:38:58:   <-- GET /LoginPage.do
2022-06-09 01:38:58: GET /LoginPage.do - 1ms
2022-06-09 01:38:58:   --> GET /LoginPage.do 404 3ms -
2022-06-09 01:38:59:   <-- GET /login.do
2022-06-09 01:38:59: GET /login.do - 0ms
2022-06-09 01:38:59:   --> GET /login.do 404 1ms -
2022-06-09 01:39:00:   <-- POST /servlet/GetProductVersion
2022-06-09 01:39:00: POST /servlet/GetProductVersion - 0ms
2022-06-09 01:39:00:   --> POST /servlet/GetProductVersion 404 1ms -
2022-06-09 01:39:00:   <-- POST /servlet/GetProductVersion
2022-06-09 01:39:00: POST /servlet/GetProductVersion - 3ms
2022-06-09 01:39:00:   --> POST /servlet/GetProductVersion 404 4ms -
2022-06-09 01:39:01:   <-- GET /
2022-06-09 01:39:01: GET / - 7ms
2022-06-09 01:39:01:   --> GET / 200 9ms 185b
2022-06-09 01:39:02:   <-- GET /mainui/
2022-06-09 01:39:02: GET /mainui/ - 0ms
2022-06-09 01:39:02:   --> GET /mainui/ 404 2ms -
2022-06-09 01:39:03:   <-- GET /invoker/EJBInvokerServlet
2022-06-09 01:39:03: GET /invoker/EJBInvokerServlet - 0ms
2022-06-09 01:39:03:   --> GET /invoker/EJBInvokerServlet 404 1ms -
2022-06-09 01:39:05:   <-- GET /NASApp/nessus/
2022-06-09 01:39:05: GET /NASApp/nessus/ - 0ms
2022-06-09 01:39:05:   --> GET /NASApp/nessus/ 404 2ms -
2022-06-09 01:39:06:   <-- GET /
2022-06-09 01:39:06: GET / - 8ms
2022-06-09 01:39:06:   --> GET / 200 9ms 185b
2022-06-09 01:39:07:   <-- GET /iissamples/issamples/query.idq
2022-06-09 01:39:07: GET /iissamples/issamples/query.idq - 0ms
2022-06-09 01:39:07:   --> GET /iissamples/issamples/query.idq 404 2ms -
2022-06-09 01:39:08:   <-- GET /scripts/samples/search/filetime.idq
2022-06-09 01:39:08: GET /scripts/samples/search/filetime.idq - 0ms
2022-06-09 01:39:08:   --> GET /scripts/samples/search/filetime.idq 404 2ms -
2022-06-09 01:39:09:   <-- GET /iisadmpwd/aexp2.htr
2022-06-09 01:39:09: GET /iisadmpwd/aexp2.htr - 1ms
2022-06-09 01:39:09:   --> GET /iisadmpwd/aexp2.htr 404 1ms -
2022-06-09 01:39:10:   <-- GET /igsponsor
2022-06-09 01:39:10: GET /igsponsor - 1ms
2022-06-09 01:39:10:   --> GET /igsponsor 404 3ms -
2022-06-09 01:39:11:   <-- GET /
2022-06-09 01:39:11: GET / - 4ms
2022-06-09 01:39:11:   --> GET / 200 6ms 185b
2022-06-09 01:39:12:   <-- GET /ap//
2022-06-09 01:39:12: GET /ap// - 0ms
2022-06-09 01:39:12:   --> GET /ap// 404 1ms -
2022-06-09 01:39:13:   <-- GET /ibmmq/console/nls/en/strings.json
2022-06-09 01:39:13: GET /ibmmq/console/nls/en/strings.json - 1ms
2022-06-09 01:39:13:   --> GET /ibmmq/console/nls/en/strings.json 404 1ms -
2022-06-09 01:39:14:   <-- GET /
2022-06-09 01:39:14: GET / - 9ms
2022-06-09 01:39:14:   --> GET / 200 11ms 185b
2022-06-09 01:39:50:   <-- GET /js/hpsum/hpsum-version.js
2022-06-09 01:39:50: GET /js/hpsum/hpsum-version.js - 1ms
2022-06-09 01:39:50:   --> GET /js/hpsum/hpsum-version.js 404 1ms -
2022-06-09 01:39:51:   <-- GET /xmldata?item=all
2022-06-09 01:39:51: GET /xmldata?item=all - 0ms
2022-06-09 01:39:51:   --> GET /xmldata?item=all 404 1ms -
2022-06-09 01:39:52:   <-- GET /autopass/login_input
2022-06-09 01:39:52: GET /autopass/login_input - 0ms
2022-06-09 01:39:52:   --> GET /autopass/login_input 404 1ms -
2022-06-09 01:39:53:   <-- GET /com/novell/webaccess/WebAccessUninstall.ini
2022-06-09 01:39:53: GET /com/novell/webaccess/WebAccessUninstall.ini - 0ms
2022-06-09 01:39:53:   --> GET /com/novell/webaccess/WebAccessUninstall.ini 404 1ms -
2022-06-09 01:39:54:   <-- GET /
2022-06-09 01:39:54: GET / - 4ms
2022-06-09 01:39:54:   --> GET / 200 4ms 185b
2022-06-09 01:39:57:   <-- GET /
2022-06-09 01:39:57: GET / - 5ms
2022-06-09 01:39:57:   --> GET / 200 7ms 185b
2022-06-09 01:39:58:   <-- GET /login
2022-06-09 01:39:58: GET /login - 0ms
2022-06-09 01:39:58:   --> GET /login 404 1ms -
2022-06-09 01:39:59:   <-- GET /
2022-06-09 01:39:59: GET / - 4ms
2022-06-09 01:39:59:   --> GET / 200 4ms 185b
2022-06-09 01:40:00:   <-- GET /acopia/
2022-06-09 01:40:00: GET /acopia/ - 0ms
2022-06-09 01:40:00:   --> GET /acopia/ 404 1ms -
2022-06-09 01:40:02:   <-- POST /spipe?Source=nessus
2022-06-09 01:40:02: POST /spipe?Source=nessus - 0ms
2022-06-09 01:40:02:   --> POST /spipe?Source=nessus 404 0ms -
2022-06-09 01:40:02:   <-- GET /RSAarcher/Default.aspx
2022-06-09 01:40:02: GET /RSAarcher/Default.aspx - 0ms
2022-06-09 01:40:02:   --> GET /RSAarcher/Default.aspx 404 0ms -
2022-06-09 01:40:03:   <-- POST /cgi-bin/mainfunction.cgi
2022-06-09 01:40:03: POST /cgi-bin/mainfunction.cgi - 1ms
2022-06-09 01:40:03:   --> POST /cgi-bin/mainfunction.cgi 404 1ms -
2022-06-09 01:40:03:   <-- GET /7eJfLGyC.asmx
2022-06-09 01:40:03: GET /7eJfLGyC.asmx - 0ms
2022-06-09 01:40:03:   --> GET /7eJfLGyC.asmx 404 2ms -
2022-06-09 01:40:03:   <-- GET /
2022-06-09 01:40:03: GET / - 4ms
2022-06-09 01:40:03:   --> GET / 200 6ms 185b
2022-06-09 01:40:04:   <-- GET /
2022-06-09 01:40:04: GET / - 5ms
2022-06-09 01:40:04:   --> GET / 200 6ms 185b
2022-06-09 01:40:04:   <-- GET /crossdomain.xml
2022-06-09 01:40:04: GET /crossdomain.xml - 0ms
2022-06-09 01:40:04:   --> GET /crossdomain.xml 404 1ms -
2022-06-09 01:40:05:   <-- GET /CFIDE/administrator/settings/version.cfm
2022-06-09 01:40:05: GET /CFIDE/administrator/settings/version.cfm - 0ms
2022-06-09 01:40:05:   --> GET /CFIDE/administrator/settings/version.cfm 404 1ms -
2022-06-09 01:40:07:   <-- GET /Director
2022-06-09 01:40:07: GET /Director - 0ms
2022-06-09 01:40:07:   --> GET /Director 404 1ms -
2022-06-09 01:40:09:   <-- GET /client/
2022-06-09 01:40:09: GET /client/ - 0ms
2022-06-09 01:40:09:   --> GET /client/ 404 1ms -
2022-06-09 01:40:10:   <-- GET /app/ui/login.jsp
2022-06-09 01:40:11: GET /app/ui/login.jsp - 1ms
2022-06-09 01:40:11:   --> GET /app/ui/login.jsp 404 1ms -
2022-06-09 01:40:12:   <-- GET /
2022-06-09 01:40:12: GET / - 4ms
2022-06-09 01:40:12:   --> GET / 200 4ms 185b
2022-06-09 01:40:13:   <-- GET /
2022-06-09 01:40:13: GET / - 4ms
2022-06-09 01:40:13:   --> GET / 200 5ms 185b
2022-06-09 01:40:14:   <-- GET http://10.180.48.117:9999/authentication/login/
2022-06-09 01:40:14: GET http://10.180.48.117:9999/authentication/login/ - 0ms
2022-06-09 01:40:14:   --> GET http://10.180.48.117:9999/authentication/login/ 404 2ms -
2022-06-09 01:40:15:   <-- GET /
2022-06-09 01:40:15: GET / - 4ms
2022-06-09 01:40:15:   --> GET / 200 6ms 185b
2022-06-09 01:40:16:   <-- GET /
2022-06-09 01:40:16: GET / - 6ms
2022-06-09 01:40:16:   --> GET / 200 6ms 185b
2022-06-09 01:40:17:   <-- GET /
2022-06-09 01:40:17: GET / - 4ms
2022-06-09 01:40:17:   --> GET / 200 6ms 185b
2022-06-09 01:40:19:   <-- GET /securecgi-bin/CSUserCGI.exe?ver
2022-06-09 01:40:19: GET /securecgi-bin/CSUserCGI.exe?ver - 0ms
2022-06-09 01:40:19:   --> GET /securecgi-bin/CSUserCGI.exe?ver 404 1ms -
2022-06-09 01:41:06:   <-- GET /self_upgrade.html
2022-06-09 01:41:06: GET /self_upgrade.html - 1ms
2022-06-09 01:41:06:   --> GET /self_upgrade.html 404 1ms -
2022-06-09 01:41:07:   <-- GET /webapps/login/index.html
2022-06-09 01:41:07: GET /webapps/login/index.html - 0ms
2022-06-09 01:41:07:   --> GET /webapps/login/index.html 404 1ms -
2022-06-09 01:41:08:   <-- GET /
2022-06-09 01:41:08: GET / - 5ms
2022-06-09 01:41:08:   --> GET / 200 5ms 185b
2022-06-09 01:41:08:   <-- GET /.htaccess~
2022-06-09 01:41:08: GET /.htaccess~ - 0ms
2022-06-09 01:41:08:   --> GET /.htaccess~ 404 1ms -
2022-06-09 01:41:08:   <-- GET /web/#/login
2022-06-09 01:41:08: GET /web/#/login - 0ms
2022-06-09 01:41:08:   --> GET /web/#/login 404 1ms -
2022-06-09 01:41:09:   <-- GET /login.php
2022-06-09 01:41:09: GET /login.php - 0ms
2022-06-09 01:41:09:   --> GET /login.php 404 1ms -
2022-06-09 01:41:10:   <-- GET /
2022-06-09 01:41:10: GET / - 6ms
2022-06-09 01:41:10:   --> GET / 200 7ms 185b
2022-06-09 01:44:03:   <-- GET /login/
2022-06-09 01:44:03: GET /login/ - 1ms
2022-06-09 01:44:03:   --> GET /login/ 404 2ms -
2022-06-09 01:44:04:   <-- GET //
2022-06-09 01:44:04:   xxx GET // 400 0ms -
2022-06-09 01:44:05:   <-- GET /courier/web/1000@/wmLogin.html
2022-06-09 01:44:05: GET /courier/web/1000@/wmLogin.html - 0ms
2022-06-09 01:44:05:   --> GET /courier/web/1000@/wmLogin.html 404 2ms -
2022-06-09 01:44:28:   <-- GET /
2022-06-09 01:44:28: GET / - 5ms
2022-06-09 01:44:28:   --> GET / 200 7ms 185b
2022-06-09 01:45:00:   <-- GET /
2022-06-09 01:45:00: GET / - 4ms
2022-06-09 01:45:00:   --> GET / 200 5ms 185b
2022-06-09 01:45:29:   <-- GET /
2022-06-09 01:45:29: GET / - 6ms
2022-06-09 01:45:29:   --> GET / 200 6ms 185b
2022-06-09 01:45:43:   <-- GET /
2022-06-09 01:45:43: GET / - 5ms
2022-06-09 01:45:43:   --> GET / 200 7ms 185b
2022-06-09 01:45:54:   <-- GET /
2022-06-09 01:45:54: GET / - 4ms
2022-06-09 01:45:54:   --> GET / 200 5ms 185b
2022-06-09 01:45:56:   <-- GET /
2022-06-09 01:45:56: GET / - 4ms
2022-06-09 01:45:56:   --> GET / 200 4ms 185b
2022-06-09 01:46:04: chrome 占比 0%
2022-06-09 01:47:34:   <-- GET /
2022-06-09 01:47:34: GET / - 212ms
2022-06-09 01:47:34:   --> GET / 200 218ms 185b
2022-06-09 01:47:35:   <-- GET /login_up.php3?login_name=x&passwd=x&locale_id=../../../../../../../../../../../../boot.ini%00.jpg
2022-06-09 01:47:35: GET /login_up.php3?login_name=x&passwd=x&locale_id=../../../../../../../../../../../../boot.ini%00.jpg - 1ms
2022-06-09 01:47:35:   --> GET /login_up.php3?login_name=x&passwd=x&locale_id=../../../../../../../../../../../../boot.ini%00.jpg 404 3ms -
2022-06-09 01:48:11:   <-- GET /xsql/demo/airport/airport.xsql?xml-stylesheet=none
2022-06-09 01:48:11: GET /xsql/demo/airport/airport.xsql?xml-stylesheet=none - 1ms
2022-06-09 01:48:11:   --> GET /xsql/demo/airport/airport.xsql?xml-stylesheet=none 404 2ms -
2022-06-09 01:48:42:   <-- GET /status.xsl.
2022-06-09 01:48:42: GET /status.xsl. - 0ms
2022-06-09 01:48:42:   --> GET /status.xsl. 404 2ms -
2022-06-09 01:50:32:   <-- GET /
2022-06-09 01:50:32: GET / - 13ms
2022-06-09 01:50:32:   --> GET / 200 14ms 185b
2022-06-09 01:51:30:   <-- GET /logon?onok=%22%3e%3cscript%3ealert('axon_logon_xss.nasl')%3c%2fscript%3e
2022-06-09 01:51:30: GET /logon?onok=%22%3e%3cscript%3ealert('axon_logon_xss.nasl')%3c%2fscript%3e - 1ms
2022-06-09 01:51:30:   --> GET /logon?onok=%22%3e%3cscript%3ealert('axon_logon_xss.nasl')%3c%2fscript%3e 404 1ms -
2022-06-09 01:51:30:   <-- GET /default.asp::$DATA
2022-06-09 01:51:30: GET /default.asp::$DATA - 0ms
2022-06-09 01:51:30:   --> GET /default.asp::$DATA 404 2ms -
2022-06-09 01:51:32:   <-- GET /global.asa
2022-06-09 01:51:32: GET /global.asa - 0ms
2022-06-09 01:51:32:   --> GET /global.asa 404 2ms -
2022-06-09 01:51:33:   <-- GET /index.html
2022-06-09 01:51:33: GET /index.html - 1ms
2022-06-09 01:51:33:   --> GET /index.html 404 2ms -
2022-06-09 09:46:07: chrome 占比 0%
2022-06-09 17:46:08: chrome 占比 0%
2022-06-10 01:46:10: chrome 占比 0%
2022-06-10 09:46:12: chrome 占比 0%
2022-06-10 17:47:17: chrome 占比 0%
