2022-06-06 16:13:12: chrome 占比 0%
2022-06-06 16:13:36: chrome 占比 0%
2022-06-06 16:13:45: chrome 占比 0%
2022-06-06 16:14:17: chrome 占比 0%
2022-06-06 16:14:24: chrome 占比 0%
2022-06-06 16:14:26: chrome 占比 0%
2022-06-06 16:14:57: chrome 占比 0%
2022-06-06 16:15:04: chrome 占比 0%
2022-06-06 18:18:21: chrome 占比 0%
2022-06-06 18:18:31: chrome 占比 0%
2022-06-06 18:18:42: chrome 占比 0%
2022-06-06 18:18:45: chrome 占比 0%
2022-06-06 18:19:40: chrome 占比 0%
2022-06-06 18:20:05: chrome 占比 0%
2022-06-06 18:21:00: chrome 占比 0%
2022-06-06 18:21:05: chrome 占比 0%
2022-06-07 16:07:16: chrome 占比 0%
2022-06-08 14:07:48: chrome 占比 0%
2022-06-08 17:46:02: chrome 占比 0%
2022-06-09 01:37:15:   <-- GET /
2022-06-09 01:37:16: GET / - 234ms
2022-06-09 01:37:16:   --> GET / 200 246ms 185b
2022-06-09 01:37:16:   <-- GET /api/hpe-restapi.json
2022-06-09 01:37:16: GET /api/hpe-restapi.json - 1ms
2022-06-09 01:37:16:   --> GET /api/hpe-restapi.json 404 4ms -
2022-06-09 01:37:49:   <-- GET /
2022-06-09 01:37:49: GET / - 14ms
2022-06-09 01:37:49:   --> GET / 200 16ms 185b
2022-06-09 01:37:51:   <-- GET /login.php
2022-06-09 01:37:51: GET /login.php - 1ms
2022-06-09 01:37:51:   --> GET /login.php 404 3ms -
2022-06-09 01:37:52:   <-- GET /login
2022-06-09 01:37:52: GET /login - 1ms
2022-06-09 01:37:52:   --> GET /login 404 4ms -
2022-06-09 01:37:52:   <-- GET /home.htm
2022-06-09 01:37:52: GET /home.htm - 0ms
2022-06-09 01:37:52:   --> GET /home.htm 404 2ms -
2022-06-09 01:37:52:   <-- GET /loginMsg.js
2022-06-09 01:37:52: GET /loginMsg.js - 1ms
2022-06-09 01:37:52:   --> GET /loginMsg.js 404 2ms -
2022-06-09 01:37:54:   <-- GET /intruvert/jsp/admin/Login.jsp
2022-06-09 01:37:54: GET /intruvert/jsp/admin/Login.jsp - 0ms
2022-06-09 01:37:54:   --> GET /intruvert/jsp/admin/Login.jsp 404 1ms -
2022-06-09 01:37:54:   <-- GET /
2022-06-09 01:37:54: GET / - 10ms
2022-06-09 01:37:54:   --> GET / 200 11ms 185b
2022-06-09 01:37:55:   <-- GET /
2022-06-09 01:37:55: GET / - 7ms
2022-06-09 01:37:55:   --> GET / 200 10ms 185b
2022-06-09 01:38:01:   <-- GET /
2022-06-09 01:38:01: GET / - 9ms
2022-06-09 01:38:01:   --> GET / 200 11ms 185b
2022-06-09 01:38:02:   <-- GET /nessus345678.html
2022-06-09 01:38:02: GET /nessus345678.html - 1ms
2022-06-09 01:38:02:   --> GET /nessus345678.html 404 2ms -
2022-06-09 01:38:02:   <-- SEARCH /
2022-06-09 01:38:02: SEARCH / - 0ms
2022-06-09 01:38:02:   --> SEARCH / 404 1ms -
2022-06-09 01:38:03:   <-- OPTIONS *
2022-06-09 01:38:03: OPTIONS * - 2ms
2022-06-09 01:38:03:   --> OPTIONS * 404 3ms -
2022-06-09 01:38:03:   <-- GET /usage/
2022-06-09 01:38:03: GET /usage/ - 1ms
2022-06-09 01:38:03:   --> GET /usage/ 404 1ms -
2022-06-09 01:38:03:   <-- GET /webalizer/
2022-06-09 01:38:03: GET /webalizer/ - 0ms
2022-06-09 01:38:03:   --> GET /webalizer/ 404 2ms -
2022-06-09 01:38:04:   <-- GET /cfg/shortcuts
2022-06-09 01:38:04: GET /cfg/shortcuts - 0ms
2022-06-09 01:38:04:   --> GET /cfg/shortcuts 404 2ms -
2022-06-09 01:38:05:   <-- GET /
2022-06-09 01:38:05: GET / - 12ms
2022-06-09 01:38:05:   --> GET / 200 14ms 185b
2022-06-09 01:38:05:   <-- GET /
2022-06-09 01:38:05: GET / - 6ms
2022-06-09 01:38:05:   --> GET / 200 7ms 185b
2022-06-09 01:38:06:   <-- GET /menu.htm
2022-06-09 01:38:06: GET /menu.htm - 1ms
2022-06-09 01:38:06:   --> GET /menu.htm 404 2ms -
2022-06-09 01:38:06:   <-- GET //user/index.php
2022-06-09 01:38:06:   xxx GET //user/index.php 400 0ms -
2022-06-09 01:38:07:   <-- GET /login.html
2022-06-09 01:38:07: GET /login.html - 1ms
2022-06-09 01:38:07:   --> GET /login.html 404 1ms -
2022-06-09 01:38:07:   <-- GET /
2022-06-09 01:38:07: GET / - 11ms
2022-06-09 01:38:07:   --> GET / 200 12ms 185b
2022-06-09 01:38:07:   <-- GET /tightvnc-jviewer.jar
2022-06-09 01:38:07: GET /tightvnc-jviewer.jar - 1ms
2022-06-09 01:38:07:   --> GET /tightvnc-jviewer.jar 404 1ms -
2022-06-09 01:38:08:   <-- GET /
2022-06-09 01:38:08: GET / - 7ms
2022-06-09 01:38:08:   --> GET / 200 8ms 185b
2022-06-09 01:38:08:   <-- GET /
2022-06-09 01:38:08: GET / - 7ms
2022-06-09 01:38:08:   --> GET / 200 7ms 185b
2022-06-09 01:38:08:   <-- GET /.svn/entries
2022-06-09 01:38:08: GET /.svn/entries - 0ms
2022-06-09 01:38:08:   --> GET /.svn/entries 404 0ms -
2022-06-09 01:38:09:   <-- GET /
2022-06-09 01:38:09: GET / - 7ms
2022-06-09 01:38:09:   --> GET / 200 8ms 185b
2022-06-09 01:38:10:   <-- GET /login.html
2022-06-09 01:38:10: GET /login.html - 1ms
2022-06-09 01:38:10:   --> GET /login.html 404 2ms -
2022-06-09 01:38:10:   <-- GET /
2022-06-09 01:38:10: GET / - 7ms
2022-06-09 01:38:10:   --> GET / 200 7ms 185b
2022-06-09 01:38:11:   <-- GET /Orion/Login.aspx
2022-06-09 01:38:11: GET /Orion/Login.aspx - 1ms
2022-06-09 01:38:11:   --> GET /Orion/Login.aspx 404 1ms -
2022-06-09 01:38:11:   <-- GET /sitemap.xml
2022-06-09 01:38:11: GET /sitemap.xml - 0ms
2022-06-09 01:38:11:   --> GET /sitemap.xml 404 2ms -
2022-06-09 01:38:11:   <-- GET /sitemap/sitemap.xml
2022-06-09 01:38:11: GET /sitemap/sitemap.xml - 1ms
2022-06-09 01:38:11:   --> GET /sitemap/sitemap.xml 404 1ms -
2022-06-09 01:38:11:   <-- GET /map/sitemap.xml
2022-06-09 01:38:11: GET /map/sitemap.xml - 0ms
2022-06-09 01:38:11:   --> GET /map/sitemap.xml 404 1ms -
2022-06-09 01:38:12:   <-- GET /
2022-06-09 01:38:12: GET / - 12ms
2022-06-09 01:38:12:   --> GET / 200 16ms 185b
2022-06-09 01:38:13:   <-- GET /InitialPage.asp
2022-06-09 01:38:13: GET /InitialPage.asp - 1ms
2022-06-09 01:38:13:   --> GET /InitialPage.asp 404 1ms -
2022-06-09 01:38:15:   <-- GET /
2022-06-09 01:38:15: GET / - 4ms
2022-06-09 01:38:15:   --> GET / 200 5ms 185b
2022-06-09 01:38:16:   <-- GET /
2022-06-09 01:38:16: GET / - 5ms
2022-06-09 01:38:16:   --> GET / 200 7ms 185b
2022-06-09 01:38:18:   <-- POST /sawmillcl.exe
2022-06-09 01:38:18: POST /sawmillcl.exe - 0ms
2022-06-09 01:38:18:   --> POST /sawmillcl.exe 404 1ms -
2022-06-09 01:38:18:   <-- GET /SAPHostControl/?wsdl
2022-06-09 01:38:18: GET /SAPHostControl/?wsdl - 1ms
2022-06-09 01:38:18:   --> GET /SAPHostControl/?wsdl 404 1ms -
2022-06-09 01:38:19:   <-- GET /
2022-06-09 01:38:19: GET / - 8ms
2022-06-09 01:38:19:   --> GET / 200 9ms 185b
2022-06-09 01:38:21:   <-- GET /index.html
2022-06-09 01:38:21: GET /index.html - 1ms
2022-06-09 01:38:21:   --> GET /index.html 404 1ms -
2022-06-09 01:38:23:   <-- GET /cas/login
2022-06-09 01:38:23: GET /cas/login - 0ms
2022-06-09 01:38:23:   --> GET /cas/login 404 1ms -
2022-06-09 01:38:25:   <-- GET /
2022-06-09 01:38:25: GET / - 9ms
2022-06-09 01:38:25:   --> GET / 200 10ms 185b
2022-06-09 01:38:27:   <-- GET /login.htm
2022-06-09 01:38:27: GET /login.htm - 0ms
2022-06-09 01:38:27:   --> GET /login.htm 404 2ms -
2022-06-09 01:38:28:   <-- GET /ossim/session/login.php
2022-06-09 01:38:28: GET /ossim/session/login.php - 0ms
2022-06-09 01:38:28:   --> GET /ossim/session/login.php 404 1ms -
2022-06-09 01:38:29:   <-- GET /
2022-06-09 01:38:29: GET / - 4ms
2022-06-09 01:38:29:   --> GET / 200 6ms 185b
2022-06-09 01:38:30:   <-- GET /
2022-06-09 01:38:30: GET / - 6ms
2022-06-09 01:38:30:   --> GET / 200 6ms 185b
2022-06-09 01:38:34:   <-- GET /portal/pls/portal/PORTAL_DEMO.ORG_CHART.SHOW
2022-06-09 01:38:34: GET /portal/pls/portal/PORTAL_DEMO.ORG_CHART.SHOW - 0ms
2022-06-09 01:38:34:   --> GET /portal/pls/portal/PORTAL_DEMO.ORG_CHART.SHOW 404 1ms -
2022-06-09 01:38:35:   <-- GET /portal/pls/portal/DEV7_PORTAL_DEMO.ORG_CHART.SHOW
2022-06-09 01:38:35: GET /portal/pls/portal/DEV7_PORTAL_DEMO.ORG_CHART.SHOW - 0ms
2022-06-09 01:38:35:   --> GET /portal/pls/portal/DEV7_PORTAL_DEMO.ORG_CHART.SHOW 404 1ms -
2022-06-09 01:38:35:   <-- GET /pls/portal/DEV4_PORTAL_DEMO.ORG_CHART.SHOW
2022-06-09 01:38:35: GET /pls/portal/DEV4_PORTAL_DEMO.ORG_CHART.SHOW - 0ms
2022-06-09 01:38:35:   --> GET /pls/portal/DEV4_PORTAL_DEMO.ORG_CHART.SHOW 404 2ms -
2022-06-09 01:38:36:   <-- GET /
2022-06-09 01:38:36: GET / - 5ms
2022-06-09 01:38:36:   --> GET / 200 5ms 185b
2022-06-09 01:38:37:   <-- GET /
2022-06-09 01:38:37: GET / - 8ms
2022-06-09 01:38:37:   --> GET / 200 10ms 185b
2022-06-09 01:38:39:   <-- GET /
2022-06-09 01:38:39: GET / - 6ms
2022-06-09 01:38:39:   --> GET / 200 7ms 185b
2022-06-09 01:38:40:   <-- GET /
2022-06-09 01:38:40: GET / - 7ms
2022-06-09 01:38:40:   --> GET / 200 9ms 185b
2022-06-09 01:38:45:   <-- GET /...\...\...\...\...\...\...\...\...\windows\win.ini
2022-06-09 01:38:45: GET /...\...\...\...\...\...\...\...\...\windows\win.ini - 0ms
2022-06-09 01:38:45:   --> GET /...\...\...\...\...\...\...\...\...\windows\win.ini 404 1ms -
2022-06-09 01:38:48:   <-- GET /
2022-06-09 01:38:48: GET / - 5ms
2022-06-09 01:38:48:   --> GET / 200 7ms 185b
2022-06-09 01:38:50:   <-- GET /examples/jsp/source.jsp?%2e%2e/%2e%2e/%2e%2e/%2e%2e/system/autoexec.ncf
2022-06-09 01:38:50: GET /examples/jsp/source.jsp?%2e%2e/%2e%2e/%2e%2e/%2e%2e/system/autoexec.ncf - 0ms
2022-06-09 01:38:50:   --> GET /examples/jsp/source.jsp?%2e%2e/%2e%2e/%2e%2e/%2e%2e/system/autoexec.ncf 404 1ms -
2022-06-09 01:38:51:   <-- GET /nps/servlet/portalservice
2022-06-09 01:38:51: GET /nps/servlet/portalservice - 1ms
2022-06-09 01:38:51:   --> GET /nps/servlet/portalservice 404 2ms -
2022-06-09 01:38:52:   <-- GET /
2022-06-09 01:38:52: GET / - 11ms
2022-06-09 01:38:52:   --> GET / 200 11ms 185b
2022-06-09 01:38:54:   <-- GET /
2022-06-09 01:38:54: GET / - 8ms
2022-06-09 01:38:54:   --> GET / 200 9ms 185b
2022-06-09 01:38:55:   <-- GET /reporter/client.jsp
2022-06-09 01:38:55: GET /reporter/client.jsp - 0ms
2022-06-09 01:38:55:   --> GET /reporter/client.jsp 404 2ms -
2022-06-09 01:38:56:   <-- GET /
2022-06-09 01:38:56: GET / - 4ms
2022-06-09 01:38:56:   --> GET / 200 5ms 185b
2022-06-09 01:38:57:   <-- GET /
2022-06-09 01:38:57: GET / - 8ms
2022-06-09 01:38:57:   --> GET / 200 9ms 185b
2022-06-09 01:38:58:   <-- GET /PassTrixMain.cc
2022-06-09 01:38:58: GET /PassTrixMain.cc - 1ms
2022-06-09 01:38:58:   --> GET /PassTrixMain.cc 404 1ms -
2022-06-09 01:38:58:   <-- GET /
2022-06-09 01:38:58: GET / - 5ms
2022-06-09 01:38:58:   --> GET / 200 6ms 185b
2022-06-09 01:38:59:   <-- GET /
2022-06-09 01:38:59: GET / - 5ms
2022-06-09 01:38:59:   --> GET / 200 6ms 185b
2022-06-09 01:39:00:   <-- GET /index.do
2022-06-09 01:39:00: GET /index.do - 1ms
2022-06-09 01:39:00:   --> GET /index.do 404 1ms -
2022-06-09 01:39:00:   <-- GET /
2022-06-09 01:39:00: GET / - 9ms
2022-06-09 01:39:00:   --> GET / 200 11ms 185b
2022-06-09 01:39:01:   <-- GET /smconf.nsf
2022-06-09 01:39:01: GET /smconf.nsf - 0ms
2022-06-09 01:39:01:   --> GET /smconf.nsf 404 2ms -
2022-06-09 01:39:01:   <-- GET /smadmr5.nsf
2022-06-09 01:39:01: GET /smadmr5.nsf - 0ms
2022-06-09 01:39:01:   --> GET /smadmr5.nsf 404 2ms -
2022-06-09 01:39:01:   <-- GET /smency.nsf
2022-06-09 01:39:01: GET /smency.nsf - 0ms
2022-06-09 01:39:01:   --> GET /smency.nsf 404 2ms -
2022-06-09 01:39:01:   <-- GET /smftypes.nsf
2022-06-09 01:39:01: GET /smftypes.nsf - 0ms
2022-06-09 01:39:01:   --> GET /smftypes.nsf 404 2ms -
2022-06-09 01:39:01:   <-- GET /smsmvlog.nsf
2022-06-09 01:39:01: GET /smsmvlog.nsf - 0ms
2022-06-09 01:39:01:   --> GET /smsmvlog.nsf 404 2ms -
2022-06-09 01:39:01:   <-- GET /smhelp.nsf
2022-06-09 01:39:01: GET /smhelp.nsf - 0ms
2022-06-09 01:39:01:   --> GET /smhelp.nsf 404 2ms -
2022-06-09 01:39:01:   <-- GET /smmsg.nsf
2022-06-09 01:39:01: GET /smmsg.nsf - 0ms
2022-06-09 01:39:01:   --> GET /smmsg.nsf 404 3ms -
2022-06-09 01:39:01:   <-- GET /smtime.nsf
2022-06-09 01:39:01: GET /smtime.nsf - 0ms
2022-06-09 01:39:01:   --> GET /smtime.nsf 404 2ms -
2022-06-09 01:39:01:   <-- GET /smquar.nsf
2022-06-09 01:39:01: GET /smquar.nsf - 0ms
2022-06-09 01:39:01:   --> GET /smquar.nsf 404 3ms -
2022-06-09 01:39:02:   <-- GET /
2022-06-09 01:39:02: GET / - 5ms
2022-06-09 01:39:02:   --> GET / 200 5ms 185b
2022-06-09 01:39:03:   <-- GET /
2022-06-09 01:39:03: GET / - 4ms
2022-06-09 01:39:03:   --> GET / 200 5ms 185b
2022-06-09 01:39:05:   <-- GET /
2022-06-09 01:39:05: GET / - 3ms
2022-06-09 01:39:05:   --> GET / 200 4ms 185b
2022-06-09 01:39:06:   <-- GET /
2022-06-09 01:39:06: GET / - 5ms
2022-06-09 01:39:06:   --> GET / 200 6ms 185b
2022-06-09 01:39:06:   <-- GET /
2022-06-09 01:39:06: GET / - 5ms
2022-06-09 01:39:06:   --> GET / 200 6ms 185b
2022-06-09 01:39:07:   <-- GET /iissamples/issamples/fastq.idq
2022-06-09 01:39:07: GET /iissamples/issamples/fastq.idq - 0ms
2022-06-09 01:39:07:   --> GET /iissamples/issamples/fastq.idq 404 1ms -
2022-06-09 01:39:08:   <-- GET /scripts/samples/search/filesize.idq
2022-06-09 01:39:08: GET /scripts/samples/search/filesize.idq - 0ms
2022-06-09 01:39:08:   --> GET /scripts/samples/search/filesize.idq 404 2ms -
2022-06-09 01:39:09:   <-- GET /iisadmpwd/aexp.htr
2022-06-09 01:39:09: GET /iisadmpwd/aexp.htr - 1ms
2022-06-09 01:39:09:   --> GET /iisadmpwd/aexp.htr 404 3ms -
2022-06-09 01:39:10:   <-- GET /
2022-06-09 01:39:10: GET / - 4ms
2022-06-09 01:39:10:   --> GET / 200 4ms 185b
2022-06-09 01:39:11:   <-- GET /mail/
2022-06-09 01:39:11: GET /mail/ - 0ms
2022-06-09 01:39:11:   --> GET /mail/ 404 2ms -
2022-06-09 01:39:11:   <-- GET //
2022-06-09 01:39:11:   xxx GET // 400 1ms -
2022-06-09 01:39:11:   <-- GET /tsp//
2022-06-09 01:39:11: GET /tsp// - 0ms
2022-06-09 01:39:11:   --> GET /tsp// 404 2ms -
2022-06-09 01:39:13:   <-- GET /ibmmq/console/login.html
2022-06-09 01:39:13: GET /ibmmq/console/login.html - 0ms
2022-06-09 01:39:13:   --> GET /ibmmq/console/login.html 404 2ms -
2022-06-09 01:39:43:   <-- GET /
2022-06-09 01:39:43: GET / - 4ms
2022-06-09 01:39:43:   --> GET / 200 6ms 185b
2022-06-09 01:39:50:   <-- GET /js/hpsum/hpsum-version.js
2022-06-09 01:39:50: GET /js/hpsum/hpsum-version.js - 1ms
2022-06-09 01:39:50:   --> GET /js/hpsum/hpsum-version.js 404 3ms -
2022-06-09 01:39:51:   <-- GET /
2022-06-09 01:39:51: GET / - 3ms
2022-06-09 01:39:51:   --> GET / 200 4ms 185b
2022-06-09 01:39:53:   <-- GET /
2022-06-09 01:39:53: GET / - 4ms
2022-06-09 01:39:53:   --> GET / 200 5ms 185b
2022-06-09 01:39:54:   <-- GET /
2022-06-09 01:39:54: GET / - 3ms
2022-06-09 01:39:54:   --> GET / 200 3ms 185b
2022-06-09 01:39:57:   <-- GET /ews/index.htm
2022-06-09 01:39:57: GET /ews/index.htm - 0ms
2022-06-09 01:39:57:   --> GET /ews/index.htm 404 1ms -
2022-06-09 01:39:58:   <-- GET /images/logon_merge.gif
2022-06-09 01:39:58: GET /images/logon_merge.gif - 0ms
2022-06-09 01:39:58:   --> GET /images/logon_merge.gif 404 1ms -
2022-06-09 01:39:59:   <-- GET /features
2022-06-09 01:39:59: GET /features - 0ms
2022-06-09 01:39:59:   --> GET /features 404 1ms -
2022-06-09 01:40:00:   <-- GET /
2022-06-09 01:40:00: GET / - 4ms
2022-06-09 01:40:00:   --> GET / 200 5ms 185b
2022-06-09 01:40:01:   <-- GET /
2022-06-09 01:40:01: GET / - 5ms
2022-06-09 01:40:01:   --> GET / 200 5ms 185b
2022-06-09 01:40:02:   <-- GET /SE/EMC_SE.swf
2022-06-09 01:40:02: GET /SE/EMC_SE.swf - 0ms
2022-06-09 01:40:02:   --> GET /SE/EMC_SE.swf 404 2ms -
2022-06-09 01:40:03:   <-- GET /
2022-06-09 01:40:03: GET / - 4ms
2022-06-09 01:40:03:   --> GET / 200 6ms 185b
2022-06-09 01:40:03:   <-- GET /
2022-06-09 01:40:03: GET / - 4ms
2022-06-09 01:40:03:   --> GET / 200 4ms 185b
2022-06-09 01:40:03:   <-- GET /
2022-06-09 01:40:03: GET / - 4ms
2022-06-09 01:40:03:   --> GET / 200 5ms 185b
2022-06-09 01:40:04:   <-- GET /
2022-06-09 01:40:04: GET / - 4ms
2022-06-09 01:40:04:   --> GET / 200 4ms 185b
2022-06-09 01:40:04:   <-- OPTIONS *
2022-06-09 01:40:04: OPTIONS * - 0ms
2022-06-09 01:40:04:   --> OPTIONS * 404 1ms -
2022-06-09 01:40:04:   <-- GET /
2022-06-09 01:40:04: GET / - 5ms
2022-06-09 01:40:04:   --> GET / 200 6ms 185b
2022-06-09 01:40:05:   <-- GET /
2022-06-09 01:40:05: GET / - 4ms
2022-06-09 01:40:05:   --> GET / 200 5ms 185b
2022-06-09 01:40:07:   <-- GET /
2022-06-09 01:40:07: GET / - 3ms
2022-06-09 01:40:07:   --> GET / 200 4ms 185b
2022-06-09 01:40:09:   <-- GET /
2022-06-09 01:40:09: GET / - 4ms
2022-06-09 01:40:09:   --> GET / 200 4ms 185b
2022-06-09 01:40:10:   <-- GET /
2022-06-09 01:40:10: GET / - 3ms
2022-06-09 01:40:10:   --> GET / 200 4ms 185b
2022-06-09 01:40:12:   <-- GET /system.xml
2022-06-09 01:40:12: GET /system.xml - 0ms
2022-06-09 01:40:12:   --> GET /system.xml 404 1ms -
2022-06-09 01:40:13:   <-- GET /login.html
2022-06-09 01:40:13: GET /login.html - 0ms
2022-06-09 01:40:13:   --> GET /login.html 404 1ms -
2022-06-09 01:40:14:   <-- GET /
2022-06-09 01:40:14: GET / - 5ms
2022-06-09 01:40:14:   --> GET / 200 8ms 185b
2022-06-09 01:40:15:   <-- GET /dfcweb/lib/cupm/nls/applicationproperties.js
2022-06-09 01:40:15: GET /dfcweb/lib/cupm/nls/applicationproperties.js - 0ms
2022-06-09 01:40:15:   --> GET /dfcweb/lib/cupm/nls/applicationproperties.js 404 2ms -
2022-06-09 01:40:16:   <-- GET /login.html
2022-06-09 01:40:16: GET /login.html - 0ms
2022-06-09 01:40:16:   --> GET /login.html 404 1ms -
2022-06-09 01:40:17:   <-- GET /login.html
2022-06-09 01:40:17: GET /login.html - 1ms
2022-06-09 01:40:17:   --> GET /login.html 404 1ms -
2022-06-09 01:40:18:   <-- GET /nls/ApplicationProperties-en.json
2022-06-09 01:40:18: GET /nls/ApplicationProperties-en.json - 0ms
2022-06-09 01:40:18:   --> GET /nls/ApplicationProperties-en.json 404 1ms -
2022-06-09 01:41:06:   <-- GET /admin/
2022-06-09 01:41:06: GET /admin/ - 0ms
2022-06-09 01:41:06:   --> GET /admin/ 404 1ms -
2022-06-09 01:41:06:   <-- GET /login.html
2022-06-09 01:41:06: GET /login.html - 0ms
2022-06-09 01:41:06:   --> GET /login.html 404 1ms -
2022-06-09 01:41:07:   <-- GET /
2022-06-09 01:41:07: GET / - 4ms
2022-06-09 01:41:07:   --> GET / 200 4ms 185b
2022-06-09 01:41:07:   <-- GET /header.php
2022-06-09 01:41:07: GET /header.php - 0ms
2022-06-09 01:41:07:   --> GET /header.php 404 2ms -
2022-06-09 01:41:08:   <-- GET /.htaccess.bak
2022-06-09 01:41:08: GET /.htaccess.bak - 0ms
2022-06-09 01:41:08:   --> GET /.htaccess.bak 404 1ms -
2022-06-09 01:41:08:   <-- GET /
2022-06-09 01:41:08: GET / - 4ms
2022-06-09 01:41:08:   --> GET / 200 4ms 185b
2022-06-09 01:41:09:   <-- GET /
2022-06-09 01:41:09: GET / - 4ms
2022-06-09 01:41:09:   --> GET / 200 5ms 185b
2022-06-09 01:41:10:   <-- GET /pluto/portal/
2022-06-09 01:41:10: GET /pluto/portal/ - 0ms
2022-06-09 01:41:10:   --> GET /pluto/portal/ 404 2ms -
2022-06-09 01:44:03:   <-- GET /
2022-06-09 01:44:03: GET / - 5ms
2022-06-09 01:44:03:   --> GET / 200 6ms 185b
2022-06-09 01:44:05:   <-- GET /
2022-06-09 01:44:05: GET / - 5ms
2022-06-09 01:44:05:   --> GET / 200 6ms 185b
2022-06-09 01:45:00:   <-- GET /Websense/cgi-bin/WsCgiLogin.exe?Page=login&UserName=nessus%22%3e%3cscript%3ealert('websense_username_xss.nasl')%3c%2fscript%3e
2022-06-09 01:45:00: GET /Websense/cgi-bin/WsCgiLogin.exe?Page=login&UserName=nessus%22%3e%3cscript%3ealert('websense_username_xss.nasl')%3c%2fscript%3e - 0ms
2022-06-09 01:45:00:   --> GET /Websense/cgi-bin/WsCgiLogin.exe?Page=login&UserName=nessus%22%3e%3cscript%3ealert('websense_username_xss.nasl')%3c%2fscript%3e 404 2ms -
2022-06-09 01:45:42:   <-- GET /home.jsf?autoScroll=0%2c275)%3b%2f%2f--%3e%3c%2fscript%3e%3cscript%3ealert('myfaces_tomahawk_autoscroll_xss.nasl'
2022-06-09 01:45:42: GET /home.jsf?autoScroll=0%2c275)%3b%2f%2f--%3e%3c%2fscript%3e%3cscript%3ealert('myfaces_tomahawk_autoscroll_xss.nasl' - 0ms
2022-06-09 01:45:42:   --> GET /home.jsf?autoScroll=0%2c275)%3b%2f%2f--%3e%3c%2fscript%3e%3cscript%3ealert('myfaces_tomahawk_autoscroll_xss.nasl' 404 2ms -
2022-06-09 01:45:43:   <-- GET /
2022-06-09 01:45:43: GET / - 5ms
2022-06-09 01:45:43:   --> GET / 200 5ms 185b
2022-06-09 01:45:55:   <-- GET /scripts/w3who.dll
2022-06-09 01:45:55: GET /scripts/w3who.dll - 0ms
2022-06-09 01:45:55:   --> GET /scripts/w3who.dll 404 2ms -
2022-06-09 01:45:56:   <-- GET /struts/webconsole.html
2022-06-09 01:45:56: GET /struts/webconsole.html - 0ms
2022-06-09 01:45:56:   --> GET /struts/webconsole.html 404 1ms -
2022-06-09 01:46:04: chrome 占比 0%
2022-06-09 01:46:16:   <-- GET /
2022-06-09 01:46:17: GET / - 380ms
2022-06-09 01:46:17:   --> GET / 200 385ms 185b
2022-06-09 01:47:33:   <-- GET //${1819305918+5}.action
2022-06-09 01:47:33:   xxx GET //${1819305918+5}.action 400 1ms -
2022-06-09 01:47:35:   <-- GET /
2022-06-09 01:47:35: GET / - 13ms
2022-06-09 01:47:35:   --> GET / 200 15ms 185b
2022-06-09 01:48:11:   <-- GET /
2022-06-09 01:48:11: GET / - 7ms
2022-06-09 01:48:11:   --> GET / 200 9ms 185b
2022-06-09 01:48:11:   <-- GET /
2022-06-09 01:48:11: GET / - 5ms
2022-06-09 01:48:11:   --> GET / 200 7ms 185b
2022-06-09 01:48:42:   <-- GET /
2022-06-09 01:48:42: GET / - 9ms
2022-06-09 01:48:42:   --> GET / 200 11ms 185b
2022-06-09 01:49:12:   <-- GET /.%252e/.%252e/.%252e/.%252e/winnt/win.ini
2022-06-09 01:49:12: GET /.%252e/.%252e/.%252e/.%252e/winnt/win.ini - 1ms
2022-06-09 01:49:12:   --> GET /.%252e/.%252e/.%252e/.%252e/winnt/win.ini 404 2ms -
2022-06-09 01:50:32:   <-- GET /CFIDE/administrator/index.cfm
2022-06-09 01:50:32: GET /CFIDE/administrator/index.cfm - 1ms
2022-06-09 01:50:32:   --> GET /CFIDE/administrator/index.cfm 404 2ms -
2022-06-09 01:51:30:   <-- GET /
2022-06-09 01:51:30: GET / - 16ms
2022-06-09 01:51:30:   --> GET / 200 17ms 185b
2022-06-09 01:51:30:   <-- GET /
2022-06-09 01:51:30: GET / - 7ms
2022-06-09 01:51:30:   --> GET / 200 8ms 185b
2022-06-09 01:51:32:   <-- GET /trace.axd
2022-06-09 01:51:32: GET /trace.axd - 1ms
2022-06-09 01:51:32:   --> GET /trace.axd 404 2ms -
2022-06-09 01:51:33:   <-- GET /
2022-06-09 01:51:33: GET / - 8ms
2022-06-09 01:51:33:   --> GET / 200 10ms 185b
2022-06-09 09:46:07: chrome 占比 0%
2022-06-09 17:46:08: chrome 占比 0%
2022-06-10 01:46:10: chrome 占比 0%
2022-06-10 09:46:12: chrome 占比 0%
2022-06-10 17:47:17: chrome 占比 0%
